Log file open, 07/12/18 13:28:05
LogWindows: Failed to load 'aqProf.dll' (GetLastError=126)
LogWindows: File 'aqProf.dll' does not exist
LogWindows: Failed to load 'VtuneApi.dll' (GetLastError=126)
LogWindows: File 'VtuneApi.dll' does not exist
LogWindows: Failed to load 'VtuneApi32e.dll' (GetLastError=126)
LogWindows: File 'VtuneApi32e.dll' does not exist
LogInit: Display: Running engine for game: DGame
LogPlatformFile: Not using cached read wrapper
LogInit: Display: RandInit(127374894) SRandInit(127374894).
LogInit: Read version file with build ID 'b18491ae-a27b-4abc-bef7-00616cdae016'
LogInit: Registered custom module enumerator with build ID 'b18491ae-a27b-4abc-bef7-00616cdae016'
LogTaskGraph: Started task graph with 5 named threads and 23 total threads with 3 sets of task threads.
LogStats: Stats thread started at 0.260268
LogD3D11RHI: Aftermath initialized
LogICUInternationalization: Display: ICU TimeZone Detection - Raw Offset: +8:00, Platform Override: ''
LogPluginManager: Mounting plugin Paper2D
LogPluginManager: Mounting plugin LiveLink
LogPluginManager: Mounting plugin LightPropagationVolume
LogPluginManager: Mounting plugin CLionSourceCodeAccess
LogPluginManager: Mounting plugin CodeLiteSourceCodeAccess
LogPluginManager: Mounting plugin GitSourceControl
LogPluginManager: Mounting plugin KDevelopSourceCodeAccess
LogPluginManager: Mounting plugin NullSourceCodeAccess
LogPluginManager: Mounting plugin PerforceSourceControl
LogPluginManager: Mounting plugin SubversionSourceControl
LogPluginManager: Mounting plugin UObjectPlugin
LogPluginManager: Mounting plugin VisualStudioCodeSourceCodeAccess
LogPluginManager: Mounting plugin VisualStudioSourceCodeAccess
LogPluginManager: Mounting plugin XCodeSourceCodeAccess
LogPluginManager: Mounting plugin AssetManagerEditor
LogPluginManager: Mounting plugin CryptoKeys
LogPluginManager: Mounting plugin DataValidation
LogPluginManager: Mounting plugin FacialAnimation
LogPluginManager: Mounting plugin GameplayTagsEditor
LogPluginManager: Mounting plugin MobileLauncherProfileWizard
LogPluginManager: Mounting plugin PluginBrowser
LogPluginManager: Mounting plugin SpeedTreeImporter
LogPluginManager: Mounting plugin DatasmithContent
LogPluginManager: Mounting plugin AlembicImporter
LogPluginManager: Mounting plugin CharacterAI
LogPluginManager: Mounting plugin HTML5Networking
LogPluginManager: Mounting plugin AndroidMedia
LogPluginManager: Mounting plugin AvfMedia
LogPluginManager: Mounting plugin ImgMedia
LogPluginManager: Mounting plugin LinearTimecode
LogPluginManager: Mounting plugin MediaCompositing
LogPluginManager: Mounting plugin MediaPlayerEditor
LogPluginManager: Mounting plugin WmfMedia
LogPluginManager: Mounting plugin TcpMessaging
LogPluginManager: Mounting plugin UdpMessaging
LogPluginManager: Mounting plugin ActorSequence
LogPluginManager: Mounting plugin LevelSequenceEditor
LogPluginManager: Mounting plugin MatineeToLevelSequence
LogPluginManager: Mounting plugin NetcodeUnitTest
LogPluginManager: Mounting plugin NUTUnrealEngine4
LogPluginManager: Mounting plugin OnlineSubsystemGooglePlay
LogPluginManager: Mounting plugin OnlineSubsystemIOS
LogPluginManager: Mounting plugin OnlineSubsystem
LogPluginManager: Mounting plugin OnlineSubsystemNull
LogPluginManager: Mounting plugin OnlineSubsystemUtils
LogPluginManager: Mounting plugin AndroidDeviceProfileSelector
LogPluginManager: Mounting plugin AndroidMoviePlayer
LogPluginManager: Mounting plugin AndroidPermission
LogPluginManager: Mounting plugin AppleARKit
LogPluginManager: Mounting plugin AppleMoviePlayer
LogPluginManager: Mounting plugin ArchVisCharacter
LogPluginManager: Mounting plugin AudioCapture
LogPluginManager: Mounting plugin CableComponent
LogPluginManager: Mounting plugin CustomMeshComponent
LogPluginManager: Mounting plugin ExampleDeviceProfileSelector
LogPluginManager: Mounting plugin GoogleCloudMessaging
LogPluginManager: Mounting plugin ImmediatePhysics
LogPluginManager: Mounting plugin IOSDeviceProfileSelector
LogPluginManager: Mounting plugin LinuxDeviceProfileSelector
LogPluginManager: Mounting plugin LocationServicesBPLibrary
LogPluginManager: Mounting plugin MobilePatchingUtils
LogPluginManager: Mounting plugin OculusVR
LogPluginManager: Plugin shader directory ../../../Engine/Plugins/Runtime/Oculus/OculusVR/Shaders found
LogPluginManager: Mapping shader source directory ../../../Engine/Plugins/Runtime/Oculus/OculusVR/Shaders to virtual directory /Plugin/OculusVR
LogPluginManager: Mounting plugin PhysXVehicles
LogPluginManager: Mounting plugin ProceduralMeshComponent
LogPluginManager: Mounting plugin RuntimePhysXCooking
LogPluginManager: Mounting plugin SteamVR
LogPluginManager: Mounting plugin WindowsMoviePlayer
LogStreaming: Display: Took  0.106s to configure plugins.
LogModuleManager: Warning: Module file E:/ue4/DGame/Binaries/Win64/UE4Editor-DGame-6567.dll is missing. This is likely a stale module that must be recompiled.
LogModuleManager: Display: Found up-to-date module file ../../../Engine/Plugins/2D/Paper2D/Binaries/Win64/UE4Editor-Paper2D.dll (API version 0).
LogModuleManager: Display: Found up-to-date module file ../../../Engine/Plugins/2D/Paper2D/Binaries/Win64/UE4Editor-Paper2DEditor.dll (API version 0).
LogModuleManager: Display: Found up-to-date module file ../../../Engine/Plugins/2D/Paper2D/Binaries/Win64/UE4Editor-PaperSpriteSheetImporter.dll (API version 0).
LogModuleManager: Display: Found up-to-date module file ../../../Engine/Plugins/2D/Paper2D/Binaries/Win64/UE4Editor-PaperTiledImporter.dll (API version 0).
LogModuleManager: Display: Found up-to-date module file ../../../Engine/Plugins/2D/Paper2D/Binaries/Win64/UE4Editor-SmartSnapping.dll (API version 0).
LogModuleManager: Display: Found up-to-date module file ../../../Engine/Plugins/Animation/LiveLink/Binaries/Win64/UE4Editor-LiveLink.dll (API version 0).
LogModuleManager: Display: Found up-to-date module file ../../../Engine/Plugins/Animation/LiveLink/Binaries/Win64/UE4Editor-LiveLinkEditor.dll (API version 0).
LogModuleManager: Display: Found up-to-date module file ../../../Engine/Plugins/Blendables/LightPropagationVolume/Binaries/Win64/UE4Editor-LightPropagationVolumeRuntime.dll (API version 0).
LogModuleManager: Display: Found up-to-date module file ../../../Engine/Plugins/Blendables/LightPropagationVolume/Binaries/Win64/UE4Editor-LightPropagationVolumeEditor.dll (API version 0).
LogModuleManager: Display: Found up-to-date module file ../../../Engine/Plugins/Developer/CLionSourceCodeAccess/Binaries/Win64/UE4Editor-CLionSourceCodeAccess.dll (API version 0).
LogModuleManager: Display: Found up-to-date module file ../../../Engine/Plugins/Developer/GitSourceControl/Binaries/Win64/UE4Editor-GitSourceControl.dll (API version 0).
LogModuleManager: Display: Found up-to-date module file ../../../Engine/Plugins/Developer/PerforceSourceControl/Binaries/Win64/UE4Editor-PerforceSourceControl.dll (API version 0).
LogModuleManager: Display: Found up-to-date module file ../../../Engine/Plugins/Developer/SubversionSourceControl/Binaries/Win64/UE4Editor-SubversionSourceControl.dll (API version 0).
LogModuleManager: Display: Found up-to-date module file ../../../Engine/Plugins/Developer/UObjectPlugin/Binaries/Win64/UE4Editor-UObjectPlugin.dll (API version 0).
LogModuleManager: Display: Found up-to-date module file ../../../Engine/Plugins/Developer/VisualStudioCodeSourceCodeAccess/Binaries/Win64/UE4Editor-VisualStudioCodeSourceCodeAccess.dll (API version 0).
LogModuleManager: Display: Found up-to-date module file ../../../Engine/Plugins/Developer/VisualStudioSourceCodeAccess/Binaries/Win64/UE4Editor-VisualStudioSourceCodeAccess.dll (API version 0).
LogModuleManager: Display: Found up-to-date module file ../../../Engine/Plugins/Editor/AssetManagerEditor/Binaries/Win64/UE4Editor-AssetManagerEditor.dll (API version 0).
LogModuleManager: Display: Found up-to-date module file ../../../Engine/Plugins/Editor/CryptoKeys/Binaries/Win64/UE4Editor-CryptoKeys.dll (API version 0).
LogModuleManager: Display: Found up-to-date module file ../../../Engine/Plugins/Editor/CryptoKeys/Binaries/Win64/UE4Editor-CryptoKeysOpenSSL.dll (API version 0).
LogModuleManager: Display: Found up-to-date module file ../../../Engine/Plugins/Editor/DataValidation/Binaries/Win64/UE4Editor-DataValidation.dll (API version 0).
LogModuleManager: Display: Found up-to-date module file ../../../Engine/Plugins/Editor/FacialAnimation/Binaries/Win64/UE4Editor-FacialAnimation.dll (API version 0).
LogModuleManager: Display: Found up-to-date module file ../../../Engine/Plugins/Editor/FacialAnimation/Binaries/Win64/UE4Editor-FacialAnimationEditor.dll (API version 0).
LogModuleManager: Display: Found up-to-date module file ../../../Engine/Plugins/Editor/GameplayTagsEditor/Binaries/Win64/UE4Editor-GameplayTagsEditor.dll (API version 0).
LogModuleManager: Display: Found up-to-date module file ../../../Engine/Plugins/Editor/MobileLauncherProfileWizard/Binaries/Win64/UE4Editor-MobileLauncherProfileWizard.dll (API version 0).
LogModuleManager: Display: Found up-to-date module file ../../../Engine/Plugins/Editor/PluginBrowser/Binaries/Win64/UE4Editor-PluginBrowser.dll (API version 0).
LogModuleManager: Display: Found up-to-date module file ../../../Engine/Plugins/Editor/SpeedTreeImporter/Binaries/Win64/UE4Editor-SpeedTreeImporter.dll (API version 0).
LogModuleManager: Display: Found up-to-date module file ../../../Engine/Plugins/Enterprise/DatasmithContent/Binaries/Win64/UE4Editor-DatasmithContent.dll (API version 0).
LogModuleManager: Display: Found up-to-date module file ../../../Engine/Plugins/Experimental/AlembicImporter/Binaries/Win64/UE4Editor-AlembicImporter.dll (API version 0).
LogModuleManager: Display: Found up-to-date module file ../../../Engine/Plugins/Experimental/AlembicImporter/Binaries/Win64/UE4Editor-AlembicLibrary.dll (API version 0).
LogModuleManager: Display: Found up-to-date module file ../../../Engine/Plugins/Experimental/CharacterAI/Binaries/Win64/UE4Editor-CharacterAI.dll (API version 0).
LogModuleManager: Display: Found up-to-date module file ../../../Engine/Plugins/Experimental/HTML5Networking/Binaries/Win64/UE4Editor-HTML5Networking.dll (API version 0).
LogModuleManager: Display: Found up-to-date module file ../../../Engine/Plugins/Media/AndroidMedia/Binaries/Win64/UE4Editor-AndroidMediaEditor.dll (API version 0).
LogModuleManager: Display: Found up-to-date module file ../../../Engine/Plugins/Media/AndroidMedia/Binaries/Win64/UE4Editor-AndroidMediaFactory.dll (API version 0).
LogModuleManager: Display: Found up-to-date module file ../../../Engine/Plugins/Media/AvfMedia/Binaries/Win64/UE4Editor-AvfMediaEditor.dll (API version 0).
LogModuleManager: Display: Found up-to-date module file ../../../Engine/Plugins/Media/AvfMedia/Binaries/Win64/UE4Editor-AvfMediaFactory.dll (API version 0).
LogModuleManager: Display: Found up-to-date module file ../../../Engine/Plugins/Media/AvfMedia/Binaries/Win64/UE4Editor-AvfMediaFactory.dll (API version 0).
LogModuleManager: Display: Found up-to-date module file ../../../Engine/Plugins/Media/ImgMedia/Binaries/Win64/UE4Editor-ImgMedia.dll (API version 0).
LogModuleManager: Display: Found up-to-date module file ../../../Engine/Plugins/Media/ImgMedia/Binaries/Win64/UE4Editor-ImgMediaEditor.dll (API version 0).
LogModuleManager: Display: Found up-to-date module file ../../../Engine/Plugins/Media/ImgMedia/Binaries/Win64/UE4Editor-ImgMediaFactory.dll (API version 0).
LogModuleManager: Display: Found up-to-date module file ../../../Engine/Plugins/Media/ImgMedia/Binaries/Win64/UE4Editor-ImgMediaFactory.dll (API version 0).
LogModuleManager: Display: Found up-to-date module file ../../../Engine/Plugins/Media/ImgMedia/Binaries/Win64/UE4Editor-OpenExrWrapper.dll (API version 0).
LogModuleManager: Display: Found up-to-date module file ../../../Engine/Plugins/Media/LinearTimecode/Binaries/Win64/UE4Editor-LinearTimecode.dll (API version 0).
LogModuleManager: Display: Found up-to-date module file ../../../Engine/Plugins/Media/MediaCompositing/Binaries/Win64/UE4Editor-MediaCompositing.dll (API version 0).
LogModuleManager: Display: Found up-to-date module file ../../../Engine/Plugins/Media/MediaCompositing/Binaries/Win64/UE4Editor-MediaCompositingEditor.dll (API version 0).
LogModuleManager: Display: Found up-to-date module file ../../../Engine/Plugins/Media/MediaPlayerEditor/Binaries/Win64/UE4Editor-MediaPlayerEditor.dll (API version 0).
LogModuleManager: Display: Found up-to-date module file ../../../Engine/Plugins/Media/WmfMedia/Binaries/Win64/UE4Editor-WmfMedia.dll (API version 0).
LogModuleManager: Display: Found up-to-date module file ../../../Engine/Plugins/Media/WmfMedia/Binaries/Win64/UE4Editor-WmfMediaEditor.dll (API version 0).
LogModuleManager: Display: Found up-to-date module file ../../../Engine/Plugins/Media/WmfMedia/Binaries/Win64/UE4Editor-WmfMediaFactory.dll (API version 0).
LogModuleManager: Display: Found up-to-date module file ../../../Engine/Plugins/Media/WmfMedia/Binaries/Win64/UE4Editor-WmfMediaFactory.dll (API version 0).
LogModuleManager: Display: Found up-to-date module file ../../../Engine/Plugins/Messaging/TcpMessaging/Binaries/Win64/UE4Editor-TcpMessaging.dll (API version 0).
LogModuleManager: Display: Found up-to-date module file ../../../Engine/Plugins/Messaging/UdpMessaging/Binaries/Win64/UE4Editor-UdpMessaging.dll (API version 0).
LogModuleManager: Display: Found up-to-date module file ../../../Engine/Plugins/MovieScene/ActorSequence/Binaries/Win64/UE4Editor-ActorSequence.dll (API version 0).
LogModuleManager: Display: Found up-to-date module file ../../../Engine/Plugins/MovieScene/LevelSequenceEditor/Binaries/Win64/UE4Editor-LevelSequenceEditor.dll (API version 0).
LogModuleManager: Display: Found up-to-date module file ../../../Engine/Plugins/MovieScene/MatineeToLevelSequence/Binaries/Win64/UE4Editor-MatineeToLevelSequence.dll (API version 0).
LogModuleManager: Display: Found up-to-date module file ../../../Engine/Plugins/NetcodeUnitTest/NetcodeUnitTest/Binaries/Win64/UE4Editor-NetcodeUnitTest.dll (API version 0).
LogModuleManager: Display: Found up-to-date module file ../../../Engine/Plugins/NetcodeUnitTest/NUTUnrealEngine4/Binaries/Win64/UE4Editor-NUTUnrealEngine4.dll (API version 0).
LogModuleManager: Display: Found up-to-date module file ../../../Engine/Plugins/Online/OnlineSubsystem/Binaries/Win64/UE4Editor-OnlineSubsystem.dll (API version 0).
LogModuleManager: Display: Found up-to-date module file ../../../Engine/Plugins/Online/OnlineSubsystemNull/Binaries/Win64/UE4Editor-OnlineSubsystemNull.dll (API version 0).
LogModuleManager: Display: Found up-to-date module file ../../../Engine/Plugins/Online/OnlineSubsystemUtils/Binaries/Win64/UE4Editor-OnlineSubsystemUtils.dll (API version 0).
LogModuleManager: Display: Found up-to-date module file ../../../Engine/Plugins/Online/OnlineSubsystemUtils/Binaries/Win64/UE4Editor-OnlineBlueprintSupport.dll (API version 0).
LogModuleManager: Display: Found up-to-date module file ../../../Engine/Plugins/Runtime/AndroidDeviceProfileSelector/Binaries/Win64/UE4Editor-AndroidDeviceProfileSelector.dll (API version 0).
LogModuleManager: Display: Found up-to-date module file ../../../Engine/Plugins/Runtime/AndroidPermission/Binaries/Win64/UE4Editor-AndroidPermission.dll (API version 0).
LogModuleManager: Display: Found up-to-date module file ../../../Engine/Plugins/Runtime/AppleARKit/Binaries/Win64/UE4Editor-AppleARKit.dll (API version 0).
LogModuleManager: Display: Found up-to-date module file ../../../Engine/Plugins/Runtime/ArchVisCharacter/Binaries/Win64/UE4Editor-ArchVisCharacter.dll (API version 0).
LogModuleManager: Display: Found up-to-date module file ../../../Engine/Plugins/Runtime/AudioCapture/Binaries/Win64/UE4Editor-AudioCapture.dll (API version 0).
LogModuleManager: Display: Found up-to-date module file ../../../Engine/Plugins/Runtime/AudioCapture/Binaries/Win64/UE4Editor-AudioCaptureEditor.dll (API version 0).
LogModuleManager: Display: Found up-to-date module file ../../../Engine/Plugins/Runtime/CableComponent/Binaries/Win64/UE4Editor-CableComponent.dll (API version 0).
LogModuleManager: Display: Found up-to-date module file ../../../Engine/Plugins/Runtime/CustomMeshComponent/Binaries/Win64/UE4Editor-CustomMeshComponent.dll (API version 0).
LogModuleManager: Display: Found up-to-date module file ../../../Engine/Plugins/Runtime/ExampleDeviceProfileSelector/Binaries/Win64/UE4Editor-ExampleDeviceProfileSelector.dll (API version 0).
LogModuleManager: Display: Found up-to-date module file ../../../Engine/Plugins/Runtime/ImmediatePhysics/Binaries/Win64/UE4Editor-ImmediatePhysics.dll (API version 0).
LogModuleManager: Display: Found up-to-date module file ../../../Engine/Plugins/Runtime/ImmediatePhysics/Binaries/Win64/UE4Editor-ImmediatePhysicsEditor.dll (API version 0).
LogModuleManager: Display: Found up-to-date module file ../../../Engine/Plugins/Runtime/LocationServicesBPLibrary/Binaries/Win64/UE4Editor-LocationServicesBPLibrary.dll (API version 0).
LogModuleManager: Display: Found up-to-date module file ../../../Engine/Plugins/Runtime/MobilePatchingUtils/Binaries/Win64/UE4Editor-MobilePatchingUtils.dll (API version 0).
LogModuleManager: Display: Found up-to-date module file ../../../Engine/Plugins/Runtime/Oculus/OculusVR/Binaries/Win64/UE4Editor-OculusHMD.dll (API version 0).
LogModuleManager: Display: Found up-to-date module file ../../../Engine/Plugins/Runtime/Oculus/OculusVR/Binaries/Win64/UE4Editor-OculusInput.dll (API version 0).
LogModuleManager: Display: Found up-to-date module file ../../../Engine/Plugins/Runtime/Oculus/OculusVR/Binaries/Win64/UE4Editor-OculusEditor.dll (API version 0).
LogModuleManager: Display: Found up-to-date module file ../../../Engine/Plugins/Runtime/PhysXVehicles/Binaries/Win64/UE4Editor-PhysXVehicles.dll (API version 0).
LogModuleManager: Display: Found up-to-date module file ../../../Engine/Plugins/Runtime/PhysXVehicles/Binaries/Win64/UE4Editor-PhysXVehiclesEditor.dll (API version 0).
LogModuleManager: Display: Found up-to-date module file ../../../Engine/Plugins/Runtime/ProceduralMeshComponent/Binaries/Win64/UE4Editor-ProceduralMeshComponent.dll (API version 0).
LogModuleManager: Display: Found up-to-date module file ../../../Engine/Plugins/Runtime/ProceduralMeshComponent/Binaries/Win64/UE4Editor-ProceduralMeshComponentEditor.dll (API version 0).
LogModuleManager: Display: Found up-to-date module file ../../../Engine/Plugins/Runtime/RuntimePhysXCooking/Binaries/Win64/UE4Editor-RuntimePhysXCooking.dll (API version 0).
LogModuleManager: Display: Found up-to-date module file ../../../Engine/Plugins/Runtime/Steam/SteamVR/Binaries/Win64/UE4Editor-SteamVR.dll (API version 0).
LogModuleManager: Display: Found up-to-date module file ../../../Engine/Plugins/Runtime/Steam/SteamVR/Binaries/Win64/UE4Editor-SteamVRController.dll (API version 0).
LogModuleManager: Display: Found up-to-date module file ../../../Engine/Plugins/Runtime/WindowsMoviePlayer/Binaries/Win64/UE4Editor-WindowsMoviePlayer.dll (API version 0).
LogInit: Warning: Incompatible or missing module: UE4Editor-DGame.dll
Running C:/my_code/UnrealEngine-release/Engine/Binaries/DotNET/UnrealBuildTool.exe DGame Development Win64 -project="E:/ue4/DGame/DGame.uproject" -editorrecompile -progress -NoHotReloadFromIDE
Using 'git status' to determine working set for adaptive non-unity build.
@progress push 5%
@progress pop
Target is up to date
Deploying DGameEditor Win64 Development...
Total build time: 2.76 seconds (NoActionsToExecute executor: 0.00 seconds)
LogModuleManager: Display: Found up-to-date module file E:/ue4/DGame/Binaries/Win64/UE4Editor-DGame.dll (API version 0).
LogModuleManager: Display: Found up-to-date module file ../../../Engine/Plugins/2D/Paper2D/Binaries/Win64/UE4Editor-Paper2D.dll (API version 0).
LogModuleManager: Display: Found up-to-date module file ../../../Engine/Plugins/2D/Paper2D/Binaries/Win64/UE4Editor-Paper2DEditor.dll (API version 0).
LogModuleManager: Display: Found up-to-date module file ../../../Engine/Plugins/2D/Paper2D/Binaries/Win64/UE4Editor-PaperSpriteSheetImporter.dll (API version 0).
LogModuleManager: Display: Found up-to-date module file ../../../Engine/Plugins/2D/Paper2D/Binaries/Win64/UE4Editor-PaperTiledImporter.dll (API version 0).
LogModuleManager: Display: Found up-to-date module file ../../../Engine/Plugins/2D/Paper2D/Binaries/Win64/UE4Editor-SmartSnapping.dll (API version 0).
LogModuleManager: Display: Found up-to-date module file ../../../Engine/Plugins/Animation/LiveLink/Binaries/Win64/UE4Editor-LiveLink.dll (API version 0).
LogModuleManager: Display: Found up-to-date module file ../../../Engine/Plugins/Animation/LiveLink/Binaries/Win64/UE4Editor-LiveLinkEditor.dll (API version 0).
LogModuleManager: Display: Found up-to-date module file ../../../Engine/Plugins/Blendables/LightPropagationVolume/Binaries/Win64/UE4Editor-LightPropagationVolumeRuntime.dll (API version 0).
LogModuleManager: Display: Found up-to-date module file ../../../Engine/Plugins/Blendables/LightPropagationVolume/Binaries/Win64/UE4Editor-LightPropagationVolumeEditor.dll (API version 0).
LogModuleManager: Display: Found up-to-date module file ../../../Engine/Plugins/Developer/CLionSourceCodeAccess/Binaries/Win64/UE4Editor-CLionSourceCodeAccess.dll (API version 0).
LogModuleManager: Display: Found up-to-date module file ../../../Engine/Plugins/Developer/GitSourceControl/Binaries/Win64/UE4Editor-GitSourceControl.dll (API version 0).
LogModuleManager: Display: Found up-to-date module file ../../../Engine/Plugins/Developer/PerforceSourceControl/Binaries/Win64/UE4Editor-PerforceSourceControl.dll (API version 0).
LogModuleManager: Display: Found up-to-date module file ../../../Engine/Plugins/Developer/SubversionSourceControl/Binaries/Win64/UE4Editor-SubversionSourceControl.dll (API version 0).
LogModuleManager: Display: Found up-to-date module file ../../../Engine/Plugins/Developer/UObjectPlugin/Binaries/Win64/UE4Editor-UObjectPlugin.dll (API version 0).
LogModuleManager: Display: Found up-to-date module file ../../../Engine/Plugins/Developer/VisualStudioCodeSourceCodeAccess/Binaries/Win64/UE4Editor-VisualStudioCodeSourceCodeAccess.dll (API version 0).
LogModuleManager: Display: Found up-to-date module file ../../../Engine/Plugins/Developer/VisualStudioSourceCodeAccess/Binaries/Win64/UE4Editor-VisualStudioSourceCodeAccess.dll (API version 0).
LogModuleManager: Display: Found up-to-date module file ../../../Engine/Plugins/Editor/AssetManagerEditor/Binaries/Win64/UE4Editor-AssetManagerEditor.dll (API version 0).
LogModuleManager: Display: Found up-to-date module file ../../../Engine/Plugins/Editor/CryptoKeys/Binaries/Win64/UE4Editor-CryptoKeys.dll (API version 0).
LogModuleManager: Display: Found up-to-date module file ../../../Engine/Plugins/Editor/CryptoKeys/Binaries/Win64/UE4Editor-CryptoKeysOpenSSL.dll (API version 0).
LogModuleManager: Display: Found up-to-date module file ../../../Engine/Plugins/Editor/DataValidation/Binaries/Win64/UE4Editor-DataValidation.dll (API version 0).
LogModuleManager: Display: Found up-to-date module file ../../../Engine/Plugins/Editor/FacialAnimation/Binaries/Win64/UE4Editor-FacialAnimation.dll (API version 0).
LogModuleManager: Display: Found up-to-date module file ../../../Engine/Plugins/Editor/FacialAnimation/Binaries/Win64/UE4Editor-FacialAnimationEditor.dll (API version 0).
LogModuleManager: Display: Found up-to-date module file ../../../Engine/Plugins/Editor/GameplayTagsEditor/Binaries/Win64/UE4Editor-GameplayTagsEditor.dll (API version 0).
LogModuleManager: Display: Found up-to-date module file ../../../Engine/Plugins/Editor/MobileLauncherProfileWizard/Binaries/Win64/UE4Editor-MobileLauncherProfileWizard.dll (API version 0).
LogModuleManager: Display: Found up-to-date module file ../../../Engine/Plugins/Editor/PluginBrowser/Binaries/Win64/UE4Editor-PluginBrowser.dll (API version 0).
LogModuleManager: Display: Found up-to-date module file ../../../Engine/Plugins/Editor/SpeedTreeImporter/Binaries/Win64/UE4Editor-SpeedTreeImporter.dll (API version 0).
LogModuleManager: Display: Found up-to-date module file ../../../Engine/Plugins/Enterprise/DatasmithContent/Binaries/Win64/UE4Editor-DatasmithContent.dll (API version 0).
LogModuleManager: Display: Found up-to-date module file ../../../Engine/Plugins/Experimental/AlembicImporter/Binaries/Win64/UE4Editor-AlembicImporter.dll (API version 0).
LogModuleManager: Display: Found up-to-date module file ../../../Engine/Plugins/Experimental/AlembicImporter/Binaries/Win64/UE4Editor-AlembicLibrary.dll (API version 0).
LogModuleManager: Display: Found up-to-date module file ../../../Engine/Plugins/Experimental/CharacterAI/Binaries/Win64/UE4Editor-CharacterAI.dll (API version 0).
LogModuleManager: Display: Found up-to-date module file ../../../Engine/Plugins/Experimental/HTML5Networking/Binaries/Win64/UE4Editor-HTML5Networking.dll (API version 0).
LogModuleManager: Display: Found up-to-date module file ../../../Engine/Plugins/Media/AndroidMedia/Binaries/Win64/UE4Editor-AndroidMediaEditor.dll (API version 0).
LogModuleManager: Display: Found up-to-date module file ../../../Engine/Plugins/Media/AndroidMedia/Binaries/Win64/UE4Editor-AndroidMediaFactory.dll (API version 0).
LogModuleManager: Display: Found up-to-date module file ../../../Engine/Plugins/Media/AvfMedia/Binaries/Win64/UE4Editor-AvfMediaEditor.dll (API version 0).
LogModuleManager: Display: Found up-to-date module file ../../../Engine/Plugins/Media/AvfMedia/Binaries/Win64/UE4Editor-AvfMediaFactory.dll (API version 0).
LogModuleManager: Display: Found up-to-date module file ../../../Engine/Plugins/Media/AvfMedia/Binaries/Win64/UE4Editor-AvfMediaFactory.dll (API version 0).
LogModuleManager: Display: Found up-to-date module file ../../../Engine/Plugins/Media/ImgMedia/Binaries/Win64/UE4Editor-ImgMedia.dll (API version 0).
LogModuleManager: Display: Found up-to-date module file ../../../Engine/Plugins/Media/ImgMedia/Binaries/Win64/UE4Editor-ImgMediaEditor.dll (API version 0).
LogModuleManager: Display: Found up-to-date module file ../../../Engine/Plugins/Media/ImgMedia/Binaries/Win64/UE4Editor-ImgMediaFactory.dll (API version 0).
LogModuleManager: Display: Found up-to-date module file ../../../Engine/Plugins/Media/ImgMedia/Binaries/Win64/UE4Editor-ImgMediaFactory.dll (API version 0).
LogModuleManager: Display: Found up-to-date module file ../../../Engine/Plugins/Media/ImgMedia/Binaries/Win64/UE4Editor-OpenExrWrapper.dll (API version 0).
LogModuleManager: Display: Found up-to-date module file ../../../Engine/Plugins/Media/LinearTimecode/Binaries/Win64/UE4Editor-LinearTimecode.dll (API version 0).
LogModuleManager: Display: Found up-to-date module file ../../../Engine/Plugins/Media/MediaCompositing/Binaries/Win64/UE4Editor-MediaCompositing.dll (API version 0).
LogModuleManager: Display: Found up-to-date module file ../../../Engine/Plugins/Media/MediaCompositing/Binaries/Win64/UE4Editor-MediaCompositingEditor.dll (API version 0).
LogModuleManager: Display: Found up-to-date module file ../../../Engine/Plugins/Media/MediaPlayerEditor/Binaries/Win64/UE4Editor-MediaPlayerEditor.dll (API version 0).
LogModuleManager: Display: Found up-to-date module file ../../../Engine/Plugins/Media/WmfMedia/Binaries/Win64/UE4Editor-WmfMedia.dll (API version 0).
LogModuleManager: Display: Found up-to-date module file ../../../Engine/Plugins/Media/WmfMedia/Binaries/Win64/UE4Editor-WmfMediaEditor.dll (API version 0).
LogModuleManager: Display: Found up-to-date module file ../../../Engine/Plugins/Media/WmfMedia/Binaries/Win64/UE4Editor-WmfMediaFactory.dll (API version 0).
LogModuleManager: Display: Found up-to-date module file ../../../Engine/Plugins/Media/WmfMedia/Binaries/Win64/UE4Editor-WmfMediaFactory.dll (API version 0).
LogModuleManager: Display: Found up-to-date module file ../../../Engine/Plugins/Messaging/TcpMessaging/Binaries/Win64/UE4Editor-TcpMessaging.dll (API version 0).
LogModuleManager: Display: Found up-to-date module file ../../../Engine/Plugins/Messaging/UdpMessaging/Binaries/Win64/UE4Editor-UdpMessaging.dll (API version 0).
LogModuleManager: Display: Found up-to-date module file ../../../Engine/Plugins/MovieScene/ActorSequence/Binaries/Win64/UE4Editor-ActorSequence.dll (API version 0).
LogModuleManager: Display: Found up-to-date module file ../../../Engine/Plugins/MovieScene/LevelSequenceEditor/Binaries/Win64/UE4Editor-LevelSequenceEditor.dll (API version 0).
LogModuleManager: Display: Found up-to-date module file ../../../Engine/Plugins/MovieScene/MatineeToLevelSequence/Binaries/Win64/UE4Editor-MatineeToLevelSequence.dll (API version 0).
LogModuleManager: Display: Found up-to-date module file ../../../Engine/Plugins/NetcodeUnitTest/NetcodeUnitTest/Binaries/Win64/UE4Editor-NetcodeUnitTest.dll (API version 0).
LogModuleManager: Display: Found up-to-date module file ../../../Engine/Plugins/NetcodeUnitTest/NUTUnrealEngine4/Binaries/Win64/UE4Editor-NUTUnrealEngine4.dll (API version 0).
LogModuleManager: Display: Found up-to-date module file ../../../Engine/Plugins/Online/OnlineSubsystem/Binaries/Win64/UE4Editor-OnlineSubsystem.dll (API version 0).
LogModuleManager: Display: Found up-to-date module file ../../../Engine/Plugins/Online/OnlineSubsystemNull/Binaries/Win64/UE4Editor-OnlineSubsystemNull.dll (API version 0).
LogModuleManager: Display: Found up-to-date module file ../../../Engine/Plugins/Online/OnlineSubsystemUtils/Binaries/Win64/UE4Editor-OnlineSubsystemUtils.dll (API version 0).
LogModuleManager: Display: Found up-to-date module file ../../../Engine/Plugins/Online/OnlineSubsystemUtils/Binaries/Win64/UE4Editor-OnlineBlueprintSupport.dll (API version 0).
LogModuleManager: Display: Found up-to-date module file ../../../Engine/Plugins/Runtime/AndroidDeviceProfileSelector/Binaries/Win64/UE4Editor-AndroidDeviceProfileSelector.dll (API version 0).
LogModuleManager: Display: Found up-to-date module file ../../../Engine/Plugins/Runtime/AndroidPermission/Binaries/Win64/UE4Editor-AndroidPermission.dll (API version 0).
LogModuleManager: Display: Found up-to-date module file ../../../Engine/Plugins/Runtime/AppleARKit/Binaries/Win64/UE4Editor-AppleARKit.dll (API version 0).
LogModuleManager: Display: Found up-to-date module file ../../../Engine/Plugins/Runtime/ArchVisCharacter/Binaries/Win64/UE4Editor-ArchVisCharacter.dll (API version 0).
LogModuleManager: Display: Found up-to-date module file ../../../Engine/Plugins/Runtime/AudioCapture/Binaries/Win64/UE4Editor-AudioCapture.dll (API version 0).
LogModuleManager: Display: Found up-to-date module file ../../../Engine/Plugins/Runtime/AudioCapture/Binaries/Win64/UE4Editor-AudioCaptureEditor.dll (API version 0).
LogModuleManager: Display: Found up-to-date module file ../../../Engine/Plugins/Runtime/CableComponent/Binaries/Win64/UE4Editor-CableComponent.dll (API version 0).
LogModuleManager: Display: Found up-to-date module file ../../../Engine/Plugins/Runtime/CustomMeshComponent/Binaries/Win64/UE4Editor-CustomMeshComponent.dll (API version 0).
LogModuleManager: Display: Found up-to-date module file ../../../Engine/Plugins/Runtime/ExampleDeviceProfileSelector/Binaries/Win64/UE4Editor-ExampleDeviceProfileSelector.dll (API version 0).
LogModuleManager: Display: Found up-to-date module file ../../../Engine/Plugins/Runtime/ImmediatePhysics/Binaries/Win64/UE4Editor-ImmediatePhysics.dll (API version 0).
LogModuleManager: Display: Found up-to-date module file ../../../Engine/Plugins/Runtime/ImmediatePhysics/Binaries/Win64/UE4Editor-ImmediatePhysicsEditor.dll (API version 0).
LogModuleManager: Display: Found up-to-date module file ../../../Engine/Plugins/Runtime/LocationServicesBPLibrary/Binaries/Win64/UE4Editor-LocationServicesBPLibrary.dll (API version 0).
LogModuleManager: Display: Found up-to-date module file ../../../Engine/Plugins/Runtime/MobilePatchingUtils/Binaries/Win64/UE4Editor-MobilePatchingUtils.dll (API version 0).
LogModuleManager: Display: Found up-to-date module file ../../../Engine/Plugins/Runtime/Oculus/OculusVR/Binaries/Win64/UE4Editor-OculusHMD.dll (API version 0).
LogModuleManager: Display: Found up-to-date module file ../../../Engine/Plugins/Runtime/Oculus/OculusVR/Binaries/Win64/UE4Editor-OculusInput.dll (API version 0).
LogModuleManager: Display: Found up-to-date module file ../../../Engine/Plugins/Runtime/Oculus/OculusVR/Binaries/Win64/UE4Editor-OculusEditor.dll (API version 0).
LogModuleManager: Display: Found up-to-date module file ../../../Engine/Plugins/Runtime/PhysXVehicles/Binaries/Win64/UE4Editor-PhysXVehicles.dll (API version 0).
LogModuleManager: Display: Found up-to-date module file ../../../Engine/Plugins/Runtime/PhysXVehicles/Binaries/Win64/UE4Editor-PhysXVehiclesEditor.dll (API version 0).
LogModuleManager: Display: Found up-to-date module file ../../../Engine/Plugins/Runtime/ProceduralMeshComponent/Binaries/Win64/UE4Editor-ProceduralMeshComponent.dll (API version 0).
LogModuleManager: Display: Found up-to-date module file ../../../Engine/Plugins/Runtime/ProceduralMeshComponent/Binaries/Win64/UE4Editor-ProceduralMeshComponentEditor.dll (API version 0).
LogModuleManager: Display: Found up-to-date module file ../../../Engine/Plugins/Runtime/RuntimePhysXCooking/Binaries/Win64/UE4Editor-RuntimePhysXCooking.dll (API version 0).
LogModuleManager: Display: Found up-to-date module file ../../../Engine/Plugins/Runtime/Steam/SteamVR/Binaries/Win64/UE4Editor-SteamVR.dll (API version 0).
LogModuleManager: Display: Found up-to-date module file ../../../Engine/Plugins/Runtime/Steam/SteamVR/Binaries/Win64/UE4Editor-SteamVRController.dll (API version 0).
LogModuleManager: Display: Found up-to-date module file ../../../Engine/Plugins/Runtime/WindowsMoviePlayer/Binaries/Win64/UE4Editor-WindowsMoviePlayer.dll (API version 0).
LogInit: Using libcurl 7.47.1
LogInit:  - built for x86_64-pc-win32
LogInit:  - supports SSL with OpenSSL/1.0.2g
LogInit:  - supports HTTP deflate (compression) using libz 1.2.8
LogInit:  - other features:
LogInit:      CURL_VERSION_SSL
LogInit:      CURL_VERSION_LIBZ
LogInit:      CURL_VERSION_IPV6
LogInit:      CURL_VERSION_ASYNCHDNS
LogInit:      CURL_VERSION_LARGEFILE
LogInit:      CURL_VERSION_IDN
LogInit:  CurlRequestOptions (configurable via config and command line):
LogInit:  - bVerifyPeer = false  - Libcurl will NOT verify peer certificate
LogInit:  - bUseHttpProxy = false  - Libcurl will NOT use HTTP proxy
LogInit:  - bDontReuseConnections = false  - Libcurl will reuse connections
LogInit:  - CertBundlePath = nullptr  - Libcurl will use whatever was configured at build time.
LogInit:  - MaxHostConnections = 16  - Libcurl will limit the number of connections to a host
LogInit:  - LocalHostAddr = Default
LogInit: WinSock: version 1.1 (2.2), MaxSocks=32767, MaxUdp=65467
LogInit: WinSock: I am duaduacao-PC0 (10.32.204.62:0)
LogInit: Build: ++UE4+Release-4.19-CL-0
LogInit: Engine Version: 4.19.2-0+++UE4+Release-4.19
LogInit: Compatible Engine Version: 4.19.0-0+++UE4+Release-4.19
LogInit: Net CL: 0
LogDevObjectVersion: Number of dev versions registered: 18
LogDevObjectVersion:   Dev-Blueprints (B0D832E4-1F89-4F0D-ACCF-7EB736FD4AA2): 10
LogDevObjectVersion:   Dev-Build (E1C64328-A22C-4D53-A36C-8E866417BD8C): 0
LogDevObjectVersion:   Dev-Core (375EC13C-06E4-48FB-B500-84F0262A717E): 2
LogDevObjectVersion:   Dev-Editor (E4B068ED-F494-42E9-A231-DA0B2E46BB41): 23
LogDevObjectVersion:   Dev-Framework (CFFC743F-43B0-4480-9391-14DF171D2073): 33
LogDevObjectVersion:   Dev-Mobile (B02B49B5-BB20-44E9-A304-32B752E40360): 2
LogDevObjectVersion:   Dev-Networking (A4E4105C-59A1-49B5-A7C5-40C4547EDFEE): 0
LogDevObjectVersion:   Dev-Online (39C831C9-5AE6-47DC-9A44-9C173E1C8E7C): 0
LogDevObjectVersion:   Dev-Physics (78F01B33-EBEA-4F98-B9B4-84EACCB95AA2): 0
LogDevObjectVersion:   Dev-Platform (6631380F-2D4D-43E0-8009-CF276956A95A): 0
LogDevObjectVersion:   Dev-Rendering (12F88B9F-8875-4AFC-A67C-D90C383ABD29): 25
LogDevObjectVersion:   Dev-Sequencer (7B5AE74C-D270-4C10-A958-57980B212A5A): 6
LogDevObjectVersion:   Dev-VR (D7296918-1DD6-4BDD-9DE2-64A83CC13884): 1
LogDevObjectVersion:   Dev-LoadTimes (C2A15278-BFE7-4AFE-6C17-90FF531DF755): 1
LogDevObjectVersion:   Private-Geometry (6EACA3D4-40EC-4CC1-B786-8BED09428FC5): 2
LogDevObjectVersion:   Dev-AnimPhys (29E575DD-E0A3-4627-9D10-D276232CDCEA): 16
LogDevObjectVersion:   Dev-ReflectionCapture (6B266CEC-1EC7-4B8F-A30B-E4D90942FC07): 1
LogDevObjectVersion:   Dev-Automation (0DF73D61-A23F-47EA-B727-89E90C41499A): 1
LogInit: Compiled (64-bit): Jun 25 2018 20:26:12
LogInit: Compiled with Visual C++: 19.14.26431.00
LogInit: Build Configuration: Development
LogInit: Branch Name: ++UE4+Release-4.19
LogInit: Command Line:  -skipcompile
LogInit: Base Directory: C:/my_code/UnrealEngine-release/Engine/Binaries/Win64/
LogInit: Installed Engine Build: 0
LogStreaming: Display: Took  0.002s to delete old logs.
LogInit: Presizing for max 8388607 objects, including 0 objects not considered by GC, pre-allocating 0 bytes for permanent pool.
LogInit: Object subsystem initialized
[2018.07.12-05.28.13:139][  0]LogInit: Selected Device Profile: [Windows]
[2018.07.12-05.28.13:139][  0]LogInit: Applying CVar settings loaded from the selected device profile: [Windows]
[2018.07.12-05.28.13:144][  0]LogInit: Computer: duaduacao-PC0
[2018.07.12-05.28.13:144][  0]LogInit: User: duaduacao
[2018.07.12-05.28.13:144][  0]LogInit: CPU Page size=4096, Cores=4
[2018.07.12-05.28.13:144][  0]LogInit: High frequency timer resolution =3.515631 MHz
[2018.07.12-05.28.13:144][  0]LogMemory: Memory total: Physical=15.9GB (16GB approx)
[2018.07.12-05.28.13:144][  0]LogMemory: Platform Memory Stats for Windows
[2018.07.12-05.28.13:144][  0]LogMemory: Process Physical Memory: 277.99 MB used, 277.99 MB peak
[2018.07.12-05.28.13:144][  0]LogMemory: Process Virtual Memory: 274.98 MB used, 274.98 MB peak
[2018.07.12-05.28.13:144][  0]LogMemory: Physical Memory: 10010.87 MB used,  6301.12 MB free, 16311.99 MB total
[2018.07.12-05.28.13:144][  0]LogMemory: Virtual Memory: 706.98 MB used,  6301.12 MB free, 134217728.00 MB total
[2018.07.12-05.28.13:314][  0]LogInit: Using OS detected language (zh-CN).
[2018.07.12-05.28.13:314][  0]LogInit: Using OS detected locale (zh-CN).
[2018.07.12-05.28.13:560][  0]LogStreaming: Display: Took  0.246s to EndInitTextLocalization.
[2018.07.12-05.28.13:561][  0]LogInit: Setting process to per monitor DPI aware
[2018.07.12-05.28.13:619][  0]LogSlate: New Slate User Created.  User Index 0, Is Virtual User: 0
[2018.07.12-05.28.13:619][  0]LogSlate: Slate User Registered.  User Index 0, Is Virtual User: 0
[2018.07.12-05.28.13:755][  0]LogD3D11RHI: D3D11 adapters:
[2018.07.12-05.28.14:006][  0]LogD3D11RHI:    0. 'NVIDIA GeForce GTX 1060 6GB' (Feature Level 11_0)
[2018.07.12-05.28.14:006][  0]LogD3D11RHI:       6052/0/8155 MB DedicatedVideo/DedicatedSystem/SharedSystem, Outputs:1, VendorId:0x10de
[2018.07.12-05.28.14:025][  0]LogD3D11RHI:    1. 'Microsoft Basic Render Driver' (Feature Level 11_0)
[2018.07.12-05.28.14:025][  0]LogD3D11RHI:       0/0/8155 MB DedicatedVideo/DedicatedSystem/SharedSystem, Outputs:0, VendorId:0x1414
[2018.07.12-05.28.14:025][  0]LogD3D11RHI: Chosen D3D11 Adapter: 0
[2018.07.12-05.28.14:032][  0]LogD3D11RHI: Creating new Direct3DDevice
[2018.07.12-05.28.14:032][  0]LogD3D11RHI:     GPU DeviceId: 0x1c03 (for the marketing name, search the web for "GPU Device Id")
[2018.07.12-05.28.14:032][  0]LogWindows: EnumDisplayDevices:
[2018.07.12-05.28.14:032][  0]LogWindows:    0. 'NVIDIA GeForce GTX 1060 6GB' (P:1 D:1)
[2018.07.12-05.28.14:033][  0]LogWindows:    1. 'NVIDIA GeForce GTX 1060 6GB' (P:0 D:0)
[2018.07.12-05.28.14:033][  0]LogWindows:    2. 'NVIDIA GeForce GTX 1060 6GB' (P:0 D:0)
[2018.07.12-05.28.14:033][  0]LogWindows:    3. 'NVIDIA GeForce GTX 1060 6GB' (P:0 D:0)
[2018.07.12-05.28.14:033][  0]LogWindows: DebugString: FoundDriverCount:4 
[2018.07.12-05.28.14:033][  0]LogD3D11RHI:     Adapter Name: NVIDIA GeForce GTX 1060 6GB
[2018.07.12-05.28.14:033][  0]LogD3D11RHI:   Driver Version: 390.65 (internal:23.21.13.9065, unified:390.65)
[2018.07.12-05.28.14:033][  0]LogD3D11RHI:      Driver Date: 1-3-2018
[2018.07.12-05.28.14:033][  0]LogRHI: Texture pool is 4236 MB (70% of 6052 MB)
[2018.07.12-05.28.14:063][  0]LogD3D11RHI: [Aftermath] Aftermath enabled and primed
[2018.07.12-05.28.14:063][  0]LogD3D11RHI: [Aftermath] Aftermath enabled and primed
[2018.07.12-05.28.14:063][  0]LogD3D11RHI: Async texture creation enabled
[2018.07.12-05.28.14:079][  0]LogD3D11RHI: GPU Timing Frequency: 1000.000000 (Debug: 2 2)
[2018.07.12-05.28.14:122][  0]LogShaderCompilers: Guid format shader working directory is 37 characters bigger than the processId version (E:/ue4/DGame/Intermediate/Shaders/WorkingDirectory/22572/).
[2018.07.12-05.28.14:122][  0]LogShaderCompilers: Cleaned the shader compiler working directory 'C:/Users/duaduacao/AppData/Local/Temp/UnrealShaderWorkingDir/DE574FF640542058083DC69A5F93B3D4/'.
[2018.07.12-05.28.14:344][  0]LogTemp: Display: Loaded TP AllDesktopTargetPlatform
[2018.07.12-05.28.14:354][  0]LogTemp: Display: Loaded TP MacClientTargetPlatform
[2018.07.12-05.28.14:364][  0]LogTemp: Display: Loaded TP MacNoEditorTargetPlatform
[2018.07.12-05.28.14:377][  0]LogTemp: Display: Loaded TP MacServerTargetPlatform
[2018.07.12-05.28.14:389][  0]LogTemp: Display: Loaded TP MacTargetPlatform
[2018.07.12-05.28.14:400][  0]LogTemp: Display: Loaded TP WindowsClientTargetPlatform
[2018.07.12-05.28.14:410][  0]LogTemp: Display: Loaded TP WindowsNoEditorTargetPlatform
[2018.07.12-05.28.14:421][  0]LogTemp: Display: Loaded TP WindowsServerTargetPlatform
[2018.07.12-05.28.14:427][  0]LogTemp: Display: Loaded TP WindowsTargetPlatform
[2018.07.12-05.28.14:436][  0]LogTemp: Display: Loaded TP Android_ASTCTargetPlatform
[2018.07.12-05.28.14:445][  0]LogTemp: Display: Loaded TP Android_ATCTargetPlatform
[2018.07.12-05.28.14:454][  0]LogTemp: Display: Loaded TP Android_DXTTargetPlatform
[2018.07.12-05.28.14:466][  0]LogTemp: Display: Loaded TP Android_ETC1aTargetPlatform
[2018.07.12-05.28.14:475][  0]LogTemp: Display: Loaded TP Android_ETC1TargetPlatform
[2018.07.12-05.28.14:484][  0]LogTemp: Display: Loaded TP Android_ETC2TargetPlatform
[2018.07.12-05.28.14:505][  0]LogTemp: Display: Loaded TP Android_MultiTargetPlatform
[2018.07.12-05.28.14:505][  0]LogTemp: Display: Loaded TP Android_PVRTCTargetPlatform
[2018.07.12-05.28.14:516][  0]LogTemp: Display: Loaded TP AndroidTargetPlatform
[2018.07.12-05.28.14:518][  0]LogTemp: Display: Loaded TP HTML5TargetPlatform
[2018.07.12-05.28.14:556][  0]LogTemp: Display: Loaded TP IOSTargetPlatform
[2018.07.12-05.28.14:564][  0]LogTemp: Display: Loaded TP TVOSTargetPlatform
[2018.07.12-05.28.14:564][  0]LogTargetPlatformManager: Display: Building Assets For Windows
[2018.07.12-05.28.14:778][  0]LogXGEController: Cannot use XGE Controller as Incredibuild is not installed on this machine.
[2018.07.12-05.28.14:778][  0]LogShaderCompilers: Cannot use XGE Shader Compiler as Incredibuild is not installed on this machine.
[2018.07.12-05.28.14:778][  0]LogShaderCompilers: Display: Using Local Shader Compiler.
[2018.07.12-05.28.15:312][  0]LogDerivedDataCache: Display: Max Cache Size: 512 MB
[2018.07.12-05.28.15:378][  0]LogDerivedDataCache: Loaded boot cache 0.07s 80MB E:/ue4/DGame/DerivedDataCache/Boot.ddc.
[2018.07.12-05.28.15:378][  0]LogDerivedDataCache: Display: Loaded Boot cache: E:/ue4/DGame/DerivedDataCache/Boot.ddc
[2018.07.12-05.28.15:378][  0]LogDerivedDataCache: FDerivedDataBackendGraph:  Pak pak cache file E:/ue4/DGame/DerivedDataCache/DDC.ddp not found, will not use a pak cache.
[2018.07.12-05.28.15:378][  0]LogDerivedDataCache: Unable to find inner node Pak for hierarchical cache Hierarchy.
[2018.07.12-05.28.15:378][  0]LogDerivedDataCache: FDerivedDataBackendGraph:  EnginePak pak cache file ../../../Engine/DerivedDataCache/DDC.ddp not found, will not use a pak cache.
[2018.07.12-05.28.15:378][  0]LogDerivedDataCache: Unable to find inner node EnginePak for hierarchical cache Hierarchy.
[2018.07.12-05.28.15:391][  0]LogDerivedDataCache: Using Local data cache path ../../../Engine/DerivedDataCache: Writable
[2018.07.12-05.28.15:391][  0]LogDerivedDataCache: Shared data cache path not found in *engine.ini, will not use an Shared cache.
[2018.07.12-05.28.15:391][  0]LogDerivedDataCache: Unable to find inner node Shared for hierarchical cache Hierarchy.
[2018.07.12-05.28.15:411][  0]LogMaterial: Verifying Global Shaders for PCD3D_SM5
[2018.07.12-05.28.15:411][  0]LogSlate: Using Freetype 2.6.0
[2018.07.12-05.28.15:412][  0]LogSlate: SlateFontCache - WITH_FREETYPE: 1, WITH_HARFBUZZ: 1
[2018.07.12-05.28.15:412][  0]LogSlate: SlateFontCache - WITH_FREETYPE: 1, WITH_HARFBUZZ: 1
[2018.07.12-05.28.15:507][  0]LogAssetRegistry: FAssetRegistry took 0.0239 seconds to start up
[2018.07.12-05.28.15:723][  0]LogInit: Selected Device Profile: [Windows]
[2018.07.12-05.28.16:002][  0]LogMeshReduction: Using QuadricMeshReduction for automatic static mesh reduction
[2018.07.12-05.28.16:003][  0]LogMeshReduction: No automatic skeletal mesh reduction module available
[2018.07.12-05.28.16:003][  0]LogMeshReduction: No automatic mesh merging module available
[2018.07.12-05.28.16:003][  0]LogMeshReduction: No distributed automatic mesh merging module available
[2018.07.12-05.28.16:003][  0]LogMeshMerging: No automatic mesh merging module available
[2018.07.12-05.28.16:003][  0]LogMeshMerging: No distributed automatic mesh merging module available
[2018.07.12-05.28.16:029][  0]LogNetVersion: DGame , NetCL: 0, EngineNetVer: 2, GameNetVer: 0 (Checksum: 3774009162)
[2018.07.12-05.28.16:434][  0]LogPackageLocalizationCache: Processed 9 localized package path(s) for 4 prioritized culture(s) in 0.106659 seconds
[2018.07.12-05.28.16:438][  0]LogUObjectArray: 36684 objects as part of root set at end of initial load.
[2018.07.12-05.28.16:438][  0]LogUObjectAllocator: 7307408 out of 0 bytes used by permanent object pool.
[2018.07.12-05.28.16:438][  0]LogUObjectArray: CloseDisregardForGC: 0/0 objects in disregard for GC pool
[2018.07.12-05.28.16:803][  0]LogStreaming: Warning: Failed to read file '../../../Engine/Content/Editor/Slate/Launcher/Mac/Platform_Mac_24x.png' error.
[2018.07.12-05.28.16:803][  0]LogSlate: Could not find file for Slate resource: ../../../Engine/Content/Editor/Slate/Launcher/Mac/Platform_Mac_24x.png
[2018.07.12-05.28.16:803][  0]LogStreaming: Warning: Failed to read file '../../../Engine/Content/Editor/Slate/Launcher/Mac/Platform_Mac_128x.png' error.
[2018.07.12-05.28.16:803][  0]LogSlate: Could not find file for Slate resource: ../../../Engine/Content/Editor/Slate/Launcher/Mac/Platform_Mac_128x.png
[2018.07.12-05.28.16:803][  0]LogStreaming: Warning: Failed to read file '../../../Engine/Content/Editor/Slate/Launcher/Mac/Platform_Mac_128x.png' error.
[2018.07.12-05.28.16:803][  0]LogSlate: Could not find file for Slate resource: ../../../Engine/Content/Editor/Slate/Launcher/Mac/Platform_Mac_128x.png
[2018.07.12-05.28.16:803][  0]LogStreaming: Warning: Failed to read file '../../../Engine/Content/Editor/Slate/Launcher/Mac/Platform_Mac_24x.png' error.
[2018.07.12-05.28.16:803][  0]LogSlate: Could not find file for Slate resource: ../../../Engine/Content/Editor/Slate/Launcher/Mac/Platform_Mac_24x.png
[2018.07.12-05.28.16:803][  0]LogStreaming: Warning: Failed to read file '../../../Engine/Content/Editor/Slate/Launcher/Mac/Platform_Mac_128x.png' error.
[2018.07.12-05.28.16:803][  0]LogSlate: Could not find file for Slate resource: ../../../Engine/Content/Editor/Slate/Launcher/Mac/Platform_Mac_128x.png
[2018.07.12-05.28.16:803][  0]LogStreaming: Warning: Failed to read file '../../../Engine/Content/Editor/Slate/Launcher/Mac/Platform_Mac_128x.png' error.
[2018.07.12-05.28.16:803][  0]LogSlate: Could not find file for Slate resource: ../../../Engine/Content/Editor/Slate/Launcher/Mac/Platform_Mac_128x.png
[2018.07.12-05.28.16:803][  0]LogStreaming: Warning: Failed to read file '../../../Engine/Content/Editor/Slate/Launcher/Mac/Platform_Mac_24x.png' error.
[2018.07.12-05.28.16:803][  0]LogSlate: Could not find file for Slate resource: ../../../Engine/Content/Editor/Slate/Launcher/Mac/Platform_Mac_24x.png
[2018.07.12-05.28.16:803][  0]LogStreaming: Warning: Failed to read file '../../../Engine/Content/Editor/Slate/Launcher/Mac/Platform_Mac_128x.png' error.
[2018.07.12-05.28.16:803][  0]LogSlate: Could not find file for Slate resource: ../../../Engine/Content/Editor/Slate/Launcher/Mac/Platform_Mac_128x.png
[2018.07.12-05.28.16:803][  0]LogStreaming: Warning: Failed to read file '../../../Engine/Content/Editor/Slate/Launcher/Mac/Platform_Mac_128x.png' error.
[2018.07.12-05.28.16:803][  0]LogSlate: Could not find file for Slate resource: ../../../Engine/Content/Editor/Slate/Launcher/Mac/Platform_Mac_128x.png
[2018.07.12-05.28.16:803][  0]LogStreaming: Warning: Failed to read file '../../../Engine/Content/Editor/Slate/Launcher/Mac/Platform_Mac_24x.png' error.
[2018.07.12-05.28.16:803][  0]LogSlate: Could not find file for Slate resource: ../../../Engine/Content/Editor/Slate/Launcher/Mac/Platform_Mac_24x.png
[2018.07.12-05.28.16:803][  0]LogStreaming: Warning: Failed to read file '../../../Engine/Content/Editor/Slate/Launcher/Mac/Platform_Mac_128x.png' error.
[2018.07.12-05.28.16:803][  0]LogSlate: Could not find file for Slate resource: ../../../Engine/Content/Editor/Slate/Launcher/Mac/Platform_Mac_128x.png
[2018.07.12-05.28.16:803][  0]LogStreaming: Warning: Failed to read file '../../../Engine/Content/Editor/Slate/Launcher/Mac/Platform_Mac_128x.png' error.
[2018.07.12-05.28.16:803][  0]LogSlate: Could not find file for Slate resource: ../../../Engine/Content/Editor/Slate/Launcher/Mac/Platform_Mac_128x.png
[2018.07.12-05.28.16:803][  0]LogStreaming: Warning: Failed to read file '../../../Engine/Content/Editor/Slate/Launcher/Linux/Platform_Linux_24x.png' error.
[2018.07.12-05.28.16:803][  0]LogSlate: Could not find file for Slate resource: ../../../Engine/Content/Editor/Slate/Launcher/Linux/Platform_Linux_24x.png
[2018.07.12-05.28.16:803][  0]LogStreaming: Warning: Failed to read file '../../../Engine/Content/Editor/Slate/Launcher/Linux/Platform_Linux_128x.png' error.
[2018.07.12-05.28.16:803][  0]LogSlate: Could not find file for Slate resource: ../../../Engine/Content/Editor/Slate/Launcher/Linux/Platform_Linux_128x.png
[2018.07.12-05.28.16:803][  0]LogStreaming: Warning: Failed to read file '../../../Engine/Content/Editor/Slate/Launcher/Linux/Platform_Linux_128x.png' error.
[2018.07.12-05.28.16:803][  0]LogSlate: Could not find file for Slate resource: ../../../Engine/Content/Editor/Slate/Launcher/Linux/Platform_Linux_128x.png
[2018.07.12-05.28.16:803][  0]LogStreaming: Warning: Failed to read file '../../../Engine/Content/Editor/Slate/Launcher/Linux/Platform_Linux_24x.png' error.
[2018.07.12-05.28.16:803][  0]LogSlate: Could not find file for Slate resource: ../../../Engine/Content/Editor/Slate/Launcher/Linux/Platform_Linux_24x.png
[2018.07.12-05.28.16:803][  0]LogStreaming: Warning: Failed to read file '../../../Engine/Content/Editor/Slate/Launcher/Linux/Platform_Linux_128x.png' error.
[2018.07.12-05.28.16:803][  0]LogSlate: Could not find file for Slate resource: ../../../Engine/Content/Editor/Slate/Launcher/Linux/Platform_Linux_128x.png
[2018.07.12-05.28.16:803][  0]LogStreaming: Warning: Failed to read file '../../../Engine/Content/Editor/Slate/Launcher/Linux/Platform_Linux_128x.png' error.
[2018.07.12-05.28.16:803][  0]LogSlate: Could not find file for Slate resource: ../../../Engine/Content/Editor/Slate/Launcher/Linux/Platform_Linux_128x.png
[2018.07.12-05.28.16:803][  0]LogStreaming: Warning: Failed to read file '../../../Engine/Content/Editor/Slate/Launcher/Linux/Platform_Linux_24x.png' error.
[2018.07.12-05.28.16:803][  0]LogSlate: Could not find file for Slate resource: ../../../Engine/Content/Editor/Slate/Launcher/Linux/Platform_Linux_24x.png
[2018.07.12-05.28.16:803][  0]LogStreaming: Warning: Failed to read file '../../../Engine/Content/Editor/Slate/Launcher/Linux/Platform_Linux_128x.png' error.
[2018.07.12-05.28.16:803][  0]LogSlate: Could not find file for Slate resource: ../../../Engine/Content/Editor/Slate/Launcher/Linux/Platform_Linux_128x.png
[2018.07.12-05.28.16:803][  0]LogStreaming: Warning: Failed to read file '../../../Engine/Content/Editor/Slate/Launcher/Linux/Platform_Linux_128x.png' error.
[2018.07.12-05.28.16:803][  0]LogSlate: Could not find file for Slate resource: ../../../Engine/Content/Editor/Slate/Launcher/Linux/Platform_Linux_128x.png
[2018.07.12-05.28.16:803][  0]LogStreaming: Warning: Failed to read file '../../../Engine/Content/Editor/Slate/Launcher/Linux/Platform_Linux_24x.png' error.
[2018.07.12-05.28.16:803][  0]LogSlate: Could not find file for Slate resource: ../../../Engine/Content/Editor/Slate/Launcher/Linux/Platform_Linux_24x.png
[2018.07.12-05.28.16:803][  0]LogStreaming: Warning: Failed to read file '../../../Engine/Content/Editor/Slate/Launcher/Linux/Platform_Linux_128x.png' error.
[2018.07.12-05.28.16:803][  0]LogSlate: Could not find file for Slate resource: ../../../Engine/Content/Editor/Slate/Launcher/Linux/Platform_Linux_128x.png
[2018.07.12-05.28.16:803][  0]LogStreaming: Warning: Failed to read file '../../../Engine/Content/Editor/Slate/Launcher/Linux/Platform_Linux_128x.png' error.
[2018.07.12-05.28.16:803][  0]LogSlate: Could not find file for Slate resource: ../../../Engine/Content/Editor/Slate/Launcher/Linux/Platform_Linux_128x.png
[2018.07.12-05.28.16:804][  0]LogStreaming: Warning: Failed to read file '../../../Engine/Content/Editor/Slate/Launcher/Android/Platform_Android_24x.png' error.
[2018.07.12-05.28.16:804][  0]LogSlate: Could not find file for Slate resource: ../../../Engine/Content/Editor/Slate/Launcher/Android/Platform_Android_24x.png
[2018.07.12-05.28.16:804][  0]LogStreaming: Warning: Failed to read file '../../../Engine/Content/Editor/Slate/Launcher/Android/Platform_Android_128x.png' error.
[2018.07.12-05.28.16:804][  0]LogSlate: Could not find file for Slate resource: ../../../Engine/Content/Editor/Slate/Launcher/Android/Platform_Android_128x.png
[2018.07.12-05.28.16:804][  0]LogStreaming: Warning: Failed to read file '../../../Engine/Content/Editor/Slate/Launcher/Android/Platform_Android_128x.png' error.
[2018.07.12-05.28.16:804][  0]LogSlate: Could not find file for Slate resource: ../../../Engine/Content/Editor/Slate/Launcher/Android/Platform_Android_128x.png
[2018.07.12-05.28.16:804][  0]LogStreaming: Warning: Failed to read file '../../../Engine/Content/Editor/Slate/Launcher/Android/Platform_Android_24x.png' error.
[2018.07.12-05.28.16:804][  0]LogSlate: Could not find file for Slate resource: ../../../Engine/Content/Editor/Slate/Launcher/Android/Platform_Android_24x.png
[2018.07.12-05.28.16:804][  0]LogStreaming: Warning: Failed to read file '../../../Engine/Content/Editor/Slate/Launcher/Android/Platform_Android_128x.png' error.
[2018.07.12-05.28.16:804][  0]LogSlate: Could not find file for Slate resource: ../../../Engine/Content/Editor/Slate/Launcher/Android/Platform_Android_128x.png
[2018.07.12-05.28.16:804][  0]LogStreaming: Warning: Failed to read file '../../../Engine/Content/Editor/Slate/Launcher/Android/Platform_Android_128x.png' error.
[2018.07.12-05.28.16:804][  0]LogSlate: Could not find file for Slate resource: ../../../Engine/Content/Editor/Slate/Launcher/Android/Platform_Android_128x.png
[2018.07.12-05.28.16:804][  0]LogStreaming: Warning: Failed to read file '../../../Engine/Content/Editor/Slate/Launcher/Android/Platform_Android_ATC_24x.png' error.
[2018.07.12-05.28.16:804][  0]LogSlate: Could not find file for Slate resource: ../../../Engine/Content/Editor/Slate/Launcher/Android/Platform_Android_ATC_24x.png
[2018.07.12-05.28.16:804][  0]LogStreaming: Warning: Failed to read file '../../../Engine/Content/Editor/Slate/Launcher/Android/Platform_Android_128x.png' error.
[2018.07.12-05.28.16:804][  0]LogSlate: Could not find file for Slate resource: ../../../Engine/Content/Editor/Slate/Launcher/Android/Platform_Android_128x.png
[2018.07.12-05.28.16:804][  0]LogStreaming: Warning: Failed to read file '../../../Engine/Content/Editor/Slate/Launcher/Android/Platform_Android_128x.png' error.
[2018.07.12-05.28.16:804][  0]LogSlate: Could not find file for Slate resource: ../../../Engine/Content/Editor/Slate/Launcher/Android/Platform_Android_128x.png
[2018.07.12-05.28.16:804][  0]LogStreaming: Warning: Failed to read file '../../../Engine/Content/Editor/Slate/Launcher/Android/Platform_Android_DXT_24x.png' error.
[2018.07.12-05.28.16:804][  0]LogSlate: Could not find file for Slate resource: ../../../Engine/Content/Editor/Slate/Launcher/Android/Platform_Android_DXT_24x.png
[2018.07.12-05.28.16:804][  0]LogStreaming: Warning: Failed to read file '../../../Engine/Content/Editor/Slate/Launcher/Android/Platform_Android_128x.png' error.
[2018.07.12-05.28.16:804][  0]LogSlate: Could not find file for Slate resource: ../../../Engine/Content/Editor/Slate/Launcher/Android/Platform_Android_128x.png
[2018.07.12-05.28.16:804][  0]LogStreaming: Warning: Failed to read file '../../../Engine/Content/Editor/Slate/Launcher/Android/Platform_Android_128x.png' error.
[2018.07.12-05.28.16:804][  0]LogSlate: Could not find file for Slate resource: ../../../Engine/Content/Editor/Slate/Launcher/Android/Platform_Android_128x.png
[2018.07.12-05.28.16:804][  0]LogStreaming: Warning: Failed to read file '../../../Engine/Content/Editor/Slate/Launcher/Android/Platform_Android_ETC1_24x.png' error.
[2018.07.12-05.28.16:804][  0]LogSlate: Could not find file for Slate resource: ../../../Engine/Content/Editor/Slate/Launcher/Android/Platform_Android_ETC1_24x.png
[2018.07.12-05.28.16:804][  0]LogStreaming: Warning: Failed to read file '../../../Engine/Content/Editor/Slate/Launcher/Android/Platform_Android_128x.png' error.
[2018.07.12-05.28.16:804][  0]LogSlate: Could not find file for Slate resource: ../../../Engine/Content/Editor/Slate/Launcher/Android/Platform_Android_128x.png
[2018.07.12-05.28.16:804][  0]LogStreaming: Warning: Failed to read file '../../../Engine/Content/Editor/Slate/Launcher/Android/Platform_Android_128x.png' error.
[2018.07.12-05.28.16:804][  0]LogSlate: Could not find file for Slate resource: ../../../Engine/Content/Editor/Slate/Launcher/Android/Platform_Android_128x.png
[2018.07.12-05.28.16:804][  0]LogStreaming: Warning: Failed to read file '../../../Engine/Content/Editor/Slate/Launcher/Android/Platform_Android_ETC2_24x.png' error.
[2018.07.12-05.28.16:804][  0]LogSlate: Could not find file for Slate resource: ../../../Engine/Content/Editor/Slate/Launcher/Android/Platform_Android_ETC2_24x.png
[2018.07.12-05.28.16:804][  0]LogStreaming: Warning: Failed to read file '../../../Engine/Content/Editor/Slate/Launcher/Android/Platform_Android_128x.png' error.
[2018.07.12-05.28.16:804][  0]LogSlate: Could not find file for Slate resource: ../../../Engine/Content/Editor/Slate/Launcher/Android/Platform_Android_128x.png
[2018.07.12-05.28.16:804][  0]LogStreaming: Warning: Failed to read file '../../../Engine/Content/Editor/Slate/Launcher/Android/Platform_Android_128x.png' error.
[2018.07.12-05.28.16:804][  0]LogSlate: Could not find file for Slate resource: ../../../Engine/Content/Editor/Slate/Launcher/Android/Platform_Android_128x.png
[2018.07.12-05.28.16:804][  0]LogStreaming: Warning: Failed to read file '../../../Engine/Content/Editor/Slate/Launcher/Android/Platform_Android_ETC2_24x.png' error.
[2018.07.12-05.28.16:804][  0]LogSlate: Could not find file for Slate resource: ../../../Engine/Content/Editor/Slate/Launcher/Android/Platform_Android_ETC2_24x.png
[2018.07.12-05.28.16:804][  0]LogStreaming: Warning: Failed to read file '../../../Engine/Content/Editor/Slate/Launcher/Android/Platform_Android_128x.png' error.
[2018.07.12-05.28.16:804][  0]LogSlate: Could not find file for Slate resource: ../../../Engine/Content/Editor/Slate/Launcher/Android/Platform_Android_128x.png
[2018.07.12-05.28.16:804][  0]LogStreaming: Warning: Failed to read file '../../../Engine/Content/Editor/Slate/Launcher/Android/Platform_Android_128x.png' error.
[2018.07.12-05.28.16:804][  0]LogSlate: Could not find file for Slate resource: ../../../Engine/Content/Editor/Slate/Launcher/Android/Platform_Android_128x.png
[2018.07.12-05.28.16:804][  0]LogStreaming: Warning: Failed to read file '../../../Engine/Content/Editor/Slate/Launcher/Android/Platform_Android_PVRTC_24x.png' error.
[2018.07.12-05.28.16:804][  0]LogSlate: Could not find file for Slate resource: ../../../Engine/Content/Editor/Slate/Launcher/Android/Platform_Android_PVRTC_24x.png
[2018.07.12-05.28.16:804][  0]LogStreaming: Warning: Failed to read file '../../../Engine/Content/Editor/Slate/Launcher/Android/Platform_Android_128x.png' error.
[2018.07.12-05.28.16:804][  0]LogSlate: Could not find file for Slate resource: ../../../Engine/Content/Editor/Slate/Launcher/Android/Platform_Android_128x.png
[2018.07.12-05.28.16:804][  0]LogStreaming: Warning: Failed to read file '../../../Engine/Content/Editor/Slate/Launcher/Android/Platform_Android_128x.png' error.
[2018.07.12-05.28.16:805][  0]LogSlate: Could not find file for Slate resource: ../../../Engine/Content/Editor/Slate/Launcher/Android/Platform_Android_128x.png
[2018.07.12-05.28.16:805][  0]LogStreaming: Warning: Failed to read file '../../../Engine/Content/Editor/Slate/Launcher/Android/Platform_Android_ASTC_24x.png' error.
[2018.07.12-05.28.16:805][  0]LogSlate: Could not find file for Slate resource: ../../../Engine/Content/Editor/Slate/Launcher/Android/Platform_Android_ASTC_24x.png
[2018.07.12-05.28.16:805][  0]LogStreaming: Warning: Failed to read file '../../../Engine/Content/Editor/Slate/Launcher/Android/Platform_Android_128x.png' error.
[2018.07.12-05.28.16:805][  0]LogSlate: Could not find file for Slate resource: ../../../Engine/Content/Editor/Slate/Launcher/Android/Platform_Android_128x.png
[2018.07.12-05.28.16:805][  0]LogStreaming: Warning: Failed to read file '../../../Engine/Content/Editor/Slate/Launcher/Android/Platform_Android_128x.png' error.
[2018.07.12-05.28.16:805][  0]LogSlate: Could not find file for Slate resource: ../../../Engine/Content/Editor/Slate/Launcher/Android/Platform_Android_128x.png
[2018.07.12-05.28.17:956][  0]LogTcpMessaging: Initializing TcpMessaging bridge
[2018.07.12-05.28.17:984][  0]LogUdpMessaging: Initializing bridge on interface 0.0.0.0:0 to multicast group 230.0.0.1:6666.
[2018.07.12-05.28.18:188][  0]LogSkeletalMesh: Skeletal Mesh found in DDC [0.120320ms] /Game/Assets/Weapon/Sword.Sword
[2018.07.12-05.28.18:190][  0]LogSkeletalMesh: Skeletal Mesh found in DDC [0.025884ms] /Game/Assets/Weapon/Shield.Shield
[2018.07.12-05.28.20:107][  0]LogStats: FPlatformStackWalk::StackWalkAndDump -  1.918 s
[2018.07.12-05.28.20:107][  0]LogOutputDevice: Error: === Handled ensure: ===
[2018.07.12-05.28.20:107][  0]LogOutputDevice: Error: 
[2018.07.12-05.28.20:107][  0]LogOutputDevice: Error: Ensure condition failed: AttachmentRules.LocationRule == EAttachmentRule::KeepRelative && AttachmentRules.RotationRule == EAttachmentRule::KeepRelative && AttachmentRules.ScaleRule == EAttachmentRule::KeepRelative [File:C:\my_code\UnrealEngine-release\Engine\Source\Runtime\Engine\Private\Components\SceneComponent.cpp] [Line: 1678]
[2018.07.12-05.28.20:107][  0]LogOutputDevice: Error: AttachToComponent when called from a constructor is only setting up attachment and will always be treated as KeepRelative. Consider calling SetupAttachment directly instead.
[2018.07.12-05.28.20:107][  0]LogOutputDevice: Error: Stack: 
[2018.07.12-05.28.20:107][  0]LogOutputDevice: Error: [Callstack] 0x00000000B5C023F6 UE4Editor-Core.dll!FWindowsPlatformStackWalk::StackWalkAndDump() [c:\my_code\unrealengine-release\engine\source\runtime\core\private\windows\windowsplatformstackwalk.cpp:234]
[2018.07.12-05.28.20:107][  0]LogOutputDevice: Error: [Callstack] 0x00000000B59509EA UE4Editor-Core.dll!FDebug::EnsureFailed() [c:\my_code\unrealengine-release\engine\source\runtime\core\private\misc\assertionmacros.cpp:299]
[2018.07.12-05.28.20:107][  0]LogOutputDevice: Error: [Callstack] 0x00000000B5962B06 UE4Editor-Core.dll!FDebug::OptionallyLogFormattedEnsureMessageReturningFalse() [c:\my_code\unrealengine-release\engine\source\runtime\core\private\misc\assertionmacros.cpp:433]
[2018.07.12-05.28.20:107][  0]LogOutputDevice: Error: [Callstack] 0x00000000B67F1950 UE4Editor-Engine.dll!USceneComponent::AttachToComponent() [c:\my_code\unrealengine-release\engine\source\runtime\engine\private\components\scenecomponent.cpp:1678]
[2018.07.12-05.28.20:107][  0]LogOutputDevice: Error: [Callstack] 0x000000009698258D UE4Editor-DGame.dll!AAICharacter::AAICharacter() [e:\ue4\dgame\source\dgame\aicharacter.cpp:23]
[2018.07.12-05.28.20:107][  0]LogOutputDevice: Error: [Callstack] 0x00000000C0C9107D UE4Editor-CoreUObject.dll!UClass::CreateDefaultObject() [c:\my_code\unrealengine-release\engine\source\runtime\coreuobject\private\uobject\class.cpp:2749]
[2018.07.12-05.28.20:107][  0]LogOutputDevice: Error: [Callstack] 0x00000000C0F2D9A7 UE4Editor-CoreUObject.dll!UObjectLoadAllCompiledInDefaultProperties() [c:\my_code\unrealengine-release\engine\source\runtime\coreuobject\private\uobject\uobjectbase.cpp:821]
[2018.07.12-05.28.20:108][  0]LogOutputDevice: Error: [Callstack] 0x00000000C0F0F1A1 UE4Editor-CoreUObject.dll!ProcessNewlyLoadedUObjects() [c:\my_code\unrealengine-release\engine\source\runtime\coreuobject\private\uobject\uobjectbase.cpp:895]
[2018.07.12-05.28.20:108][  0]LogOutputDevice: Error: [Callstack] 0x00000000C0C96B77 UE4Editor-CoreUObject.dll!TBaseStaticDelegateInstance<void __cdecl(void)>::ExecuteIfSafe() [c:\my_code\unrealengine-release\engine\source\runtime\core\public\delegates\delegateinstancesimpl.h:788]
[2018.07.12-05.28.20:108][  0]LogOutputDevice: Error: [Callstack] 0x00000000B58E6557 UE4Editor-Core.dll!TBaseMulticastDelegate<void>::Broadcast() [c:\my_code\unrealengine-release\engine\source\runtime\core\public\delegates\delegatesignatureimpl.inl:937]
[2018.07.12-05.28.20:108][  0]LogOutputDevice: Error: [Callstack] 0x00000000B5A0D435 UE4Editor-Core.dll!FModuleManager::LoadModuleWithFailureReason() [c:\my_code\unrealengine-release\engine\source\runtime\core\private\modules\modulemanager.cpp:487]
[2018.07.12-05.28.20:108][  0]LogOutputDevice: Error: [Callstack] 0x00000000DB2DE0C3 UE4Editor-Projects.dll!FModuleDescriptor::LoadModulesForPhase() [c:\my_code\unrealengine-release\engine\source\runtime\projects\private\moduledescriptor.cpp:484]
[2018.07.12-05.28.20:108][  0]LogOutputDevice: Error: [Callstack] 0x00000000DB2DE3AA UE4Editor-Projects.dll!FProjectManager::LoadModulesForProject() [c:\my_code\unrealengine-release\engine\source\runtime\projects\private\projectmanager.cpp:69]
[2018.07.12-05.28.20:108][  0]LogOutputDevice: Error: [Callstack] 0x0000000021E78951 UE4Editor.exe!FEngineLoop::LoadStartupModules() [c:\my_code\unrealengine-release\engine\source\runtime\launch\private\launchengineloop.cpp:2610]
[2018.07.12-05.28.20:108][  0]LogOutputDevice: Error: [Callstack] 0x0000000021E7DE38 UE4Editor.exe!FEngineLoop::PreInit() [c:\my_code\unrealengine-release\engine\source\runtime\launch\private\launchengineloop.cpp:2027]
[2018.07.12-05.28.20:108][  0]LogOutputDevice: Error: [Callstack] 0x0000000021E75E38 UE4Editor.exe!GuardedMain() [c:\my_code\unrealengine-release\engine\source\runtime\launch\private\launch.cpp:127]
[2018.07.12-05.28.20:108][  0]LogOutputDevice: Error: [Callstack] 0x0000000021E7609A UE4Editor.exe!GuardedMainWrapper() [c:\my_code\unrealengine-release\engine\source\runtime\launch\private\windows\launchwindows.cpp:144]
[2018.07.12-05.28.20:108][  0]LogOutputDevice: Error: [Callstack] 0x0000000021E8404C UE4Editor.exe!WinMain() [c:\my_code\unrealengine-release\engine\source\runtime\launch\private\windows\launchwindows.cpp:223]
[2018.07.12-05.28.20:108][  0]LogOutputDevice: Error: [Callstack] 0x0000000021E85CBA UE4Editor.exe!__scrt_common_main_seh() [f:\dd\vctools\crt\vcstartup\src\startup\exe_common.inl:283]
[2018.07.12-05.28.20:108][  0]LogOutputDevice: Error: [Callstack] 0x00000000E92E2774 KERNEL32.DLL!UnknownFunction []
[2018.07.12-05.28.20:108][  0]LogOutputDevice: Error: [Callstack] 0x00000000E9F40D51 ntdll.dll!UnknownFunction []
[2018.07.12-05.28.20:108][  0]LogOutputDevice: Error: 
[2018.07.12-05.28.20:119][  0]LogStats:                SubmitErrorReport -  0.000 s
[2018.07.12-05.28.20:250][  0]LogWindows: Warning: CreateProc failed: 系统找不到指定的文件。 (0x00000002)
[2018.07.12-05.28.20:250][  0]LogWindows: Warning: URL: ../../../Engine/Binaries/Win64/CrashReportClient.exe "E:/ue4/DGame/Saved/Crashes/UE4CC-Windows-312060EF4366FFA3CEC7C38A0F61944D_0000" -Unattended -AppName=UE4-DGame -CrashGUID=UE4CC-Windows-312060EF4366FFA3CEC7C38A0F61944D_0000 -DebugSymbols=..\..\..\Engine\Intermediate\Symbols
[2018.07.12-05.28.20:250][  0]LogStats:                    SendNewReport -  0.131 s
[2018.07.12-05.28.20:250][  0]LogStats:             FDebug::EnsureFailed -  2.060 s
[2018.07.12-05.28.20:307][  0]LogUObjectGlobals: Created PersistentFrame Addr=0x00000141d3ec3200, Size=408, Default__bp_mycharacter_anim_C Function /Game/Blueprints/Character/bp_mycharacter_anim.bp_mycharacter_anim_C:ExecuteUbergraph_bp_mycharacter_anim
[2018.07.12-05.28.20:326][  0]LogUObjectGlobals: Destroyed PersistentFrame Addr=0x00000141d3ec3200, Size=408
[2018.07.12-05.28.20:326][  0]LogUObjectGlobals: Created PersistentFrame Addr=0x00000141d4a96080, Size=408, Default__bp_mycharacter_anim_C Function /Engine/Transient.REINST_bp_mycharacter_anim_C_0:ExecuteUbergraph_bp_mycharacter_anim
[2018.07.12-05.28.20:346][  0]LogUObjectGlobals: Created PersistentFrame Addr=0x00000141d48a6940, Size=408, Default__bp_mycharacter_anim_C Function /Game/Blueprints/Character/bp_mycharacter_anim.bp_mycharacter_anim_C:ExecuteUbergraph_bp_mycharacter_anim
[2018.07.12-05.28.20:369][  0]LogUObjectGlobals: Created PersistentFrame Addr=0x00000141d4859400, Size=240, Default__bp_MyCharacter_C Function /Game/Blueprints/Character/bp_MyCharacter.bp_MyCharacter_C:ExecuteUbergraph_bp_MyCharacter
[2018.07.12-05.28.20:372][  0]LogUObjectGlobals: Destroyed PersistentFrame Addr=0x00000141d4859400, Size=240
[2018.07.12-05.28.20:372][  0]LogUObjectGlobals: Created PersistentFrame Addr=0x00000141d4859400, Size=240, Default__bp_MyCharacter_C Function /Engine/Transient.REINST_bp_MyCharacter_C_4:ExecuteUbergraph_bp_MyCharacter
[2018.07.12-05.28.20:374][  0]LogUObjectGlobals: Created PersistentFrame Addr=0x00000141d48bf000, Size=240, Default__bp_MyCharacter_C Function /Game/Blueprints/Character/bp_MyCharacter.bp_MyCharacter_C:ExecuteUbergraph_bp_MyCharacter
[2018.07.12-05.28.20:411][  0]LogSkeletalMesh: Skeletal Mesh found in DDC [2.792955ms] /Game/Assets/Character/SK_Mannequin.SK_Mannequin
[2018.07.12-05.28.20:556][  0]SourceControl: 源码控制已禁用
[2018.07.12-05.28.20:557][  0]SourceControl: 源码控制已禁用
[2018.07.12-05.28.20:597][  0]SourceControl: 源码控制已禁用
[2018.07.12-05.28.20:612][  0]SourceControl: 源码控制已禁用
[2018.07.12-05.28.21:115][  0]LogAndroidPermission: UAndroidPermissionCallbackProxy::GetInstance
[2018.07.12-05.28.21:274][  0]LogOcInput: OculusInput pre-init called
[2018.07.12-05.28.21:366][  0]LogEngine: Initializing Engine...
[2018.07.12-05.28.21:367][  0]LogHMD: Failed to initialize OpenVR with code 110
[2018.07.12-05.28.21:368][  0]LogStats: UGameplayTagsManager::ConstructGameplayTagTree: Construct from data asset -  0.000 s
[2018.07.12-05.28.21:368][  0]LogStats: UGameplayTagsManager::ConstructGameplayTagTree: GameplayTagTreeChangedEvent.Broadcast -  0.000 s
[2018.07.12-05.28.21:576][  0]LogAIModule: Creating AISystem for world Untitled
[2018.07.12-05.28.21:589][  0]LogInit: XAudio2 using '扬声器 (Realtek High Definition Audio)' : 2 channels at 48 kHz using 32 bits per sample (channel mask 0x3)
[2018.07.12-05.28.21:620][  0]LogInit: FAudioDevice initialized.
[2018.07.12-05.28.21:801][  0]LogDerivedDataCache: Saved boot cache 0.18s 80MB E:/ue4/DGame/DerivedDataCache/Boot.ddc.
[2018.07.12-05.28.21:812][  0]LogInit: Texture streaming: Enabled
[2018.07.12-05.28.21:834][  0]LogEngineSessionManager: EngineSessionManager initialized
[2018.07.12-05.28.21:848][  0]LogInit: Transaction tracking system initialized
[2018.07.12-05.28.21:889][  0]BlueprintLog: New page: 编辑器加载
[2018.07.12-05.28.22:130][  0]LocalizationService: 本地化服务已被禁用
[2018.07.12-05.28.22:275][  0]LogConsoleResponse: Display: 
[2018.07.12-05.28.22:400][  0]LogCook: Display: Max memory allowance for cook 16384mb min free memory 0mb
[2018.07.12-05.28.22:400][  0]LogCook: Display: Mobile HDR setting 1
[2018.07.12-05.28.22:400][  0]LogGameplayTags: Display: UGameplayTagsManager::DoneAddingNativeTags. DelegateIsBound: 0
[2018.07.12-05.28.22:400][  0]LogStats: UGameplayTagsManager::ConstructGameplayTagTree: Construct from data asset -  0.000 s
[2018.07.12-05.28.22:400][  0]LogStats: UGameplayTagsManager::ConstructGameplayTagTree: GameplayTagTreeChangedEvent.Broadcast -  0.000 s
[2018.07.12-05.28.22:482][  0]LogFileCache: Scanning file cache for directory 'E:/ue4/DGame/Content/' took 0.01s
[2018.07.12-05.28.22:760][  0]SourceControl: 源码控制已禁用
[2018.07.12-05.28.22:760][  0]Cmd: MAP LOAD FILE="E:/ue4/DGame/Content/Maps/maps_start.umap" TEMPLATE=0 SHOWPROGRESS=1 FEATURELEVEL=3
[2018.07.12-05.28.22:760][  0]LightingResults: New page: 光照构建
[2018.07.12-05.28.22:763][  0]MapCheck: New page: 地图检测
[2018.07.12-05.28.22:763][  0]LightingResults: New page: 光照构建
[2018.07.12-05.28.22:772][  0]LogUObjectGlobals: Destroyed PersistentFrame Addr=0x00000141d4a96080, Size=408
[2018.07.12-05.28.22:773][  0]LogUObjectGlobals: Destroyed PersistentFrame Addr=0x00000141d4859400, Size=240
[2018.07.12-05.28.22:786][  0]LogUObjectGlobals: Created PersistentFrame Addr=0x000001416d437ba0, Size=56, Default__bp_ai_controller_C Function /Game/Blueprints/AI/bp_ai_controller.bp_ai_controller_C:ExecuteUbergraph_bp_ai_controller
[2018.07.12-05.28.22:788][  0]LogUObjectGlobals: Created PersistentFrame Addr=0x00000141d6a6dc00, Size=704, Default__agro_check_C Function /Game/Blueprints/AI/agro_check.agro_check_C:ExecuteUbergraph_agro_check
[2018.07.12-05.28.22:790][  0]LogUObjectGlobals: Created PersistentFrame Addr=0x00000141d6904800, Size=248, Default__bp_AICharacter_C Function /Game/Blueprints/AI/bp_AICharacter.bp_AICharacter_C:ExecuteUbergraph_bp_AICharacter
[2018.07.12-05.28.22:792][  0]LogUObjectGlobals: Created PersistentFrame Addr=0x00000141d6b0ed40, Size=264, Default__bp_ai_anim_C Function /Game/Blueprints/AI/bp_ai_anim.bp_ai_anim_C:ExecuteUbergraph_bp_ai_anim
[2018.07.12-05.28.22:835][  0]LogUObjectGlobals: Created PersistentFrame Addr=0x00000141d6b45440, Size=40, Default__bp_task_attack_C Function /Game/Blueprints/AI/bp_task_attack.bp_task_attack_C:ExecuteUbergraph_bp_task_attack
[2018.07.12-05.28.22:843][  0]LogUObjectGlobals: Created PersistentFrame Addr=0x00000141d6713900, Size=120, Default__RapidMoveTo_C Function /Game/Blueprints/AI/RapidMoveTo.RapidMoveTo_C:ExecuteUbergraph_RapidMoveTo
[2018.07.12-05.28.22:854][  0]LogUObjectGlobals: Destroyed PersistentFrame Addr=0x00000141d6b0ed40, Size=264
[2018.07.12-05.28.22:854][  0]LogUObjectGlobals: Created PersistentFrame Addr=0x00000141d66b7d80, Size=264, Default__bp_ai_anim_C Function /Engine/Transient.REINST_bp_ai_anim_C_1:ExecuteUbergraph_bp_ai_anim
[2018.07.12-05.28.22:854][  0]LogUObjectGlobals: Destroyed PersistentFrame Addr=0x000001416d437ba0, Size=56
[2018.07.12-05.28.22:854][  0]LogUObjectGlobals: Created PersistentFrame Addr=0x000001416d437ba0, Size=56, Default__bp_ai_controller_C Function /Engine/Transient.REINST_bp_ai_controller_C_6:ExecuteUbergraph_bp_ai_controller
[2018.07.12-05.28.22:854][  0]LogUObjectGlobals: Destroyed PersistentFrame Addr=0x00000141d6b45440, Size=40
[2018.07.12-05.28.22:855][  0]LogUObjectGlobals: Created PersistentFrame Addr=0x00000141d6b45440, Size=40, Default__bp_task_attack_C Function /Engine/Transient.REINST_bp_task_attack_C_7:ExecuteUbergraph_bp_task_attack
[2018.07.12-05.28.22:855][  0]LogUObjectGlobals: Destroyed PersistentFrame Addr=0x00000141d6713900, Size=120
[2018.07.12-05.28.22:855][  0]LogUObjectGlobals: Created PersistentFrame Addr=0x00000141d667f700, Size=120, Default__RapidMoveTo_C Function /Engine/Transient.REINST_RapidMoveTo_C_8:ExecuteUbergraph_RapidMoveTo
[2018.07.12-05.28.22:855][  0]LogUObjectGlobals: Destroyed PersistentFrame Addr=0x00000141d6a6dc00, Size=704
[2018.07.12-05.28.22:855][  0]LogUObjectGlobals: Created PersistentFrame Addr=0x00000141d66c2500, Size=704, Default__agro_check_C Function /Engine/Transient.REINST_agro_check_C_9:ExecuteUbergraph_agro_check
[2018.07.12-05.28.22:856][  0]LogUObjectGlobals: Destroyed PersistentFrame Addr=0x00000141d6904800, Size=248
[2018.07.12-05.28.22:856][  0]LogUObjectGlobals: Created PersistentFrame Addr=0x00000141d6a31300, Size=248, Default__bp_AICharacter_C Function /Engine/Transient.REINST_bp_AICharacter_C_12:ExecuteUbergraph_bp_AICharacter
[2018.07.12-05.28.22:882][  0]LogUObjectGlobals: Created PersistentFrame Addr=0x00000141d6476e80, Size=264, Default__bp_ai_anim_C Function /Game/Blueprints/AI/bp_ai_anim.bp_ai_anim_C:ExecuteUbergraph_bp_ai_anim
[2018.07.12-05.28.22:884][  0]LogUObjectGlobals: Created PersistentFrame Addr=0x00000141d649c720, Size=56, Default__bp_ai_controller_C Function /Game/Blueprints/AI/bp_ai_controller.bp_ai_controller_C:ExecuteUbergraph_bp_ai_controller
[2018.07.12-05.28.22:884][  0]LogUObjectGlobals: Created PersistentFrame Addr=0x00000141d640be70, Size=40, Default__bp_task_attack_C Function /Game/Blueprints/AI/bp_task_attack.bp_task_attack_C:ExecuteUbergraph_bp_task_attack
[2018.07.12-05.28.22:885][  0]LogUObjectGlobals: Created PersistentFrame Addr=0x00000141d63eb080, Size=120, Default__RapidMoveTo_C Function /Game/Blueprints/AI/RapidMoveTo.RapidMoveTo_C:ExecuteUbergraph_RapidMoveTo
[2018.07.12-05.28.22:887][  0]LogUObjectGlobals: Created PersistentFrame Addr=0x00000141d63c3100, Size=704, Default__agro_check_C Function /Game/Blueprints/AI/agro_check.agro_check_C:ExecuteUbergraph_agro_check
[2018.07.12-05.28.22:888][  0]LogUObjectGlobals: Created PersistentFrame Addr=0x000001416a3e1900, Size=248, Default__bp_AICharacter_C Function /Game/Blueprints/AI/bp_AICharacter.bp_AICharacter_C:ExecuteUbergraph_bp_AICharacter
[2018.07.12-05.28.22:958][  0]LogUObjectGlobals: Created PersistentFrame Addr=0x000001416c58f740, Size=208, Default__bp_01_C Function /Game/Learn_temp/bp_01.bp_01_C:ExecuteUbergraph_bp_01
[2018.07.12-05.28.22:960][  0]LogUObjectGlobals: Destroyed PersistentFrame Addr=0x000001416c58f740, Size=208
[2018.07.12-05.28.22:960][  0]LogUObjectGlobals: Created PersistentFrame Addr=0x000001416c58f740, Size=208, Default__bp_01_C Function /Engine/Transient.REINST_bp_01_C_24:ExecuteUbergraph_bp_01
[2018.07.12-05.28.22:961][  0]LogUObjectGlobals: Created PersistentFrame Addr=0x000001416c58dde0, Size=208, Default__bp_01_C Function /Game/Learn_temp/bp_01.bp_01_C:ExecuteUbergraph_bp_01
[2018.07.12-05.28.22:968][  0]LogUObjectGlobals: Created PersistentFrame Addr=0x00000141d64a59c0, Size=176, Default__bp_int_01_C Function /Game/Learn_temp/bp_int_01.bp_int_01_C:ExecuteUbergraph_bp_int_01
[2018.07.12-05.28.22:970][  0]LogUObjectGlobals: Destroyed PersistentFrame Addr=0x00000141d64a59c0, Size=176
[2018.07.12-05.28.22:970][  0]LogUObjectGlobals: Created PersistentFrame Addr=0x00000141d64a59c0, Size=176, Default__bp_int_01_C Function /Engine/Transient.REINST_bp_int_01_C_30:ExecuteUbergraph_bp_int_01
[2018.07.12-05.28.22:971][  0]LogUObjectGlobals: Created PersistentFrame Addr=0x00000141d64a5c00, Size=176, Default__bp_int_01_C Function /Game/Learn_temp/bp_int_01.bp_int_01_C:ExecuteUbergraph_bp_int_01
[2018.07.12-05.28.22:974][  0]LogUObjectGlobals: Created PersistentFrame Addr=0x00000141d64a62c0, Size=176, Default__bp_int_02_C Function /Game/Learn_temp/bp_int_02.bp_int_02_C:ExecuteUbergraph_bp_int_02
[2018.07.12-05.28.22:975][  0]LogUObjectGlobals: Destroyed PersistentFrame Addr=0x00000141d64a62c0, Size=176
[2018.07.12-05.28.22:975][  0]LogUObjectGlobals: Created PersistentFrame Addr=0x00000141d64a62c0, Size=176, Default__bp_int_02_C Function /Engine/Transient.REINST_bp_int_02_C_32:ExecuteUbergraph_bp_int_02
[2018.07.12-05.28.22:976][  0]LogUObjectGlobals: Created PersistentFrame Addr=0x00000141d64a6680, Size=176, Default__bp_int_02_C Function /Game/Learn_temp/bp_int_02.bp_int_02_C:ExecuteUbergraph_bp_int_02
[2018.07.12-05.28.22:980][  0]LogUObjectGlobals: Created PersistentFrame Addr=0x00000141d6555060, Size=88, Default__bp_int_triggle_C Function /Game/Learn_temp/bp_int_triggle.bp_int_triggle_C:ExecuteUbergraph_bp_int_triggle
[2018.07.12-05.28.22:981][  0]LogUObjectGlobals: Destroyed PersistentFrame Addr=0x00000141d6555060, Size=88
[2018.07.12-05.28.22:981][  0]LogUObjectGlobals: Created PersistentFrame Addr=0x00000141d6555060, Size=88, Default__bp_int_triggle_C Function /Engine/Transient.REINST_bp_int_triggle_C_34:ExecuteUbergraph_bp_int_triggle
[2018.07.12-05.28.22:982][  0]LogUObjectGlobals: Created PersistentFrame Addr=0x00000141d6554d00, Size=88, Default__bp_int_triggle_C Function /Game/Learn_temp/bp_int_triggle.bp_int_triggle_C:ExecuteUbergraph_bp_int_triggle
[2018.07.12-05.28.23:195][  0]LogAIModule: Creating AISystem for world maps_start
[2018.07.12-05.28.23:207][  0]LogEditorServer: Finished looking for orphan Actors (0.000 secs)
[2018.07.12-05.28.23:218][  0]LogUObjectGlobals: Destroyed PersistentFrame Addr=0x00000141d6b45440, Size=40
[2018.07.12-05.28.23:218][  0]LogUObjectGlobals: Destroyed PersistentFrame Addr=0x00000141d66b7d80, Size=264
[2018.07.12-05.28.23:218][  0]LogUObjectGlobals: Destroyed PersistentFrame Addr=0x00000141d6a31300, Size=248
[2018.07.12-05.28.23:218][  0]LogUObjectGlobals: Destroyed PersistentFrame Addr=0x00000141d66c2500, Size=704
[2018.07.12-05.28.23:218][  0]LogUObjectGlobals: Destroyed PersistentFrame Addr=0x000001416d437ba0, Size=56
[2018.07.12-05.28.23:218][  0]LogUObjectGlobals: Destroyed PersistentFrame Addr=0x00000141d667f700, Size=120
[2018.07.12-05.28.23:218][  0]LogUObjectGlobals: Destroyed PersistentFrame Addr=0x000001416c58f740, Size=208
[2018.07.12-05.28.23:218][  0]LogUObjectGlobals: Destroyed PersistentFrame Addr=0x00000141d64a59c0, Size=176
[2018.07.12-05.28.23:218][  0]LogUObjectGlobals: Destroyed PersistentFrame Addr=0x00000141d64a62c0, Size=176
[2018.07.12-05.28.23:218][  0]LogUObjectGlobals: Destroyed PersistentFrame Addr=0x00000141d6555060, Size=88
[2018.07.12-05.28.23:220][  0]Cmd: MAP CHECKDEP NOCLEARLOG
[2018.07.12-05.28.23:261][  0]MapCheck: 地图检测完成：0个错误，0 个警告，用时41.789毫秒完成。
[2018.07.12-05.28.23:261][  0]LogFileHelpers: Loading map 'maps_start' took 0.501
[2018.07.12-05.28.23:313][  0]LogWindowsTextInputMethodSystem: Display: IME system now activated using TSF (微软五笔).
[2018.07.12-05.28.23:354][  0]LogCollectionManager: Loaded 0 collections in 0.002296 seconds
[2018.07.12-05.28.23:393][  0]LogFileCache: Scanning file cache for directory 'E:/ue4/DGame/Saved/Collections/' took 0.01s
[2018.07.12-05.28.23:393][  0]LogFileCache: Scanning file cache for directory 'E:/ue4/DGame/Content/Developers/duaduacao/Collections/' took 0.01s
[2018.07.12-05.28.23:393][  0]LogFileCache: Scanning file cache for directory 'E:/ue4/DGame/Content/Collections/' took 0.01s
[2018.07.12-05.28.23:393][  0]LogCollectionManager: Rebuilt the GUID cache for 0 collections in 0.000001 seconds
[2018.07.12-05.28.23:400][  0]LogContentBrowser: Native class hierarchy populated in 0.0072 seconds. Added 2460 classes and 558 folders.
[2018.07.12-05.28.23:407][  0]LogContentBrowser: Native class hierarchy updated for 'WidgetCarousel' in 0.0005 seconds. Added 0 classes and 0 folders.
[2018.07.12-05.28.23:437][  0]LogContentBrowser: Native class hierarchy updated for 'AddContentDialog' in 0.0005 seconds. Added 0 classes and 0 folders.
[2018.07.12-05.28.23:491][  0]LogContentBrowser: Native class hierarchy updated for 'SceneOutliner' in 0.0005 seconds. Added 1 classes and 2 folders.
[2018.07.12-05.28.23:547][  0]LogSlate: Took 0.000187 seconds to synchronously load lazily loaded font '../../../Engine/Content/Slate/Fonts/Roboto-Regular.ttf' (155K)
[2018.07.12-05.28.23:551][  0]LogSlate: Took 0.002980 seconds to synchronously load lazily loaded font '../../../Engine/Content/Slate/Fonts/DroidSansFallback.ttf' (3848K)
[2018.07.12-05.28.23:552][  0]LogSlate: Took 0.000182 seconds to synchronously load lazily loaded font '../../../Engine/Content/Slate/Fonts/Roboto-Bold.ttf' (160K)
[2018.07.12-05.28.23:553][  0]LogSlate: Took 0.000171 seconds to synchronously load lazily loaded font '../../../Engine/Content/Editor/Slate/Fonts/FontAwesome.ttf' (139K)
[2018.07.12-05.28.23:611][  0]LogRenderer: Reallocating scene render targets to support 860x1084 Format 10 NumSamples 1 (Frame:1).
[2018.07.12-05.28.23:718][  0]LogContentBrowser: Native class hierarchy updated for 'HierarchicalLODOutliner' in 0.0009 seconds. Added 0 classes and 0 folders.
[2018.07.12-05.28.23:718][  0]LogLoad: (Engine Initialization) Total time: 19.21 seconds
[2018.07.12-05.28.23:718][  0]LogLoad: (Engine Initialization) Total Blueprint compile time: 0.00 seconds
[2018.07.12-05.28.23:754][  0]LogContentStreaming: Texture pool size now 1000 MB
[2018.07.12-05.28.23:783][  0]LogSlate: Took 0.000095 seconds to synchronously load lazily loaded font '../../../Engine/Content/Slate/Fonts/Roboto-Light.ttf' (167K)
[2018.07.12-05.28.23:833][  1]LogAssetRegistry: Asset discovery search completed in 8.3474 seconds
[2018.07.12-05.28.23:835][  1]LogCollectionManager: Rebuilt the object cache for 0 collections in 0.000000 seconds (found 0 objects)
[2018.07.12-05.28.23:835][  1]LogCollectionManager: Fixed up redirectors for 0 collections in 0.000035 seconds (updated 0 objects)
[2018.07.12-05.28.25:780][226]LogSlate: FSceneViewport::OnFocusLost() reason 0
[2018.07.12-05.28.30:577][593]LogSlate: Window 'Delete Assets' being destroyed
[2018.07.12-05.28.30:582][593]LogSlate: Took 0.000123 seconds to synchronously load lazily loaded font '../../../Engine/Content/Slate/Fonts/Roboto-Light.ttf' (167K)
[2018.07.12-05.28.33:165][736]LogContentBrowser: Native class hierarchy updated for 'BlueprintGraph' in 0.0007 seconds. Added 116 classes and 0 folders.
[2018.07.12-05.28.33:394][736]LogUObjectGlobals: Created PersistentFrame Addr=0x00000142271958a8, Size=4, Default__SKEL_PROTO_BP_AnimBlueprint_0_C Function /Engine/Transient.SKEL_PROTO_BP_AnimBlueprint_0_C:ExecuteUbergraph_PROTO_BP_AnimBlueprint_0
[2018.07.12-05.28.33:395][736]LogUObjectGlobals: Created PersistentFrame Addr=0x00000142271958a0, Size=4, Default__PROTO_BP_AnimBlueprint_0_C Function /Engine/Transient.PROTO_BP_AnimBlueprint_0_C:ExecuteUbergraph_PROTO_BP_AnimBlueprint_0
[2018.07.12-05.28.33:722][736]LogSlate: Took 0.000139 seconds to synchronously load lazily loaded font '../../../Engine/Content/Slate/Fonts/Roboto-BoldCondensed.ttf' (158K)
[2018.07.12-05.28.33:795][737]LogSlate: Took 0.000145 seconds to synchronously load lazily loaded font '../../../Engine/Content/Slate/Fonts/Roboto-Italic.ttf' (157K)
[2018.07.12-05.28.34:839][854]LogUObjectGlobals: Created PersistentFrame Addr=0x000001422ddaa2c0, Size=4, Default__SKEL_bp_AICharacter_C Function /Game/Blueprints/AI/bp_AICharacter.SKEL_bp_AICharacter_C:ExecuteUbergraph_bp_AICharacter
[2018.07.12-05.28.35:600][938]LogUObjectGlobals: Destroyed PersistentFrame Addr=0x000001422ddaa2c0, Size=4
[2018.07.12-05.28.35:600][938]LogUObjectGlobals: Created PersistentFrame Addr=0x000001422ddaa2c0, Size=4, Default__SKEL_bp_AICharacter_C Function /Engine/Transient.REINST_SKEL_bp_AICharacter_C_50:ExecuteUbergraph_bp_AICharacter
[2018.07.12-05.28.35:601][938]LogUObjectGlobals: Created PersistentFrame Addr=0x000001422ddab158, Size=4, Default__SKEL_bp_AICharacter_C Function /Game/Blueprints/AI/bp_AICharacter.SKEL_bp_AICharacter_C:ExecuteUbergraph_bp_AICharacter
[2018.07.12-05.28.36:721][ 66]BlueprintLog: New page: 编译bp_AICharacter
[2018.07.12-05.28.36:725][ 66]LogUObjectGlobals: Destroyed PersistentFrame Addr=0x000001422ddab158, Size=4
[2018.07.12-05.28.36:725][ 66]LogUObjectGlobals: Created PersistentFrame Addr=0x000001422e3a3fd8, Size=4, Default__SKEL_bp_AICharacter_C Function /Engine/Transient.REINST_SKEL_bp_AICharacter_C_53:ExecuteUbergraph_bp_AICharacter
[2018.07.12-05.28.36:731][ 66]LogUObjectGlobals: Destroyed PersistentFrame Addr=0x000001416a3e1900, Size=248
[2018.07.12-05.28.36:731][ 66]LogUObjectGlobals: Created PersistentFrame Addr=0x000001422e545c00, Size=248, Default__bp_AICharacter_C Function /Engine/Transient.REINST_bp_AICharacter_C_56:ExecuteUbergraph_bp_AICharacter
[2018.07.12-05.28.36:733][ 66]LogUObjectGlobals: Created PersistentFrame Addr=0x000001422e36f500, Size=248, Default__bp_AICharacter_C Function /Game/Blueprints/AI/bp_AICharacter.bp_AICharacter_C:ExecuteUbergraph_bp_AICharacter
[2018.07.12-05.28.37:048][ 66]LogUObjectGlobals: Destroyed PersistentFrame Addr=0x000001422e3a3fd8, Size=4
[2018.07.12-05.28.39:002][283]Cmd: OBJ SAVEPACKAGE PACKAGE="/Game/Maps/maps_start" FILE="E:/ue4/DGame/Content/Maps/maps_start.umap" SILENT=true AUTOSAVING=false KEEPDIRTY=false
[2018.07.12-05.28.39:127][283]LogSavePackage: Save=96.90ms
[2018.07.12-05.28.39:127][283]LogSavePackage: Moving 'E:/ue4/DGame/Saved/maps_start8835CFAD4914AAD9E1B06F8232D6FDC8.tmp' to 'E:/ue4/DGame/Content/Maps/maps_start.umap'
[2018.07.12-05.28.39:129][283]LogSavePackage: Display: Finished SavePackage E:/ue4/DGame/Content/Maps/maps_start.umap
[2018.07.12-05.28.39:155][283]LogFileHelpers: Saving map 'maps_start' took 0.205
[2018.07.12-05.28.39:169][283]Cmd: OBJ SAVEPACKAGE PACKAGE="/Game/Blueprints/AI/bp_AICharacter" FILE="E:/ue4/DGame/Content/Blueprints/AI/bp_AICharacter.uasset" SILENT=true
[2018.07.12-05.28.39:203][283]LogSavePackage: Save=21.62ms
[2018.07.12-05.28.39:203][283]LogSavePackage: Moving 'E:/ue4/DGame/Saved/bp_AICharacterC4F3205C46CD1100998A1AB41A52F552.tmp' to 'E:/ue4/DGame/Content/Blueprints/AI/bp_AICharacter.uasset'
[2018.07.12-05.28.39:205][283]LogSavePackage: Display: Finished SavePackage E:/ue4/DGame/Content/Blueprints/AI/bp_AICharacter.uasset
[2018.07.12-05.28.40:072][373]Candidate modules for hot reload:
[2018.07.12-05.28.40:072][373]  DGame
[2018.07.12-05.28.40:072][373]Building UnrealBuildTool...
[2018.07.12-05.28.40:072][373]Building UnrealBuildTool in C:/my_code/UnrealEngine-release/...
[2018.07.12-05.28.40:073][373]Running: C:\Program Files (x86)\Microsoft Visual Studio\2017\Community\MSBuild\15.0\bin\MSBuild.exe /nologo /verbosity:quiet "C:/my_code/UnrealEngine-release/Engine/Source/Programs/UnrealBuildTool/UnrealBuildTool.csproj" /property:Configuration=Development /property:Platform=AnyCPU
[2018.07.12-05.28.41:677][373]Launching UnrealBuildTool... [C:/my_code/UnrealEngine-release/Engine/Binaries/DotNET/UnrealBuildTool.exe DGame -ModuleWithSuffix=DGame,1220 Win64 Development -editorrecompile -canskiplink "E:/ue4/DGame/DGame.uproject" ]
[2018.07.12-05.28.41:690][373]Warning: Starting HotReload took  1.7s.
[2018.07.12-05.28.52:316][645]CompilerResultsLog: New page: 编译- 2018年7月12日 下午9:28:52
[2018.07.12-05.28.52:316][645]CompilerResultsLog: Using 'git status' to determine working set for adaptive non-unity build.
[2018.07.12-05.28.52:316][645]CompilerResultsLog: Creating makefile for hot reloading DGame (modules to compile have changed)
[2018.07.12-05.28.52:316][645]CompilerResultsLog: Compiling game modules for hot reload
[2018.07.12-05.28.52:316][645]CompilerResultsLog: Target is up to date
[2018.07.12-05.28.52:316][645]CompilerResultsLog: Total build time: 9.91 seconds (NoActionsToExecute executor: 0.00 seconds)
[2018.07.12-05.28.52:316][645]LogMainFrame: MainFrame: Module compiling took 12.247 seconds
[2018.07.12-05.28.52:333][645]LogUObjectGlobals: Destroyed PersistentFrame Addr=0x000001422ddaa2c0, Size=4
[2018.07.12-05.28.52:537][645]LogContentBrowser: Native class hierarchy populated in 0.0085 seconds. Added 2461 classes and 560 folders.
[2018.07.12-05.28.52:537][645]Display: HotReload took 12.6s.
[2018.07.12-05.28.56:491][119]LogSlate: FSceneViewport::OnFocusLost() reason 0
[2018.07.12-05.28.56:574][129]LogTemp: Repeating last play command: 模拟
[2018.07.12-05.28.56:593][129]LogBlueprintUserMessages: Early PlayInEditor Detection: Level '/Game/Maps/maps_start.maps_start:PersistentLevel' has LevelScriptBlueprint '/Game/Maps/maps_start.maps_start:PersistentLevel.maps_start' with GeneratedClass '/Game/Maps/maps_start.maps_start_C' with ClassGeneratedBy '/Game/Maps/maps_start.maps_start:PersistentLevel.maps_start'
[2018.07.12-05.28.56:593][129]LogPlayLevel: PlayLevel: No blueprints needed recompiling
[2018.07.12-05.28.56:594][129]PIE: New page: SIE 会话: maps_start (2018年7月12日 下午9:28:56)
[2018.07.12-05.28.56:594][129]LogPlayLevel: Creating play world package: /Game/Maps/UEDPIE_0_maps_start
[2018.07.12-05.28.56:617][129]LogPlayLevel: PIE: StaticDuplicateObject took: (0.023658s)
[2018.07.12-05.28.56:618][129]LogAIModule: Creating AISystem for world maps_start
[2018.07.12-05.28.56:618][129]LogPlayLevel: PIE: World Init took: (0.000737s)
[2018.07.12-05.28.56:618][129]LogPlayLevel: PIE: Created PIE world by copying editor world from /Game/Maps/maps_start.maps_start to /Game/Maps/UEDPIE_0_maps_start.maps_start (0.024507s)
[2018.07.12-05.28.56:656][129]LogInit: XAudio2 using '扬声器 (Realtek High Definition Audio)' : 2 channels at 48 kHz using 32 bits per sample (channel mask 0x3)
[2018.07.12-05.28.56:661][129]LogInit: FAudioDevice initialized.
[2018.07.12-05.28.56:704][129]LogLoad: Game class is 'DGameGameModeBase'
[2018.07.12-05.28.56:708][129]LogWorld: Bringing World /Game/Maps/UEDPIE_0_maps_start.maps_start up for play (max tick rate 0) at 2018.07.12-13.28.56
[2018.07.12-05.28.56:709][129]LogWorld: Bringing up level for play took: 0.003249
[2018.07.12-05.28.56:723][129]LogContentBrowser: Native class hierarchy updated for 'MovieSceneCapture' in 0.0004 seconds. Added 11 classes and 0 folders.
[2018.07.12-05.29.00:242][129]LogWindows: Warning: CreateProc failed: 系统找不到指定的文件。 (0x00000002)
[2018.07.12-05.29.00:243][129]LogWindows: Warning: URL: ../../../Engine/Binaries/Win64/CrashReportClient.exe "E:/ue4/DGame/Saved/Crashes/UE4CC-Windows-312060EF4366FFA3CEC7C38A0F61944D_0001" -AppName=UE4-DGame -CrashGUID=UE4CC-Windows-312060EF4366FFA3CEC7C38A0F61944D_0001 -DebugSymbols=..\..\..\Engine\Intermediate\Symbols
[2018.07.12-05.29.00:243][129]LogWindows: Could not start CrashReportClient.exe
[2018.07.12-05.29.00:243][129]LogMemory: Platform Memory Stats for Windows
[2018.07.12-05.29.00:243][129]LogMemory: Process Physical Memory: 3534.00 MB used, 3621.18 MB peak
[2018.07.12-05.29.00:243][129]LogMemory: Process Virtual Memory: 4222.20 MB used, 4378.77 MB peak
[2018.07.12-05.29.00:243][129]LogMemory: Physical Memory: 10267.18 MB used,  6044.82 MB free, 16311.99 MB total
[2018.07.12-05.29.00:243][129]LogMemory: Virtual Memory: 5422.09 MB used,  6044.82 MB free, 134217728.00 MB total
[2018.07.12-05.29.00:243][129]LogWindows: Error: === Critical error: ===
[2018.07.12-05.29.00:243][129]LogWindows: Error: 
[2018.07.12-05.29.00:243][129]LogWindows: Error: Unhandled Exception: EXCEPTION_ACCESS_VIOLATION reading address 0x00000000
[2018.07.12-05.29.00:243][129]LogWindows: Error: 
[2018.07.12-05.29.00:243][129]LogWindows: Error: [Callstack] 0x000000009698562E UE4Editor-DGame.dll!ADGameGameModeBase::change_input_to_ui_only() [e:\ue4\dgame\source\dgame\dgamegamemodebase.cpp:161]
[2018.07.12-05.29.00:243][129]LogWindows: Error: [Callstack] 0x00000000B629E4BA UE4Editor-Engine.dll!AActor::DispatchBeginPlay() [c:\my_code\unrealengine-release\engine\source\runtime\engine\private\actor.cpp:3107]
[2018.07.12-05.29.00:243][129]LogWindows: Error: [Callstack] 0x00000000B75A48C5 UE4Editor-Engine.dll!AWorldSettings::NotifyBeginPlay() [c:\my_code\unrealengine-release\engine\source\runtime\engine\private\worldsettings.cpp:189]
[2018.07.12-05.29.00:243][129]LogWindows: Error: [Callstack] 0x00000000B6A48551 UE4Editor-Engine.dll!AGameStateBase::HandleBeginPlay() [c:\my_code\unrealengine-release\engine\source\runtime\engine\private\gamestatebase.cpp:177]
[2018.07.12-05.29.00:243][129]LogWindows: Error: [Callstack] 0x00000000B758D95E UE4Editor-Engine.dll!UWorld::BeginPlay() [c:\my_code\unrealengine-release\engine\source\runtime\engine\private\world.cpp:3536]
[2018.07.12-05.29.00:243][129]LogWindows: Error: [Callstack] 0x00000000B6A6D707 UE4Editor-Engine.dll!UGameInstance::StartPlayInEditorGameInstance() [c:\my_code\unrealengine-release\engine\source\runtime\engine\private\gameinstance.cpp:355]
[2018.07.12-05.29.00:243][129]LogWindows: Error: [Callstack] 0x00000000AD86A4CB UE4Editor-UnrealEd.dll!UEditorEngine::CreatePIEGameInstance() [c:\my_code\unrealengine-release\engine\source\editor\unrealed\private\playlevel.cpp:3274]
[2018.07.12-05.29.00:243][129]LogWindows: Error: [Callstack] 0x00000000AD88D1BE UE4Editor-UnrealEd.dll!UEditorEngine::PlayInEditor() [c:\my_code\unrealengine-release\engine\source\editor\unrealed\private\playlevel.cpp:2410]
[2018.07.12-05.29.00:243][129]LogWindows: Error: [Callstack] 0x00000000AD8A9EEF UE4Editor-UnrealEd.dll!UEditorEngine::StartQueuedPlayMapRequest() [c:\my_code\unrealengine-release\engine\source\editor\unrealed\private\playlevel.cpp:1271]
[2018.07.12-05.29.00:243][129]LogWindows: Error: [Callstack] 0x00000000AD30ACCB UE4Editor-UnrealEd.dll!UEditorEngine::Tick() [c:\my_code\unrealengine-release\engine\source\editor\unrealed\private\editorengine.cpp:1581]
[2018.07.12-05.29.00:243][129]LogWindows: Error: [Callstack] 0x00000000ADBCDA26 UE4Editor-UnrealEd.dll!UUnrealEdEngine::Tick() [c:\my_code\unrealengine-release\engine\source\editor\unrealed\private\unrealedengine.cpp:401]
[2018.07.12-05.29.00:243][129]LogWindows: Error: [Callstack] 0x0000000021E65E8D UE4Editor.exe!FEngineLoop::Tick() [c:\my_code\unrealengine-release\engine\source\runtime\launch\private\launchengineloop.cpp:3339]
[2018.07.12-05.29.00:243][129]LogWindows: Error: [Callstack] 0x0000000021E7601C UE4Editor.exe!GuardedMain() [c:\my_code\unrealengine-release\engine\source\runtime\launch\private\launch.cpp:166]
[2018.07.12-05.29.00:243][129]LogWindows: Error: [Callstack] 0x0000000021E7609A UE4Editor.exe!GuardedMainWrapper() [c:\my_code\unrealengine-release\engine\source\runtime\launch\private\windows\launchwindows.cpp:144]
[2018.07.12-05.29.00:243][129]LogWindows: Error: [Callstack] 0x0000000021E8404C UE4Editor.exe!WinMain() [c:\my_code\unrealengine-release\engine\source\runtime\launch\private\windows\launchwindows.cpp:223]
[2018.07.12-05.29.00:243][129]LogWindows: Error: [Callstack] 0x0000000021E85CBA UE4Editor.exe!__scrt_common_main_seh() [f:\dd\vctools\crt\vcstartup\src\startup\exe_common.inl:283]
[2018.07.12-05.29.00:243][129]LogWindows: Error: [Callstack] 0x00000000E92E2774 KERNEL32.DLL!UnknownFunction []
[2018.07.12-05.29.00:243][129]LogWindows: Error: [Callstack] 0x00000000E9F40D51 ntdll.dll!UnknownFunction []
[2018.07.12-05.29.00:243][129]LogWindows: Error: [Callstack] 0x00000000E9F40D51 ntdll.dll!UnknownFunction []
[2018.07.12-05.29.00:243][129]LogWindows: Error: 
[2018.07.12-05.29.00:250][129]LogExit: Executing StaticShutdownAfterError
[2018.07.12-05.29.00:252][129]LogWindows: FPlatformMisc::RequestExit(1)
[2018.07.12-05.29.00:252][129]Log file closed, 07/12/18 13:29:00
