Log file open, 07/12/18 13:19:40
LogWindows: Failed to load 'aqProf.dll' (GetLastError=126)
LogWindows: File 'aqProf.dll' does not exist
LogWindows: Failed to load 'VtuneApi.dll' (GetLastError=126)
LogWindows: File 'VtuneApi.dll' does not exist
LogWindows: Failed to load 'VtuneApi32e.dll' (GetLastError=126)
LogWindows: File 'VtuneApi32e.dll' does not exist
LogInit: Display: Running engine for game: DGame
LogPlatformFile: Not using cached read wrapper
LogInit: Display: RandInit(-1646577676) SRandInit(-1646577676).
LogInit: Read version file with build ID 'b18491ae-a27b-4abc-bef7-00616cdae016'
LogInit: Registered custom module enumerator with build ID 'b18491ae-a27b-4abc-bef7-00616cdae016'
LogTaskGraph: Started task graph with 5 named threads and 23 total threads with 3 sets of task threads.
LogStats: Stats thread started at 0.272030
LogD3D11RHI: Aftermath initialized
LogICUInternationalization: Display: ICU TimeZone Detection - Raw Offset: +8:00, Platform Override: ''
LogPluginManager: Mounting plugin Paper2D
LogPluginManager: Mounting plugin LiveLink
LogPluginManager: Mounting plugin LightPropagationVolume
LogPluginManager: Mounting plugin CLionSourceCodeAccess
LogPluginManager: Mounting plugin CodeLiteSourceCodeAccess
LogPluginManager: Mounting plugin GitSourceControl
LogPluginManager: Mounting plugin KDevelopSourceCodeAccess
LogPluginManager: Mounting plugin NullSourceCodeAccess
LogPluginManager: Mounting plugin PerforceSourceControl
LogPluginManager: Mounting plugin SubversionSourceControl
LogPluginManager: Mounting plugin UObjectPlugin
LogPluginManager: Mounting plugin VisualStudioCodeSourceCodeAccess
LogPluginManager: Mounting plugin VisualStudioSourceCodeAccess
LogPluginManager: Mounting plugin XCodeSourceCodeAccess
LogPluginManager: Mounting plugin AssetManagerEditor
LogPluginManager: Mounting plugin CryptoKeys
LogPluginManager: Mounting plugin DataValidation
LogPluginManager: Mounting plugin FacialAnimation
LogPluginManager: Mounting plugin GameplayTagsEditor
LogPluginManager: Mounting plugin MobileLauncherProfileWizard
LogPluginManager: Mounting plugin PluginBrowser
LogPluginManager: Mounting plugin SpeedTreeImporter
LogPluginManager: Mounting plugin DatasmithContent
LogPluginManager: Mounting plugin AlembicImporter
LogPluginManager: Mounting plugin CharacterAI
LogPluginManager: Mounting plugin HTML5Networking
LogPluginManager: Mounting plugin AndroidMedia
LogPluginManager: Mounting plugin AvfMedia
LogPluginManager: Mounting plugin ImgMedia
LogPluginManager: Mounting plugin LinearTimecode
LogPluginManager: Mounting plugin MediaCompositing
LogPluginManager: Mounting plugin MediaPlayerEditor
LogPluginManager: Mounting plugin WmfMedia
LogPluginManager: Mounting plugin TcpMessaging
LogPluginManager: Mounting plugin UdpMessaging
LogPluginManager: Mounting plugin ActorSequence
LogPluginManager: Mounting plugin LevelSequenceEditor
LogPluginManager: Mounting plugin MatineeToLevelSequence
LogPluginManager: Mounting plugin NetcodeUnitTest
LogPluginManager: Mounting plugin NUTUnrealEngine4
LogPluginManager: Mounting plugin OnlineSubsystemGooglePlay
LogPluginManager: Mounting plugin OnlineSubsystemIOS
LogPluginManager: Mounting plugin OnlineSubsystem
LogPluginManager: Mounting plugin OnlineSubsystemNull
LogPluginManager: Mounting plugin OnlineSubsystemUtils
LogPluginManager: Mounting plugin AndroidDeviceProfileSelector
LogPluginManager: Mounting plugin AndroidMoviePlayer
LogPluginManager: Mounting plugin AndroidPermission
LogPluginManager: Mounting plugin AppleARKit
LogPluginManager: Mounting plugin AppleMoviePlayer
LogPluginManager: Mounting plugin ArchVisCharacter
LogPluginManager: Mounting plugin AudioCapture
LogPluginManager: Mounting plugin CableComponent
LogPluginManager: Mounting plugin CustomMeshComponent
LogPluginManager: Mounting plugin ExampleDeviceProfileSelector
LogPluginManager: Mounting plugin GoogleCloudMessaging
LogPluginManager: Mounting plugin ImmediatePhysics
LogPluginManager: Mounting plugin IOSDeviceProfileSelector
LogPluginManager: Mounting plugin LinuxDeviceProfileSelector
LogPluginManager: Mounting plugin LocationServicesBPLibrary
LogPluginManager: Mounting plugin MobilePatchingUtils
LogPluginManager: Mounting plugin OculusVR
LogPluginManager: Plugin shader directory ../../../Engine/Plugins/Runtime/Oculus/OculusVR/Shaders found
LogPluginManager: Mapping shader source directory ../../../Engine/Plugins/Runtime/Oculus/OculusVR/Shaders to virtual directory /Plugin/OculusVR
LogPluginManager: Mounting plugin PhysXVehicles
LogPluginManager: Mounting plugin ProceduralMeshComponent
LogPluginManager: Mounting plugin RuntimePhysXCooking
LogPluginManager: Mounting plugin SteamVR
LogPluginManager: Mounting plugin WindowsMoviePlayer
LogStreaming: Display: Took  0.064s to configure plugins.
LogModuleManager: Display: Found up-to-date module file E:/ue4/DGame/Binaries/Win64/UE4Editor-DGame.dll (API version 0).
LogModuleManager: Display: Found up-to-date module file ../../../Engine/Plugins/2D/Paper2D/Binaries/Win64/UE4Editor-Paper2D.dll (API version 0).
LogModuleManager: Display: Found up-to-date module file ../../../Engine/Plugins/2D/Paper2D/Binaries/Win64/UE4Editor-Paper2DEditor.dll (API version 0).
LogModuleManager: Display: Found up-to-date module file ../../../Engine/Plugins/2D/Paper2D/Binaries/Win64/UE4Editor-PaperSpriteSheetImporter.dll (API version 0).
LogModuleManager: Display: Found up-to-date module file ../../../Engine/Plugins/2D/Paper2D/Binaries/Win64/UE4Editor-PaperTiledImporter.dll (API version 0).
LogModuleManager: Display: Found up-to-date module file ../../../Engine/Plugins/2D/Paper2D/Binaries/Win64/UE4Editor-SmartSnapping.dll (API version 0).
LogModuleManager: Display: Found up-to-date module file ../../../Engine/Plugins/Animation/LiveLink/Binaries/Win64/UE4Editor-LiveLink.dll (API version 0).
LogModuleManager: Display: Found up-to-date module file ../../../Engine/Plugins/Animation/LiveLink/Binaries/Win64/UE4Editor-LiveLinkEditor.dll (API version 0).
LogModuleManager: Display: Found up-to-date module file ../../../Engine/Plugins/Blendables/LightPropagationVolume/Binaries/Win64/UE4Editor-LightPropagationVolumeRuntime.dll (API version 0).
LogModuleManager: Display: Found up-to-date module file ../../../Engine/Plugins/Blendables/LightPropagationVolume/Binaries/Win64/UE4Editor-LightPropagationVolumeEditor.dll (API version 0).
LogModuleManager: Display: Found up-to-date module file ../../../Engine/Plugins/Developer/CLionSourceCodeAccess/Binaries/Win64/UE4Editor-CLionSourceCodeAccess.dll (API version 0).
LogModuleManager: Display: Found up-to-date module file ../../../Engine/Plugins/Developer/GitSourceControl/Binaries/Win64/UE4Editor-GitSourceControl.dll (API version 0).
LogModuleManager: Display: Found up-to-date module file ../../../Engine/Plugins/Developer/PerforceSourceControl/Binaries/Win64/UE4Editor-PerforceSourceControl.dll (API version 0).
LogModuleManager: Display: Found up-to-date module file ../../../Engine/Plugins/Developer/SubversionSourceControl/Binaries/Win64/UE4Editor-SubversionSourceControl.dll (API version 0).
LogModuleManager: Display: Found up-to-date module file ../../../Engine/Plugins/Developer/UObjectPlugin/Binaries/Win64/UE4Editor-UObjectPlugin.dll (API version 0).
LogModuleManager: Display: Found up-to-date module file ../../../Engine/Plugins/Developer/VisualStudioCodeSourceCodeAccess/Binaries/Win64/UE4Editor-VisualStudioCodeSourceCodeAccess.dll (API version 0).
LogModuleManager: Display: Found up-to-date module file ../../../Engine/Plugins/Developer/VisualStudioSourceCodeAccess/Binaries/Win64/UE4Editor-VisualStudioSourceCodeAccess.dll (API version 0).
LogModuleManager: Display: Found up-to-date module file ../../../Engine/Plugins/Editor/AssetManagerEditor/Binaries/Win64/UE4Editor-AssetManagerEditor.dll (API version 0).
LogModuleManager: Display: Found up-to-date module file ../../../Engine/Plugins/Editor/CryptoKeys/Binaries/Win64/UE4Editor-CryptoKeys.dll (API version 0).
LogModuleManager: Display: Found up-to-date module file ../../../Engine/Plugins/Editor/CryptoKeys/Binaries/Win64/UE4Editor-CryptoKeysOpenSSL.dll (API version 0).
LogModuleManager: Display: Found up-to-date module file ../../../Engine/Plugins/Editor/DataValidation/Binaries/Win64/UE4Editor-DataValidation.dll (API version 0).
LogModuleManager: Display: Found up-to-date module file ../../../Engine/Plugins/Editor/FacialAnimation/Binaries/Win64/UE4Editor-FacialAnimation.dll (API version 0).
LogModuleManager: Display: Found up-to-date module file ../../../Engine/Plugins/Editor/FacialAnimation/Binaries/Win64/UE4Editor-FacialAnimationEditor.dll (API version 0).
LogModuleManager: Display: Found up-to-date module file ../../../Engine/Plugins/Editor/GameplayTagsEditor/Binaries/Win64/UE4Editor-GameplayTagsEditor.dll (API version 0).
LogModuleManager: Display: Found up-to-date module file ../../../Engine/Plugins/Editor/MobileLauncherProfileWizard/Binaries/Win64/UE4Editor-MobileLauncherProfileWizard.dll (API version 0).
LogModuleManager: Display: Found up-to-date module file ../../../Engine/Plugins/Editor/PluginBrowser/Binaries/Win64/UE4Editor-PluginBrowser.dll (API version 0).
LogModuleManager: Display: Found up-to-date module file ../../../Engine/Plugins/Editor/SpeedTreeImporter/Binaries/Win64/UE4Editor-SpeedTreeImporter.dll (API version 0).
LogModuleManager: Display: Found up-to-date module file ../../../Engine/Plugins/Enterprise/DatasmithContent/Binaries/Win64/UE4Editor-DatasmithContent.dll (API version 0).
LogModuleManager: Display: Found up-to-date module file ../../../Engine/Plugins/Experimental/AlembicImporter/Binaries/Win64/UE4Editor-AlembicImporter.dll (API version 0).
LogModuleManager: Display: Found up-to-date module file ../../../Engine/Plugins/Experimental/AlembicImporter/Binaries/Win64/UE4Editor-AlembicLibrary.dll (API version 0).
LogModuleManager: Display: Found up-to-date module file ../../../Engine/Plugins/Experimental/CharacterAI/Binaries/Win64/UE4Editor-CharacterAI.dll (API version 0).
LogModuleManager: Display: Found up-to-date module file ../../../Engine/Plugins/Experimental/HTML5Networking/Binaries/Win64/UE4Editor-HTML5Networking.dll (API version 0).
LogModuleManager: Display: Found up-to-date module file ../../../Engine/Plugins/Media/AndroidMedia/Binaries/Win64/UE4Editor-AndroidMediaEditor.dll (API version 0).
LogModuleManager: Display: Found up-to-date module file ../../../Engine/Plugins/Media/AndroidMedia/Binaries/Win64/UE4Editor-AndroidMediaFactory.dll (API version 0).
LogModuleManager: Display: Found up-to-date module file ../../../Engine/Plugins/Media/AvfMedia/Binaries/Win64/UE4Editor-AvfMediaEditor.dll (API version 0).
LogModuleManager: Display: Found up-to-date module file ../../../Engine/Plugins/Media/AvfMedia/Binaries/Win64/UE4Editor-AvfMediaFactory.dll (API version 0).
LogModuleManager: Display: Found up-to-date module file ../../../Engine/Plugins/Media/AvfMedia/Binaries/Win64/UE4Editor-AvfMediaFactory.dll (API version 0).
LogModuleManager: Display: Found up-to-date module file ../../../Engine/Plugins/Media/ImgMedia/Binaries/Win64/UE4Editor-ImgMedia.dll (API version 0).
LogModuleManager: Display: Found up-to-date module file ../../../Engine/Plugins/Media/ImgMedia/Binaries/Win64/UE4Editor-ImgMediaEditor.dll (API version 0).
LogModuleManager: Display: Found up-to-date module file ../../../Engine/Plugins/Media/ImgMedia/Binaries/Win64/UE4Editor-ImgMediaFactory.dll (API version 0).
LogModuleManager: Display: Found up-to-date module file ../../../Engine/Plugins/Media/ImgMedia/Binaries/Win64/UE4Editor-ImgMediaFactory.dll (API version 0).
LogModuleManager: Display: Found up-to-date module file ../../../Engine/Plugins/Media/ImgMedia/Binaries/Win64/UE4Editor-OpenExrWrapper.dll (API version 0).
LogModuleManager: Display: Found up-to-date module file ../../../Engine/Plugins/Media/LinearTimecode/Binaries/Win64/UE4Editor-LinearTimecode.dll (API version 0).
LogModuleManager: Display: Found up-to-date module file ../../../Engine/Plugins/Media/MediaCompositing/Binaries/Win64/UE4Editor-MediaCompositing.dll (API version 0).
LogModuleManager: Display: Found up-to-date module file ../../../Engine/Plugins/Media/MediaCompositing/Binaries/Win64/UE4Editor-MediaCompositingEditor.dll (API version 0).
LogModuleManager: Display: Found up-to-date module file ../../../Engine/Plugins/Media/MediaPlayerEditor/Binaries/Win64/UE4Editor-MediaPlayerEditor.dll (API version 0).
LogModuleManager: Display: Found up-to-date module file ../../../Engine/Plugins/Media/WmfMedia/Binaries/Win64/UE4Editor-WmfMedia.dll (API version 0).
LogModuleManager: Display: Found up-to-date module file ../../../Engine/Plugins/Media/WmfMedia/Binaries/Win64/UE4Editor-WmfMediaEditor.dll (API version 0).
LogModuleManager: Display: Found up-to-date module file ../../../Engine/Plugins/Media/WmfMedia/Binaries/Win64/UE4Editor-WmfMediaFactory.dll (API version 0).
LogModuleManager: Display: Found up-to-date module file ../../../Engine/Plugins/Media/WmfMedia/Binaries/Win64/UE4Editor-WmfMediaFactory.dll (API version 0).
LogModuleManager: Display: Found up-to-date module file ../../../Engine/Plugins/Messaging/TcpMessaging/Binaries/Win64/UE4Editor-TcpMessaging.dll (API version 0).
LogModuleManager: Display: Found up-to-date module file ../../../Engine/Plugins/Messaging/UdpMessaging/Binaries/Win64/UE4Editor-UdpMessaging.dll (API version 0).
LogModuleManager: Display: Found up-to-date module file ../../../Engine/Plugins/MovieScene/ActorSequence/Binaries/Win64/UE4Editor-ActorSequence.dll (API version 0).
LogModuleManager: Display: Found up-to-date module file ../../../Engine/Plugins/MovieScene/LevelSequenceEditor/Binaries/Win64/UE4Editor-LevelSequenceEditor.dll (API version 0).
LogModuleManager: Display: Found up-to-date module file ../../../Engine/Plugins/MovieScene/MatineeToLevelSequence/Binaries/Win64/UE4Editor-MatineeToLevelSequence.dll (API version 0).
LogModuleManager: Display: Found up-to-date module file ../../../Engine/Plugins/NetcodeUnitTest/NetcodeUnitTest/Binaries/Win64/UE4Editor-NetcodeUnitTest.dll (API version 0).
LogModuleManager: Display: Found up-to-date module file ../../../Engine/Plugins/NetcodeUnitTest/NUTUnrealEngine4/Binaries/Win64/UE4Editor-NUTUnrealEngine4.dll (API version 0).
LogModuleManager: Display: Found up-to-date module file ../../../Engine/Plugins/Online/OnlineSubsystem/Binaries/Win64/UE4Editor-OnlineSubsystem.dll (API version 0).
LogModuleManager: Display: Found up-to-date module file ../../../Engine/Plugins/Online/OnlineSubsystemNull/Binaries/Win64/UE4Editor-OnlineSubsystemNull.dll (API version 0).
LogModuleManager: Display: Found up-to-date module file ../../../Engine/Plugins/Online/OnlineSubsystemUtils/Binaries/Win64/UE4Editor-OnlineSubsystemUtils.dll (API version 0).
LogModuleManager: Display: Found up-to-date module file ../../../Engine/Plugins/Online/OnlineSubsystemUtils/Binaries/Win64/UE4Editor-OnlineBlueprintSupport.dll (API version 0).
LogModuleManager: Display: Found up-to-date module file ../../../Engine/Plugins/Runtime/AndroidDeviceProfileSelector/Binaries/Win64/UE4Editor-AndroidDeviceProfileSelector.dll (API version 0).
LogModuleManager: Display: Found up-to-date module file ../../../Engine/Plugins/Runtime/AndroidPermission/Binaries/Win64/UE4Editor-AndroidPermission.dll (API version 0).
LogModuleManager: Display: Found up-to-date module file ../../../Engine/Plugins/Runtime/AppleARKit/Binaries/Win64/UE4Editor-AppleARKit.dll (API version 0).
LogModuleManager: Display: Found up-to-date module file ../../../Engine/Plugins/Runtime/ArchVisCharacter/Binaries/Win64/UE4Editor-ArchVisCharacter.dll (API version 0).
LogModuleManager: Display: Found up-to-date module file ../../../Engine/Plugins/Runtime/AudioCapture/Binaries/Win64/UE4Editor-AudioCapture.dll (API version 0).
LogModuleManager: Display: Found up-to-date module file ../../../Engine/Plugins/Runtime/AudioCapture/Binaries/Win64/UE4Editor-AudioCaptureEditor.dll (API version 0).
LogModuleManager: Display: Found up-to-date module file ../../../Engine/Plugins/Runtime/CableComponent/Binaries/Win64/UE4Editor-CableComponent.dll (API version 0).
LogModuleManager: Display: Found up-to-date module file ../../../Engine/Plugins/Runtime/CustomMeshComponent/Binaries/Win64/UE4Editor-CustomMeshComponent.dll (API version 0).
LogModuleManager: Display: Found up-to-date module file ../../../Engine/Plugins/Runtime/ExampleDeviceProfileSelector/Binaries/Win64/UE4Editor-ExampleDeviceProfileSelector.dll (API version 0).
LogModuleManager: Display: Found up-to-date module file ../../../Engine/Plugins/Runtime/ImmediatePhysics/Binaries/Win64/UE4Editor-ImmediatePhysics.dll (API version 0).
LogModuleManager: Display: Found up-to-date module file ../../../Engine/Plugins/Runtime/ImmediatePhysics/Binaries/Win64/UE4Editor-ImmediatePhysicsEditor.dll (API version 0).
LogModuleManager: Display: Found up-to-date module file ../../../Engine/Plugins/Runtime/LocationServicesBPLibrary/Binaries/Win64/UE4Editor-LocationServicesBPLibrary.dll (API version 0).
LogModuleManager: Display: Found up-to-date module file ../../../Engine/Plugins/Runtime/MobilePatchingUtils/Binaries/Win64/UE4Editor-MobilePatchingUtils.dll (API version 0).
LogModuleManager: Display: Found up-to-date module file ../../../Engine/Plugins/Runtime/Oculus/OculusVR/Binaries/Win64/UE4Editor-OculusHMD.dll (API version 0).
LogModuleManager: Display: Found up-to-date module file ../../../Engine/Plugins/Runtime/Oculus/OculusVR/Binaries/Win64/UE4Editor-OculusInput.dll (API version 0).
LogModuleManager: Display: Found up-to-date module file ../../../Engine/Plugins/Runtime/Oculus/OculusVR/Binaries/Win64/UE4Editor-OculusEditor.dll (API version 0).
LogModuleManager: Display: Found up-to-date module file ../../../Engine/Plugins/Runtime/PhysXVehicles/Binaries/Win64/UE4Editor-PhysXVehicles.dll (API version 0).
LogModuleManager: Display: Found up-to-date module file ../../../Engine/Plugins/Runtime/PhysXVehicles/Binaries/Win64/UE4Editor-PhysXVehiclesEditor.dll (API version 0).
LogModuleManager: Display: Found up-to-date module file ../../../Engine/Plugins/Runtime/ProceduralMeshComponent/Binaries/Win64/UE4Editor-ProceduralMeshComponent.dll (API version 0).
LogModuleManager: Display: Found up-to-date module file ../../../Engine/Plugins/Runtime/ProceduralMeshComponent/Binaries/Win64/UE4Editor-ProceduralMeshComponentEditor.dll (API version 0).
LogModuleManager: Display: Found up-to-date module file ../../../Engine/Plugins/Runtime/RuntimePhysXCooking/Binaries/Win64/UE4Editor-RuntimePhysXCooking.dll (API version 0).
LogModuleManager: Display: Found up-to-date module file ../../../Engine/Plugins/Runtime/Steam/SteamVR/Binaries/Win64/UE4Editor-SteamVR.dll (API version 0).
LogModuleManager: Display: Found up-to-date module file ../../../Engine/Plugins/Runtime/Steam/SteamVR/Binaries/Win64/UE4Editor-SteamVRController.dll (API version 0).
LogModuleManager: Display: Found up-to-date module file ../../../Engine/Plugins/Runtime/WindowsMoviePlayer/Binaries/Win64/UE4Editor-WindowsMoviePlayer.dll (API version 0).
LogInit: Using libcurl 7.47.1
LogInit:  - built for x86_64-pc-win32
LogInit:  - supports SSL with OpenSSL/1.0.2g
LogInit:  - supports HTTP deflate (compression) using libz 1.2.8
LogInit:  - other features:
LogInit:      CURL_VERSION_SSL
LogInit:      CURL_VERSION_LIBZ
LogInit:      CURL_VERSION_IPV6
LogInit:      CURL_VERSION_ASYNCHDNS
LogInit:      CURL_VERSION_LARGEFILE
LogInit:      CURL_VERSION_IDN
LogInit:  CurlRequestOptions (configurable via config and command line):
LogInit:  - bVerifyPeer = false  - Libcurl will NOT verify peer certificate
LogInit:  - bUseHttpProxy = false  - Libcurl will NOT use HTTP proxy
LogInit:  - bDontReuseConnections = false  - Libcurl will reuse connections
LogInit:  - CertBundlePath = nullptr  - Libcurl will use whatever was configured at build time.
LogInit:  - MaxHostConnections = 16  - Libcurl will limit the number of connections to a host
LogInit:  - LocalHostAddr = Default
LogInit: WinSock: version 1.1 (2.2), MaxSocks=32767, MaxUdp=65467
LogInit: WinSock: I am duaduacao-PC0 (10.32.204.62:0)
LogInit: Build: ++UE4+Release-4.19-CL-0
LogInit: Engine Version: 4.19.2-0+++UE4+Release-4.19
LogInit: Compatible Engine Version: 4.19.0-0+++UE4+Release-4.19
LogInit: Net CL: 0
LogDevObjectVersion: Number of dev versions registered: 18
LogDevObjectVersion:   Dev-Blueprints (B0D832E4-1F89-4F0D-ACCF-7EB736FD4AA2): 10
LogDevObjectVersion:   Dev-Build (E1C64328-A22C-4D53-A36C-8E866417BD8C): 0
LogDevObjectVersion:   Dev-Core (375EC13C-06E4-48FB-B500-84F0262A717E): 2
LogDevObjectVersion:   Dev-Editor (E4B068ED-F494-42E9-A231-DA0B2E46BB41): 23
LogDevObjectVersion:   Dev-Framework (CFFC743F-43B0-4480-9391-14DF171D2073): 33
LogDevObjectVersion:   Dev-Mobile (B02B49B5-BB20-44E9-A304-32B752E40360): 2
LogDevObjectVersion:   Dev-Networking (A4E4105C-59A1-49B5-A7C5-40C4547EDFEE): 0
LogDevObjectVersion:   Dev-Online (39C831C9-5AE6-47DC-9A44-9C173E1C8E7C): 0
LogDevObjectVersion:   Dev-Physics (78F01B33-EBEA-4F98-B9B4-84EACCB95AA2): 0
LogDevObjectVersion:   Dev-Platform (6631380F-2D4D-43E0-8009-CF276956A95A): 0
LogDevObjectVersion:   Dev-Rendering (12F88B9F-8875-4AFC-A67C-D90C383ABD29): 25
LogDevObjectVersion:   Dev-Sequencer (7B5AE74C-D270-4C10-A958-57980B212A5A): 6
LogDevObjectVersion:   Dev-VR (D7296918-1DD6-4BDD-9DE2-64A83CC13884): 1
LogDevObjectVersion:   Dev-LoadTimes (C2A15278-BFE7-4AFE-6C17-90FF531DF755): 1
LogDevObjectVersion:   Private-Geometry (6EACA3D4-40EC-4CC1-B786-8BED09428FC5): 2
LogDevObjectVersion:   Dev-AnimPhys (29E575DD-E0A3-4627-9D10-D276232CDCEA): 16
LogDevObjectVersion:   Dev-ReflectionCapture (6B266CEC-1EC7-4B8F-A30B-E4D90942FC07): 1
LogDevObjectVersion:   Dev-Automation (0DF73D61-A23F-47EA-B727-89E90C41499A): 1
LogInit: Compiled (64-bit): Jun 25 2018 20:26:12
LogInit: Compiled with Visual C++: 19.14.26431.00
LogInit: Build Configuration: Development
LogInit: Branch Name: ++UE4+Release-4.19
LogInit: Command Line:  -skipcompile
LogInit: Base Directory: C:/my_code/UnrealEngine-release/Engine/Binaries/Win64/
LogInit: Installed Engine Build: 0
LogStreaming: Display: Took  0.002s to delete old logs.
LogInit: Presizing for max 8388607 objects, including 0 objects not considered by GC, pre-allocating 0 bytes for permanent pool.
LogInit: Object subsystem initialized
[2018.07.12-05.19.42:325][  0]LogInit: Selected Device Profile: [Windows]
[2018.07.12-05.19.42:325][  0]LogInit: Applying CVar settings loaded from the selected device profile: [Windows]
[2018.07.12-05.19.42:333][  0]LogInit: Computer: duaduacao-PC0
[2018.07.12-05.19.42:333][  0]LogInit: User: duaduacao
[2018.07.12-05.19.42:333][  0]LogInit: CPU Page size=4096, Cores=4
[2018.07.12-05.19.42:333][  0]LogInit: High frequency timer resolution =3.515631 MHz
[2018.07.12-05.19.42:333][  0]LogMemory: Memory total: Physical=15.9GB (16GB approx)
[2018.07.12-05.19.42:333][  0]LogMemory: Platform Memory Stats for Windows
[2018.07.12-05.19.42:333][  0]LogMemory: Process Physical Memory: 274.05 MB used, 274.05 MB peak
[2018.07.12-05.19.42:333][  0]LogMemory: Process Virtual Memory: 274.84 MB used, 274.84 MB peak
[2018.07.12-05.19.42:333][  0]LogMemory: Physical Memory: 6715.94 MB used,  9596.05 MB free, 16311.99 MB total
[2018.07.12-05.19.42:333][  0]LogMemory: Virtual Memory: 667.88 MB used,  9596.05 MB free, 134217728.00 MB total
[2018.07.12-05.19.42:506][  0]LogInit: Using OS detected language (zh-CN).
[2018.07.12-05.19.42:506][  0]LogInit: Using OS detected locale (zh-CN).
[2018.07.12-05.19.42:746][  0]LogStreaming: Display: Took  0.240s to EndInitTextLocalization.
[2018.07.12-05.19.42:746][  0]LogInit: Setting process to per monitor DPI aware
[2018.07.12-05.19.42:850][  0]LogSlate: New Slate User Created.  User Index 0, Is Virtual User: 0
[2018.07.12-05.19.42:850][  0]LogSlate: Slate User Registered.  User Index 0, Is Virtual User: 0
[2018.07.12-05.19.42:988][  0]LogD3D11RHI: D3D11 adapters:
[2018.07.12-05.19.43:238][  0]LogD3D11RHI:    0. 'NVIDIA GeForce GTX 1060 6GB' (Feature Level 11_0)
[2018.07.12-05.19.43:238][  0]LogD3D11RHI:       6052/0/8155 MB DedicatedVideo/DedicatedSystem/SharedSystem, Outputs:1, VendorId:0x10de
[2018.07.12-05.19.43:257][  0]LogD3D11RHI:    1. 'Microsoft Basic Render Driver' (Feature Level 11_0)
[2018.07.12-05.19.43:257][  0]LogD3D11RHI:       0/0/8155 MB DedicatedVideo/DedicatedSystem/SharedSystem, Outputs:0, VendorId:0x1414
[2018.07.12-05.19.43:257][  0]LogD3D11RHI: Chosen D3D11 Adapter: 0
[2018.07.12-05.19.43:264][  0]LogD3D11RHI: Creating new Direct3DDevice
[2018.07.12-05.19.43:264][  0]LogD3D11RHI:     GPU DeviceId: 0x1c03 (for the marketing name, search the web for "GPU Device Id")
[2018.07.12-05.19.43:264][  0]LogWindows: EnumDisplayDevices:
[2018.07.12-05.19.43:264][  0]LogWindows:    0. 'NVIDIA GeForce GTX 1060 6GB' (P:1 D:1)
[2018.07.12-05.19.43:265][  0]LogWindows:    1. 'NVIDIA GeForce GTX 1060 6GB' (P:0 D:0)
[2018.07.12-05.19.43:265][  0]LogWindows:    2. 'NVIDIA GeForce GTX 1060 6GB' (P:0 D:0)
[2018.07.12-05.19.43:265][  0]LogWindows:    3. 'NVIDIA GeForce GTX 1060 6GB' (P:0 D:0)
[2018.07.12-05.19.43:265][  0]LogWindows: DebugString: FoundDriverCount:4 
[2018.07.12-05.19.43:265][  0]LogD3D11RHI:     Adapter Name: NVIDIA GeForce GTX 1060 6GB
[2018.07.12-05.19.43:265][  0]LogD3D11RHI:   Driver Version: 390.65 (internal:23.21.13.9065, unified:390.65)
[2018.07.12-05.19.43:265][  0]LogD3D11RHI:      Driver Date: 1-3-2018
[2018.07.12-05.19.43:265][  0]LogRHI: Texture pool is 4236 MB (70% of 6052 MB)
[2018.07.12-05.19.43:293][  0]LogD3D11RHI: [Aftermath] Aftermath enabled and primed
[2018.07.12-05.19.43:293][  0]LogD3D11RHI: [Aftermath] Aftermath enabled and primed
[2018.07.12-05.19.43:293][  0]LogD3D11RHI: Async texture creation enabled
[2018.07.12-05.19.43:310][  0]LogD3D11RHI: GPU Timing Frequency: 1000.000000 (Debug: 2 2)
[2018.07.12-05.19.43:352][  0]LogShaderCompilers: Guid format shader working directory is 37 characters bigger than the processId version (E:/ue4/DGame/Intermediate/Shaders/WorkingDirectory/23308/).
[2018.07.12-05.19.43:352][  0]LogShaderCompilers: Cleaned the shader compiler working directory 'C:/Users/duaduacao/AppData/Local/Temp/UnrealShaderWorkingDir/2784D9CA4B092A82F929519591E5A6B2/'.
[2018.07.12-05.19.44:410][  0]LogTemp: Display: Loaded TP AllDesktopTargetPlatform
[2018.07.12-05.19.44:421][  0]LogTemp: Display: Loaded TP MacClientTargetPlatform
[2018.07.12-05.19.44:432][  0]LogTemp: Display: Loaded TP MacNoEditorTargetPlatform
[2018.07.12-05.19.44:442][  0]LogTemp: Display: Loaded TP MacServerTargetPlatform
[2018.07.12-05.19.44:452][  0]LogTemp: Display: Loaded TP MacTargetPlatform
[2018.07.12-05.19.44:462][  0]LogTemp: Display: Loaded TP WindowsClientTargetPlatform
[2018.07.12-05.19.44:473][  0]LogTemp: Display: Loaded TP WindowsNoEditorTargetPlatform
[2018.07.12-05.19.44:483][  0]LogTemp: Display: Loaded TP WindowsServerTargetPlatform
[2018.07.12-05.19.44:489][  0]LogTemp: Display: Loaded TP WindowsTargetPlatform
[2018.07.12-05.19.44:498][  0]LogTemp: Display: Loaded TP Android_ASTCTargetPlatform
[2018.07.12-05.19.44:507][  0]LogTemp: Display: Loaded TP Android_ATCTargetPlatform
[2018.07.12-05.19.44:516][  0]LogTemp: Display: Loaded TP Android_DXTTargetPlatform
[2018.07.12-05.19.44:525][  0]LogTemp: Display: Loaded TP Android_ETC1aTargetPlatform
[2018.07.12-05.19.44:533][  0]LogTemp: Display: Loaded TP Android_ETC1TargetPlatform
[2018.07.12-05.19.44:542][  0]LogTemp: Display: Loaded TP Android_ETC2TargetPlatform
[2018.07.12-05.19.44:560][  0]LogTemp: Display: Loaded TP Android_MultiTargetPlatform
[2018.07.12-05.19.44:560][  0]LogTemp: Display: Loaded TP Android_PVRTCTargetPlatform
[2018.07.12-05.19.44:569][  0]LogTemp: Display: Loaded TP AndroidTargetPlatform
[2018.07.12-05.19.44:571][  0]LogTemp: Display: Loaded TP HTML5TargetPlatform
[2018.07.12-05.19.44:608][  0]LogTemp: Display: Loaded TP IOSTargetPlatform
[2018.07.12-05.19.44:623][  0]LogTemp: Display: Loaded TP TVOSTargetPlatform
[2018.07.12-05.19.44:623][  0]LogTargetPlatformManager: Display: Building Assets For Windows
[2018.07.12-05.19.44:831][  0]LogXGEController: Cleaning working directory: C:/Users/duaduacao/AppData/Local/Temp/UnrealXGEWorkingDir/
[2018.07.12-05.19.44:832][  0]LogXGEController: Cannot use XGE Controller as Incredibuild is not installed on this machine.
[2018.07.12-05.19.44:832][  0]LogShaderCompilers: Cannot use XGE Shader Compiler as Incredibuild is not installed on this machine.
[2018.07.12-05.19.44:832][  0]LogShaderCompilers: Display: Using Local Shader Compiler.
[2018.07.12-05.19.45:361][  0]LogDerivedDataCache: Display: Max Cache Size: 512 MB
[2018.07.12-05.19.45:425][  0]LogDerivedDataCache: Loaded boot cache 0.06s 80MB E:/ue4/DGame/DerivedDataCache/Boot.ddc.
[2018.07.12-05.19.45:425][  0]LogDerivedDataCache: Display: Loaded Boot cache: E:/ue4/DGame/DerivedDataCache/Boot.ddc
[2018.07.12-05.19.45:425][  0]LogDerivedDataCache: FDerivedDataBackendGraph:  Pak pak cache file E:/ue4/DGame/DerivedDataCache/DDC.ddp not found, will not use a pak cache.
[2018.07.12-05.19.45:425][  0]LogDerivedDataCache: Unable to find inner node Pak for hierarchical cache Hierarchy.
[2018.07.12-05.19.45:425][  0]LogDerivedDataCache: FDerivedDataBackendGraph:  EnginePak pak cache file ../../../Engine/DerivedDataCache/DDC.ddp not found, will not use a pak cache.
[2018.07.12-05.19.45:425][  0]LogDerivedDataCache: Unable to find inner node EnginePak for hierarchical cache Hierarchy.
[2018.07.12-05.19.45:438][  0]LogDerivedDataCache: Using Local data cache path ../../../Engine/DerivedDataCache: Writable
[2018.07.12-05.19.45:438][  0]LogDerivedDataCache: Shared data cache path not found in *engine.ini, will not use an Shared cache.
[2018.07.12-05.19.45:438][  0]LogDerivedDataCache: Unable to find inner node Shared for hierarchical cache Hierarchy.
[2018.07.12-05.19.45:447][  0]LogMaterial: Verifying Global Shaders for PCD3D_SM5
[2018.07.12-05.19.45:448][  0]LogSlate: Using Freetype 2.6.0
[2018.07.12-05.19.45:448][  0]LogSlate: SlateFontCache - WITH_FREETYPE: 1, WITH_HARFBUZZ: 1
[2018.07.12-05.19.45:448][  0]LogSlate: SlateFontCache - WITH_FREETYPE: 1, WITH_HARFBUZZ: 1
[2018.07.12-05.19.45:539][  0]LogAssetRegistry: FAssetRegistry took 0.0243 seconds to start up
[2018.07.12-05.19.45:767][  0]LogInit: Selected Device Profile: [Windows]
[2018.07.12-05.19.46:035][  0]LogMeshReduction: Using QuadricMeshReduction for automatic static mesh reduction
[2018.07.12-05.19.46:035][  0]LogMeshReduction: No automatic skeletal mesh reduction module available
[2018.07.12-05.19.46:035][  0]LogMeshReduction: No automatic mesh merging module available
[2018.07.12-05.19.46:035][  0]LogMeshReduction: No distributed automatic mesh merging module available
[2018.07.12-05.19.46:035][  0]LogMeshMerging: No automatic mesh merging module available
[2018.07.12-05.19.46:036][  0]LogMeshMerging: No distributed automatic mesh merging module available
[2018.07.12-05.19.46:058][  0]LogNetVersion: DGame , NetCL: 0, EngineNetVer: 2, GameNetVer: 0 (Checksum: 3774009162)
[2018.07.12-05.19.46:455][  0]LogPackageLocalizationCache: Processed 9 localized package path(s) for 4 prioritized culture(s) in 0.106625 seconds
[2018.07.12-05.19.46:459][  0]LogUObjectArray: 36684 objects as part of root set at end of initial load.
[2018.07.12-05.19.46:459][  0]LogUObjectAllocator: 7307408 out of 0 bytes used by permanent object pool.
[2018.07.12-05.19.46:459][  0]LogUObjectArray: CloseDisregardForGC: 0/0 objects in disregard for GC pool
[2018.07.12-05.19.46:823][  0]LogStreaming: Warning: Failed to read file '../../../Engine/Content/Editor/Slate/Launcher/Mac/Platform_Mac_24x.png' error.
[2018.07.12-05.19.46:823][  0]LogSlate: Could not find file for Slate resource: ../../../Engine/Content/Editor/Slate/Launcher/Mac/Platform_Mac_24x.png
[2018.07.12-05.19.46:823][  0]LogStreaming: Warning: Failed to read file '../../../Engine/Content/Editor/Slate/Launcher/Mac/Platform_Mac_128x.png' error.
[2018.07.12-05.19.46:823][  0]LogSlate: Could not find file for Slate resource: ../../../Engine/Content/Editor/Slate/Launcher/Mac/Platform_Mac_128x.png
[2018.07.12-05.19.46:823][  0]LogStreaming: Warning: Failed to read file '../../../Engine/Content/Editor/Slate/Launcher/Mac/Platform_Mac_128x.png' error.
[2018.07.12-05.19.46:823][  0]LogSlate: Could not find file for Slate resource: ../../../Engine/Content/Editor/Slate/Launcher/Mac/Platform_Mac_128x.png
[2018.07.12-05.19.46:823][  0]LogStreaming: Warning: Failed to read file '../../../Engine/Content/Editor/Slate/Launcher/Mac/Platform_Mac_24x.png' error.
[2018.07.12-05.19.46:823][  0]LogSlate: Could not find file for Slate resource: ../../../Engine/Content/Editor/Slate/Launcher/Mac/Platform_Mac_24x.png
[2018.07.12-05.19.46:823][  0]LogStreaming: Warning: Failed to read file '../../../Engine/Content/Editor/Slate/Launcher/Mac/Platform_Mac_128x.png' error.
[2018.07.12-05.19.46:823][  0]LogSlate: Could not find file for Slate resource: ../../../Engine/Content/Editor/Slate/Launcher/Mac/Platform_Mac_128x.png
[2018.07.12-05.19.46:823][  0]LogStreaming: Warning: Failed to read file '../../../Engine/Content/Editor/Slate/Launcher/Mac/Platform_Mac_128x.png' error.
[2018.07.12-05.19.46:823][  0]LogSlate: Could not find file for Slate resource: ../../../Engine/Content/Editor/Slate/Launcher/Mac/Platform_Mac_128x.png
[2018.07.12-05.19.46:823][  0]LogStreaming: Warning: Failed to read file '../../../Engine/Content/Editor/Slate/Launcher/Mac/Platform_Mac_24x.png' error.
[2018.07.12-05.19.46:823][  0]LogSlate: Could not find file for Slate resource: ../../../Engine/Content/Editor/Slate/Launcher/Mac/Platform_Mac_24x.png
[2018.07.12-05.19.46:823][  0]LogStreaming: Warning: Failed to read file '../../../Engine/Content/Editor/Slate/Launcher/Mac/Platform_Mac_128x.png' error.
[2018.07.12-05.19.46:824][  0]LogSlate: Could not find file for Slate resource: ../../../Engine/Content/Editor/Slate/Launcher/Mac/Platform_Mac_128x.png
[2018.07.12-05.19.46:824][  0]LogStreaming: Warning: Failed to read file '../../../Engine/Content/Editor/Slate/Launcher/Mac/Platform_Mac_128x.png' error.
[2018.07.12-05.19.46:824][  0]LogSlate: Could not find file for Slate resource: ../../../Engine/Content/Editor/Slate/Launcher/Mac/Platform_Mac_128x.png
[2018.07.12-05.19.46:824][  0]LogStreaming: Warning: Failed to read file '../../../Engine/Content/Editor/Slate/Launcher/Mac/Platform_Mac_24x.png' error.
[2018.07.12-05.19.46:824][  0]LogSlate: Could not find file for Slate resource: ../../../Engine/Content/Editor/Slate/Launcher/Mac/Platform_Mac_24x.png
[2018.07.12-05.19.46:824][  0]LogStreaming: Warning: Failed to read file '../../../Engine/Content/Editor/Slate/Launcher/Mac/Platform_Mac_128x.png' error.
[2018.07.12-05.19.46:824][  0]LogSlate: Could not find file for Slate resource: ../../../Engine/Content/Editor/Slate/Launcher/Mac/Platform_Mac_128x.png
[2018.07.12-05.19.46:824][  0]LogStreaming: Warning: Failed to read file '../../../Engine/Content/Editor/Slate/Launcher/Mac/Platform_Mac_128x.png' error.
[2018.07.12-05.19.46:824][  0]LogSlate: Could not find file for Slate resource: ../../../Engine/Content/Editor/Slate/Launcher/Mac/Platform_Mac_128x.png
[2018.07.12-05.19.46:824][  0]LogStreaming: Warning: Failed to read file '../../../Engine/Content/Editor/Slate/Launcher/Linux/Platform_Linux_24x.png' error.
[2018.07.12-05.19.46:824][  0]LogSlate: Could not find file for Slate resource: ../../../Engine/Content/Editor/Slate/Launcher/Linux/Platform_Linux_24x.png
[2018.07.12-05.19.46:824][  0]LogStreaming: Warning: Failed to read file '../../../Engine/Content/Editor/Slate/Launcher/Linux/Platform_Linux_128x.png' error.
[2018.07.12-05.19.46:824][  0]LogSlate: Could not find file for Slate resource: ../../../Engine/Content/Editor/Slate/Launcher/Linux/Platform_Linux_128x.png
[2018.07.12-05.19.46:824][  0]LogStreaming: Warning: Failed to read file '../../../Engine/Content/Editor/Slate/Launcher/Linux/Platform_Linux_128x.png' error.
[2018.07.12-05.19.46:824][  0]LogSlate: Could not find file for Slate resource: ../../../Engine/Content/Editor/Slate/Launcher/Linux/Platform_Linux_128x.png
[2018.07.12-05.19.46:824][  0]LogStreaming: Warning: Failed to read file '../../../Engine/Content/Editor/Slate/Launcher/Linux/Platform_Linux_24x.png' error.
[2018.07.12-05.19.46:824][  0]LogSlate: Could not find file for Slate resource: ../../../Engine/Content/Editor/Slate/Launcher/Linux/Platform_Linux_24x.png
[2018.07.12-05.19.46:824][  0]LogStreaming: Warning: Failed to read file '../../../Engine/Content/Editor/Slate/Launcher/Linux/Platform_Linux_128x.png' error.
[2018.07.12-05.19.46:824][  0]LogSlate: Could not find file for Slate resource: ../../../Engine/Content/Editor/Slate/Launcher/Linux/Platform_Linux_128x.png
[2018.07.12-05.19.46:824][  0]LogStreaming: Warning: Failed to read file '../../../Engine/Content/Editor/Slate/Launcher/Linux/Platform_Linux_128x.png' error.
[2018.07.12-05.19.46:824][  0]LogSlate: Could not find file for Slate resource: ../../../Engine/Content/Editor/Slate/Launcher/Linux/Platform_Linux_128x.png
[2018.07.12-05.19.46:824][  0]LogStreaming: Warning: Failed to read file '../../../Engine/Content/Editor/Slate/Launcher/Linux/Platform_Linux_24x.png' error.
[2018.07.12-05.19.46:824][  0]LogSlate: Could not find file for Slate resource: ../../../Engine/Content/Editor/Slate/Launcher/Linux/Platform_Linux_24x.png
[2018.07.12-05.19.46:824][  0]LogStreaming: Warning: Failed to read file '../../../Engine/Content/Editor/Slate/Launcher/Linux/Platform_Linux_128x.png' error.
[2018.07.12-05.19.46:824][  0]LogSlate: Could not find file for Slate resource: ../../../Engine/Content/Editor/Slate/Launcher/Linux/Platform_Linux_128x.png
[2018.07.12-05.19.46:824][  0]LogStreaming: Warning: Failed to read file '../../../Engine/Content/Editor/Slate/Launcher/Linux/Platform_Linux_128x.png' error.
[2018.07.12-05.19.46:824][  0]LogSlate: Could not find file for Slate resource: ../../../Engine/Content/Editor/Slate/Launcher/Linux/Platform_Linux_128x.png
[2018.07.12-05.19.46:824][  0]LogStreaming: Warning: Failed to read file '../../../Engine/Content/Editor/Slate/Launcher/Linux/Platform_Linux_24x.png' error.
[2018.07.12-05.19.46:824][  0]LogSlate: Could not find file for Slate resource: ../../../Engine/Content/Editor/Slate/Launcher/Linux/Platform_Linux_24x.png
[2018.07.12-05.19.46:824][  0]LogStreaming: Warning: Failed to read file '../../../Engine/Content/Editor/Slate/Launcher/Linux/Platform_Linux_128x.png' error.
[2018.07.12-05.19.46:824][  0]LogSlate: Could not find file for Slate resource: ../../../Engine/Content/Editor/Slate/Launcher/Linux/Platform_Linux_128x.png
[2018.07.12-05.19.46:824][  0]LogStreaming: Warning: Failed to read file '../../../Engine/Content/Editor/Slate/Launcher/Linux/Platform_Linux_128x.png' error.
[2018.07.12-05.19.46:824][  0]LogSlate: Could not find file for Slate resource: ../../../Engine/Content/Editor/Slate/Launcher/Linux/Platform_Linux_128x.png
[2018.07.12-05.19.46:824][  0]LogStreaming: Warning: Failed to read file '../../../Engine/Content/Editor/Slate/Launcher/Android/Platform_Android_24x.png' error.
[2018.07.12-05.19.46:824][  0]LogSlate: Could not find file for Slate resource: ../../../Engine/Content/Editor/Slate/Launcher/Android/Platform_Android_24x.png
[2018.07.12-05.19.46:825][  0]LogStreaming: Warning: Failed to read file '../../../Engine/Content/Editor/Slate/Launcher/Android/Platform_Android_128x.png' error.
[2018.07.12-05.19.46:825][  0]LogSlate: Could not find file for Slate resource: ../../../Engine/Content/Editor/Slate/Launcher/Android/Platform_Android_128x.png
[2018.07.12-05.19.46:825][  0]LogStreaming: Warning: Failed to read file '../../../Engine/Content/Editor/Slate/Launcher/Android/Platform_Android_128x.png' error.
[2018.07.12-05.19.46:825][  0]LogSlate: Could not find file for Slate resource: ../../../Engine/Content/Editor/Slate/Launcher/Android/Platform_Android_128x.png
[2018.07.12-05.19.46:825][  0]LogStreaming: Warning: Failed to read file '../../../Engine/Content/Editor/Slate/Launcher/Android/Platform_Android_24x.png' error.
[2018.07.12-05.19.46:825][  0]LogSlate: Could not find file for Slate resource: ../../../Engine/Content/Editor/Slate/Launcher/Android/Platform_Android_24x.png
[2018.07.12-05.19.46:825][  0]LogStreaming: Warning: Failed to read file '../../../Engine/Content/Editor/Slate/Launcher/Android/Platform_Android_128x.png' error.
[2018.07.12-05.19.46:825][  0]LogSlate: Could not find file for Slate resource: ../../../Engine/Content/Editor/Slate/Launcher/Android/Platform_Android_128x.png
[2018.07.12-05.19.46:825][  0]LogStreaming: Warning: Failed to read file '../../../Engine/Content/Editor/Slate/Launcher/Android/Platform_Android_128x.png' error.
[2018.07.12-05.19.46:825][  0]LogSlate: Could not find file for Slate resource: ../../../Engine/Content/Editor/Slate/Launcher/Android/Platform_Android_128x.png
[2018.07.12-05.19.46:825][  0]LogStreaming: Warning: Failed to read file '../../../Engine/Content/Editor/Slate/Launcher/Android/Platform_Android_ATC_24x.png' error.
[2018.07.12-05.19.46:825][  0]LogSlate: Could not find file for Slate resource: ../../../Engine/Content/Editor/Slate/Launcher/Android/Platform_Android_ATC_24x.png
[2018.07.12-05.19.46:825][  0]LogStreaming: Warning: Failed to read file '../../../Engine/Content/Editor/Slate/Launcher/Android/Platform_Android_128x.png' error.
[2018.07.12-05.19.46:825][  0]LogSlate: Could not find file for Slate resource: ../../../Engine/Content/Editor/Slate/Launcher/Android/Platform_Android_128x.png
[2018.07.12-05.19.46:825][  0]LogStreaming: Warning: Failed to read file '../../../Engine/Content/Editor/Slate/Launcher/Android/Platform_Android_128x.png' error.
[2018.07.12-05.19.46:825][  0]LogSlate: Could not find file for Slate resource: ../../../Engine/Content/Editor/Slate/Launcher/Android/Platform_Android_128x.png
[2018.07.12-05.19.46:825][  0]LogStreaming: Warning: Failed to read file '../../../Engine/Content/Editor/Slate/Launcher/Android/Platform_Android_DXT_24x.png' error.
[2018.07.12-05.19.46:825][  0]LogSlate: Could not find file for Slate resource: ../../../Engine/Content/Editor/Slate/Launcher/Android/Platform_Android_DXT_24x.png
[2018.07.12-05.19.46:825][  0]LogStreaming: Warning: Failed to read file '../../../Engine/Content/Editor/Slate/Launcher/Android/Platform_Android_128x.png' error.
[2018.07.12-05.19.46:825][  0]LogSlate: Could not find file for Slate resource: ../../../Engine/Content/Editor/Slate/Launcher/Android/Platform_Android_128x.png
[2018.07.12-05.19.46:825][  0]LogStreaming: Warning: Failed to read file '../../../Engine/Content/Editor/Slate/Launcher/Android/Platform_Android_128x.png' error.
[2018.07.12-05.19.46:825][  0]LogSlate: Could not find file for Slate resource: ../../../Engine/Content/Editor/Slate/Launcher/Android/Platform_Android_128x.png
[2018.07.12-05.19.46:825][  0]LogStreaming: Warning: Failed to read file '../../../Engine/Content/Editor/Slate/Launcher/Android/Platform_Android_ETC1_24x.png' error.
[2018.07.12-05.19.46:825][  0]LogSlate: Could not find file for Slate resource: ../../../Engine/Content/Editor/Slate/Launcher/Android/Platform_Android_ETC1_24x.png
[2018.07.12-05.19.46:825][  0]LogStreaming: Warning: Failed to read file '../../../Engine/Content/Editor/Slate/Launcher/Android/Platform_Android_128x.png' error.
[2018.07.12-05.19.46:825][  0]LogSlate: Could not find file for Slate resource: ../../../Engine/Content/Editor/Slate/Launcher/Android/Platform_Android_128x.png
[2018.07.12-05.19.46:825][  0]LogStreaming: Warning: Failed to read file '../../../Engine/Content/Editor/Slate/Launcher/Android/Platform_Android_128x.png' error.
[2018.07.12-05.19.46:825][  0]LogSlate: Could not find file for Slate resource: ../../../Engine/Content/Editor/Slate/Launcher/Android/Platform_Android_128x.png
[2018.07.12-05.19.46:825][  0]LogStreaming: Warning: Failed to read file '../../../Engine/Content/Editor/Slate/Launcher/Android/Platform_Android_ETC2_24x.png' error.
[2018.07.12-05.19.46:825][  0]LogSlate: Could not find file for Slate resource: ../../../Engine/Content/Editor/Slate/Launcher/Android/Platform_Android_ETC2_24x.png
[2018.07.12-05.19.46:825][  0]LogStreaming: Warning: Failed to read file '../../../Engine/Content/Editor/Slate/Launcher/Android/Platform_Android_128x.png' error.
[2018.07.12-05.19.46:825][  0]LogSlate: Could not find file for Slate resource: ../../../Engine/Content/Editor/Slate/Launcher/Android/Platform_Android_128x.png
[2018.07.12-05.19.46:825][  0]LogStreaming: Warning: Failed to read file '../../../Engine/Content/Editor/Slate/Launcher/Android/Platform_Android_128x.png' error.
[2018.07.12-05.19.46:825][  0]LogSlate: Could not find file for Slate resource: ../../../Engine/Content/Editor/Slate/Launcher/Android/Platform_Android_128x.png
[2018.07.12-05.19.46:825][  0]LogStreaming: Warning: Failed to read file '../../../Engine/Content/Editor/Slate/Launcher/Android/Platform_Android_ETC2_24x.png' error.
[2018.07.12-05.19.46:825][  0]LogSlate: Could not find file for Slate resource: ../../../Engine/Content/Editor/Slate/Launcher/Android/Platform_Android_ETC2_24x.png
[2018.07.12-05.19.46:825][  0]LogStreaming: Warning: Failed to read file '../../../Engine/Content/Editor/Slate/Launcher/Android/Platform_Android_128x.png' error.
[2018.07.12-05.19.46:825][  0]LogSlate: Could not find file for Slate resource: ../../../Engine/Content/Editor/Slate/Launcher/Android/Platform_Android_128x.png
[2018.07.12-05.19.46:825][  0]LogStreaming: Warning: Failed to read file '../../../Engine/Content/Editor/Slate/Launcher/Android/Platform_Android_128x.png' error.
[2018.07.12-05.19.46:825][  0]LogSlate: Could not find file for Slate resource: ../../../Engine/Content/Editor/Slate/Launcher/Android/Platform_Android_128x.png
[2018.07.12-05.19.46:825][  0]LogStreaming: Warning: Failed to read file '../../../Engine/Content/Editor/Slate/Launcher/Android/Platform_Android_PVRTC_24x.png' error.
[2018.07.12-05.19.46:825][  0]LogSlate: Could not find file for Slate resource: ../../../Engine/Content/Editor/Slate/Launcher/Android/Platform_Android_PVRTC_24x.png
[2018.07.12-05.19.46:825][  0]LogStreaming: Warning: Failed to read file '../../../Engine/Content/Editor/Slate/Launcher/Android/Platform_Android_128x.png' error.
[2018.07.12-05.19.46:825][  0]LogSlate: Could not find file for Slate resource: ../../../Engine/Content/Editor/Slate/Launcher/Android/Platform_Android_128x.png
[2018.07.12-05.19.46:825][  0]LogStreaming: Warning: Failed to read file '../../../Engine/Content/Editor/Slate/Launcher/Android/Platform_Android_128x.png' error.
[2018.07.12-05.19.46:825][  0]LogSlate: Could not find file for Slate resource: ../../../Engine/Content/Editor/Slate/Launcher/Android/Platform_Android_128x.png
[2018.07.12-05.19.46:825][  0]LogStreaming: Warning: Failed to read file '../../../Engine/Content/Editor/Slate/Launcher/Android/Platform_Android_ASTC_24x.png' error.
[2018.07.12-05.19.46:825][  0]LogSlate: Could not find file for Slate resource: ../../../Engine/Content/Editor/Slate/Launcher/Android/Platform_Android_ASTC_24x.png
[2018.07.12-05.19.46:825][  0]LogStreaming: Warning: Failed to read file '../../../Engine/Content/Editor/Slate/Launcher/Android/Platform_Android_128x.png' error.
[2018.07.12-05.19.46:825][  0]LogSlate: Could not find file for Slate resource: ../../../Engine/Content/Editor/Slate/Launcher/Android/Platform_Android_128x.png
[2018.07.12-05.19.46:825][  0]LogStreaming: Warning: Failed to read file '../../../Engine/Content/Editor/Slate/Launcher/Android/Platform_Android_128x.png' error.
[2018.07.12-05.19.46:825][  0]LogSlate: Could not find file for Slate resource: ../../../Engine/Content/Editor/Slate/Launcher/Android/Platform_Android_128x.png
[2018.07.12-05.19.48:014][  0]LogTcpMessaging: Initializing TcpMessaging bridge
[2018.07.12-05.19.48:052][  0]LogUdpMessaging: Initializing bridge on interface 0.0.0.0:0 to multicast group 230.0.0.1:6666.
[2018.07.12-05.19.48:254][  0]LogSkeletalMesh: Skeletal Mesh found in DDC [0.066560ms] /Game/Assets/Weapon/Sword.Sword
[2018.07.12-05.19.48:256][  0]LogSkeletalMesh: Skeletal Mesh found in DDC [0.029013ms] /Game/Assets/Weapon/Shield.Shield
[2018.07.12-05.19.50:088][  0]LogStats: FPlatformStackWalk::StackWalkAndDump -  1.832 s
[2018.07.12-05.19.50:088][  0]LogOutputDevice: Error: === Handled ensure: ===
[2018.07.12-05.19.50:088][  0]LogOutputDevice: Error: 
[2018.07.12-05.19.50:088][  0]LogOutputDevice: Error: Ensure condition failed: AttachmentRules.LocationRule == EAttachmentRule::KeepRelative && AttachmentRules.RotationRule == EAttachmentRule::KeepRelative && AttachmentRules.ScaleRule == EAttachmentRule::KeepRelative [File:C:\my_code\UnrealEngine-release\Engine\Source\Runtime\Engine\Private\Components\SceneComponent.cpp] [Line: 1678]
[2018.07.12-05.19.50:089][  0]LogOutputDevice: Error: AttachToComponent when called from a constructor is only setting up attachment and will always be treated as KeepRelative. Consider calling SetupAttachment directly instead.
[2018.07.12-05.19.50:089][  0]LogOutputDevice: Error: Stack: 
[2018.07.12-05.19.50:089][  0]LogOutputDevice: Error: [Callstack] 0x00000000B7EE23F6 UE4Editor-Core.dll!FWindowsPlatformStackWalk::StackWalkAndDump() [c:\my_code\unrealengine-release\engine\source\runtime\core\private\windows\windowsplatformstackwalk.cpp:234]
[2018.07.12-05.19.50:089][  0]LogOutputDevice: Error: [Callstack] 0x00000000B7C309EA UE4Editor-Core.dll!FDebug::EnsureFailed() [c:\my_code\unrealengine-release\engine\source\runtime\core\private\misc\assertionmacros.cpp:299]
[2018.07.12-05.19.50:089][  0]LogOutputDevice: Error: [Callstack] 0x00000000B7C42B06 UE4Editor-Core.dll!FDebug::OptionallyLogFormattedEnsureMessageReturningFalse() [c:\my_code\unrealengine-release\engine\source\runtime\core\private\misc\assertionmacros.cpp:433]
[2018.07.12-05.19.50:089][  0]LogOutputDevice: Error: [Callstack] 0x00000000B5581950 UE4Editor-Engine.dll!USceneComponent::AttachToComponent() [c:\my_code\unrealengine-release\engine\source\runtime\engine\private\components\scenecomponent.cpp:1678]
[2018.07.12-05.19.50:089][  0]LogOutputDevice: Error: [Callstack] 0x000000009546258D UE4Editor-DGame.dll!AAICharacter::AAICharacter() [e:\ue4\dgame\source\dgame\aicharacter.cpp:23]
[2018.07.12-05.19.50:089][  0]LogOutputDevice: Error: [Callstack] 0x00000000C0C9107D UE4Editor-CoreUObject.dll!UClass::CreateDefaultObject() [c:\my_code\unrealengine-release\engine\source\runtime\coreuobject\private\uobject\class.cpp:2749]
[2018.07.12-05.19.50:089][  0]LogOutputDevice: Error: [Callstack] 0x00000000C0F2D9A7 UE4Editor-CoreUObject.dll!UObjectLoadAllCompiledInDefaultProperties() [c:\my_code\unrealengine-release\engine\source\runtime\coreuobject\private\uobject\uobjectbase.cpp:821]
[2018.07.12-05.19.50:089][  0]LogOutputDevice: Error: [Callstack] 0x00000000C0F0F1A1 UE4Editor-CoreUObject.dll!ProcessNewlyLoadedUObjects() [c:\my_code\unrealengine-release\engine\source\runtime\coreuobject\private\uobject\uobjectbase.cpp:895]
[2018.07.12-05.19.50:089][  0]LogOutputDevice: Error: [Callstack] 0x00000000C0C96B77 UE4Editor-CoreUObject.dll!TBaseStaticDelegateInstance<void __cdecl(void)>::ExecuteIfSafe() [c:\my_code\unrealengine-release\engine\source\runtime\core\public\delegates\delegateinstancesimpl.h:788]
[2018.07.12-05.19.50:089][  0]LogOutputDevice: Error: [Callstack] 0x00000000B7BC6557 UE4Editor-Core.dll!TBaseMulticastDelegate<void>::Broadcast() [c:\my_code\unrealengine-release\engine\source\runtime\core\public\delegates\delegatesignatureimpl.inl:937]
[2018.07.12-05.19.50:089][  0]LogOutputDevice: Error: [Callstack] 0x00000000B7CED435 UE4Editor-Core.dll!FModuleManager::LoadModuleWithFailureReason() [c:\my_code\unrealengine-release\engine\source\runtime\core\private\modules\modulemanager.cpp:487]
[2018.07.12-05.19.50:089][  0]LogOutputDevice: Error: [Callstack] 0x00000000DAB7E0C3 UE4Editor-Projects.dll!FModuleDescriptor::LoadModulesForPhase() [c:\my_code\unrealengine-release\engine\source\runtime\projects\private\moduledescriptor.cpp:484]
[2018.07.12-05.19.50:089][  0]LogOutputDevice: Error: [Callstack] 0x00000000DAB7E3AA UE4Editor-Projects.dll!FProjectManager::LoadModulesForProject() [c:\my_code\unrealengine-release\engine\source\runtime\projects\private\projectmanager.cpp:69]
[2018.07.12-05.19.50:089][  0]LogOutputDevice: Error: [Callstack] 0x0000000021E78951 UE4Editor.exe!FEngineLoop::LoadStartupModules() [c:\my_code\unrealengine-release\engine\source\runtime\launch\private\launchengineloop.cpp:2610]
[2018.07.12-05.19.50:089][  0]LogOutputDevice: Error: [Callstack] 0x0000000021E7DE38 UE4Editor.exe!FEngineLoop::PreInit() [c:\my_code\unrealengine-release\engine\source\runtime\launch\private\launchengineloop.cpp:2027]
[2018.07.12-05.19.50:089][  0]LogOutputDevice: Error: [Callstack] 0x0000000021E75E38 UE4Editor.exe!GuardedMain() [c:\my_code\unrealengine-release\engine\source\runtime\launch\private\launch.cpp:127]
[2018.07.12-05.19.50:089][  0]LogOutputDevice: Error: [Callstack] 0x0000000021E7609A UE4Editor.exe!GuardedMainWrapper() [c:\my_code\unrealengine-release\engine\source\runtime\launch\private\windows\launchwindows.cpp:144]
[2018.07.12-05.19.50:089][  0]LogOutputDevice: Error: [Callstack] 0x0000000021E8404C UE4Editor.exe!WinMain() [c:\my_code\unrealengine-release\engine\source\runtime\launch\private\windows\launchwindows.cpp:223]
[2018.07.12-05.19.50:089][  0]LogOutputDevice: Error: [Callstack] 0x0000000021E85CBA UE4Editor.exe!__scrt_common_main_seh() [f:\dd\vctools\crt\vcstartup\src\startup\exe_common.inl:283]
[2018.07.12-05.19.50:089][  0]LogOutputDevice: Error: [Callstack] 0x00000000E92E2774 KERNEL32.DLL!UnknownFunction []
[2018.07.12-05.19.50:089][  0]LogOutputDevice: Error: [Callstack] 0x00000000E9F40D51 ntdll.dll!UnknownFunction []
[2018.07.12-05.19.50:089][  0]LogOutputDevice: Error: 
[2018.07.12-05.19.50:096][  0]LogStats:                SubmitErrorReport -  0.000 s
[2018.07.12-05.19.50:223][  0]LogWindows: Warning: CreateProc failed: 系统找不到指定的文件。 (0x00000002)
[2018.07.12-05.19.50:223][  0]LogWindows: Warning: URL: ../../../Engine/Binaries/Win64/CrashReportClient.exe "E:/ue4/DGame/Saved/Crashes/UE4CC-Windows-68D839B2486DACCE300BB1A5B053E563_0000" -Unattended -AppName=UE4-DGame -CrashGUID=UE4CC-Windows-68D839B2486DACCE300BB1A5B053E563_0000 -DebugSymbols=..\..\..\Engine\Intermediate\Symbols
[2018.07.12-05.19.50:223][  0]LogStats:                    SendNewReport -  0.128 s
[2018.07.12-05.19.50:223][  0]LogStats:             FDebug::EnsureFailed -  1.968 s
[2018.07.12-05.19.50:277][  0]LogUObjectGlobals: Created PersistentFrame Addr=0x00000247d4b417c0, Size=408, Default__bp_mycharacter_anim_C Function /Game/Blueprints/Character/bp_mycharacter_anim.bp_mycharacter_anim_C:ExecuteUbergraph_bp_mycharacter_anim
[2018.07.12-05.19.50:296][  0]LogUObjectGlobals: Destroyed PersistentFrame Addr=0x00000247d4b417c0, Size=408
[2018.07.12-05.19.50:296][  0]LogUObjectGlobals: Created PersistentFrame Addr=0x00000247d4a48640, Size=408, Default__bp_mycharacter_anim_C Function /Engine/Transient.REINST_bp_mycharacter_anim_C_0:ExecuteUbergraph_bp_mycharacter_anim
[2018.07.12-05.19.50:316][  0]LogUObjectGlobals: Created PersistentFrame Addr=0x00000247d55a4d40, Size=408, Default__bp_mycharacter_anim_C Function /Game/Blueprints/Character/bp_mycharacter_anim.bp_mycharacter_anim_C:ExecuteUbergraph_bp_mycharacter_anim
[2018.07.12-05.19.50:350][  0]LogUObjectGlobals: Created PersistentFrame Addr=0x00000247d5535400, Size=240, Default__bp_MyCharacter_C Function /Game/Blueprints/Character/bp_MyCharacter.bp_MyCharacter_C:ExecuteUbergraph_bp_MyCharacter
[2018.07.12-05.19.50:353][  0]LogUObjectGlobals: Destroyed PersistentFrame Addr=0x00000247d5535400, Size=240
[2018.07.12-05.19.50:353][  0]LogUObjectGlobals: Created PersistentFrame Addr=0x00000247d5535400, Size=240, Default__bp_MyCharacter_C Function /Engine/Transient.REINST_bp_MyCharacter_C_4:ExecuteUbergraph_bp_MyCharacter
[2018.07.12-05.19.50:355][  0]LogUObjectGlobals: Created PersistentFrame Addr=0x00000247d559f000, Size=240, Default__bp_MyCharacter_C Function /Game/Blueprints/Character/bp_MyCharacter.bp_MyCharacter_C:ExecuteUbergraph_bp_MyCharacter
[2018.07.12-05.19.50:388][  0]LogSkeletalMesh: Skeletal Mesh found in DDC [2.612618ms] /Game/Assets/Character/SK_Mannequin.SK_Mannequin
[2018.07.12-05.19.50:538][  0]SourceControl: 源码控制已禁用
[2018.07.12-05.19.50:539][  0]SourceControl: 源码控制已禁用
[2018.07.12-05.19.50:575][  0]SourceControl: 源码控制已禁用
[2018.07.12-05.19.50:592][  0]SourceControl: 源码控制已禁用
[2018.07.12-05.19.51:097][  0]LogAndroidPermission: UAndroidPermissionCallbackProxy::GetInstance
[2018.07.12-05.19.51:252][  0]LogOcInput: OculusInput pre-init called
[2018.07.12-05.19.51:353][  0]LogEngine: Initializing Engine...
[2018.07.12-05.19.51:354][  0]LogHMD: Failed to initialize OpenVR with code 110
[2018.07.12-05.19.51:355][  0]LogStats: UGameplayTagsManager::ConstructGameplayTagTree: Construct from data asset -  0.000 s
[2018.07.12-05.19.51:355][  0]LogStats: UGameplayTagsManager::ConstructGameplayTagTree: GameplayTagTreeChangedEvent.Broadcast -  0.000 s
[2018.07.12-05.19.51:560][  0]LogAIModule: Creating AISystem for world Untitled
[2018.07.12-05.19.51:757][  0]LogInit: XAudio2 using '扬声器 (Realtek High Definition Audio)' : 2 channels at 48 kHz using 32 bits per sample (channel mask 0x3)
[2018.07.12-05.19.51:792][  0]LogInit: FAudioDevice initialized.
[2018.07.12-05.19.51:967][  0]LogDerivedDataCache: Saved boot cache 0.17s 80MB E:/ue4/DGame/DerivedDataCache/Boot.ddc.
[2018.07.12-05.19.51:981][  0]LogInit: Texture streaming: Enabled
[2018.07.12-05.19.52:003][  0]LogEngineSessionManager: EngineSessionManager initialized
[2018.07.12-05.19.52:003][  0]LogEngineSessionManager: EngineSessionManager sent abnormal shutdown report. Type=Crashed, SessionId={9C141A97-44EF-FA44-D9BD-3E803FE55F8A}
[2018.07.12-05.19.52:017][  0]LogInit: Transaction tracking system initialized
[2018.07.12-05.19.52:055][  0]BlueprintLog: New page: 编辑器加载
[2018.07.12-05.19.52:284][  0]LocalizationService: 本地化服务已被禁用
[2018.07.12-05.19.52:431][  0]LogConsoleResponse: Display: 
[2018.07.12-05.19.52:554][  0]LogCook: Display: Max memory allowance for cook 16384mb min free memory 0mb
[2018.07.12-05.19.52:554][  0]LogCook: Display: Mobile HDR setting 1
[2018.07.12-05.19.52:554][  0]LogGameplayTags: Display: UGameplayTagsManager::DoneAddingNativeTags. DelegateIsBound: 0
[2018.07.12-05.19.52:554][  0]LogStats: UGameplayTagsManager::ConstructGameplayTagTree: Construct from data asset -  0.000 s
[2018.07.12-05.19.52:554][  0]LogStats: UGameplayTagsManager::ConstructGameplayTagTree: GameplayTagTreeChangedEvent.Broadcast -  0.000 s
[2018.07.12-05.19.52:903][  0]LogFileCache: Scanning file cache for directory 'E:/ue4/DGame/Content/' took 0.01s
[2018.07.12-05.19.52:903][  0]SourceControl: 源码控制已禁用
[2018.07.12-05.19.52:903][  0]Cmd: MAP LOAD FILE="E:/ue4/DGame/Content/Maps/maps_start.umap" TEMPLATE=0 SHOWPROGRESS=1 FEATURELEVEL=3
[2018.07.12-05.19.52:903][  0]LightingResults: New page: 光照构建
[2018.07.12-05.19.52:905][  0]MapCheck: New page: 地图检测
[2018.07.12-05.19.52:905][  0]LightingResults: New page: 光照构建
[2018.07.12-05.19.52:915][  0]LogUObjectGlobals: Destroyed PersistentFrame Addr=0x00000247d4a48640, Size=408
[2018.07.12-05.19.52:915][  0]LogUObjectGlobals: Destroyed PersistentFrame Addr=0x00000247d5535400, Size=240
[2018.07.12-05.19.52:929][  0]LogUObjectGlobals: Created PersistentFrame Addr=0x00000247d9647ba0, Size=56, Default__bp_ai_controller_C Function /Game/Blueprints/AI/bp_ai_controller.bp_ai_controller_C:ExecuteUbergraph_bp_ai_controller
[2018.07.12-05.19.52:930][  0]LogUObjectGlobals: Created PersistentFrame Addr=0x00000247d97ddc00, Size=704, Default__agro_check_C Function /Game/Blueprints/AI/agro_check.agro_check_C:ExecuteUbergraph_agro_check
[2018.07.12-05.19.52:932][  0]LogUObjectGlobals: Created PersistentFrame Addr=0x00000247d966c800, Size=248, Default__bp_AICharacter_C Function /Game/Blueprints/AI/bp_AICharacter.bp_AICharacter_C:ExecuteUbergraph_bp_AICharacter
[2018.07.12-05.19.52:934][  0]LogUObjectGlobals: Created PersistentFrame Addr=0x00000247d98196c0, Size=264, Default__bp_ai_anim_C Function /Game/Blueprints/AI/bp_ai_anim.bp_ai_anim_C:ExecuteUbergraph_bp_ai_anim
[2018.07.12-05.19.52:974][  0]LogUObjectGlobals: Created PersistentFrame Addr=0x00000247d98b1440, Size=40, Default__bp_task_attack_C Function /Game/Blueprints/AI/bp_task_attack.bp_task_attack_C:ExecuteUbergraph_bp_task_attack
[2018.07.12-05.19.52:983][  0]LogUObjectGlobals: Created PersistentFrame Addr=0x00000247d94af480, Size=120, Default__RapidMoveTo_C Function /Game/Blueprints/AI/RapidMoveTo.RapidMoveTo_C:ExecuteUbergraph_RapidMoveTo
[2018.07.12-05.19.52:993][  0]LogUObjectGlobals: Destroyed PersistentFrame Addr=0x00000247d98196c0, Size=264
[2018.07.12-05.19.52:993][  0]LogUObjectGlobals: Created PersistentFrame Addr=0x00000247d947ec00, Size=264, Default__bp_ai_anim_C Function /Engine/Transient.REINST_bp_ai_anim_C_1:ExecuteUbergraph_bp_ai_anim
[2018.07.12-05.19.52:993][  0]LogUObjectGlobals: Destroyed PersistentFrame Addr=0x00000247d9647ba0, Size=56
[2018.07.12-05.19.52:993][  0]LogUObjectGlobals: Created PersistentFrame Addr=0x00000247d9647ba0, Size=56, Default__bp_ai_controller_C Function /Engine/Transient.REINST_bp_ai_controller_C_6:ExecuteUbergraph_bp_ai_controller
[2018.07.12-05.19.52:993][  0]LogUObjectGlobals: Destroyed PersistentFrame Addr=0x00000247d98b1440, Size=40
[2018.07.12-05.19.52:993][  0]LogUObjectGlobals: Created PersistentFrame Addr=0x00000247d98b1440, Size=40, Default__bp_task_attack_C Function /Engine/Transient.REINST_bp_task_attack_C_7:ExecuteUbergraph_bp_task_attack
[2018.07.12-05.19.52:993][  0]LogUObjectGlobals: Destroyed PersistentFrame Addr=0x00000247d94af480, Size=120
[2018.07.12-05.19.52:993][  0]LogUObjectGlobals: Created PersistentFrame Addr=0x00000247d9865280, Size=120, Default__RapidMoveTo_C Function /Engine/Transient.REINST_RapidMoveTo_C_8:ExecuteUbergraph_RapidMoveTo
[2018.07.12-05.19.52:994][  0]LogUObjectGlobals: Destroyed PersistentFrame Addr=0x00000247d97ddc00, Size=704
[2018.07.12-05.19.52:994][  0]LogUObjectGlobals: Created PersistentFrame Addr=0x00000247d93b3d00, Size=704, Default__agro_check_C Function /Engine/Transient.REINST_agro_check_C_9:ExecuteUbergraph_agro_check
[2018.07.12-05.19.52:994][  0]LogUObjectGlobals: Destroyed PersistentFrame Addr=0x00000247d966c800, Size=248
[2018.07.12-05.19.52:994][  0]LogUObjectGlobals: Created PersistentFrame Addr=0x00000247d97a1300, Size=248, Default__bp_AICharacter_C Function /Engine/Transient.REINST_bp_AICharacter_C_12:ExecuteUbergraph_bp_AICharacter
[2018.07.12-05.19.53:019][  0]LogUObjectGlobals: Created PersistentFrame Addr=0x00000247d927da80, Size=264, Default__bp_ai_anim_C Function /Game/Blueprints/AI/bp_ai_anim.bp_ai_anim_C:ExecuteUbergraph_bp_ai_anim
[2018.07.12-05.19.53:021][  0]LogUObjectGlobals: Created PersistentFrame Addr=0x000002470c580678, Size=56, Default__bp_ai_controller_C Function /Game/Blueprints/AI/bp_ai_controller.bp_ai_controller_C:ExecuteUbergraph_bp_ai_controller
[2018.07.12-05.19.53:021][  0]LogUObjectGlobals: Created PersistentFrame Addr=0x00000247095efe70, Size=40, Default__bp_task_attack_C Function /Game/Blueprints/AI/bp_task_attack.bp_task_attack_C:ExecuteUbergraph_bp_task_attack
[2018.07.12-05.19.53:022][  0]LogUObjectGlobals: Created PersistentFrame Addr=0x00000247d9238380, Size=120, Default__RapidMoveTo_C Function /Game/Blueprints/AI/RapidMoveTo.RapidMoveTo_C:ExecuteUbergraph_RapidMoveTo
[2018.07.12-05.19.53:023][  0]LogUObjectGlobals: Created PersistentFrame Addr=0x000002470962e800, Size=704, Default__agro_check_C Function /Game/Blueprints/AI/agro_check.agro_check_C:ExecuteUbergraph_agro_check
[2018.07.12-05.19.53:024][  0]LogUObjectGlobals: Created PersistentFrame Addr=0x0000024709675900, Size=248, Default__bp_AICharacter_C Function /Game/Blueprints/AI/bp_AICharacter.bp_AICharacter_C:ExecuteUbergraph_bp_AICharacter
[2018.07.12-05.19.53:091][  0]LogUObjectGlobals: Created PersistentFrame Addr=0x000002470b25b740, Size=208, Default__bp_01_C Function /Game/Learn_temp/bp_01.bp_01_C:ExecuteUbergraph_bp_01
[2018.07.12-05.19.53:093][  0]LogUObjectGlobals: Destroyed PersistentFrame Addr=0x000002470b25b740, Size=208
[2018.07.12-05.19.53:093][  0]LogUObjectGlobals: Created PersistentFrame Addr=0x000002470b25b740, Size=208, Default__bp_01_C Function /Engine/Transient.REINST_bp_01_C_24:ExecuteUbergraph_bp_01
[2018.07.12-05.19.53:094][  0]LogUObjectGlobals: Created PersistentFrame Addr=0x000002470b259de0, Size=208, Default__bp_01_C Function /Game/Learn_temp/bp_01.bp_01_C:ExecuteUbergraph_bp_01
[2018.07.12-05.19.53:101][  0]LogUObjectGlobals: Created PersistentFrame Addr=0x000002470cb559c0, Size=176, Default__bp_int_01_C Function /Game/Learn_temp/bp_int_01.bp_int_01_C:ExecuteUbergraph_bp_int_01
[2018.07.12-05.19.53:102][  0]LogUObjectGlobals: Destroyed PersistentFrame Addr=0x000002470cb559c0, Size=176
[2018.07.12-05.19.53:102][  0]LogUObjectGlobals: Created PersistentFrame Addr=0x000002470cb559c0, Size=176, Default__bp_int_01_C Function /Engine/Transient.REINST_bp_int_01_C_30:ExecuteUbergraph_bp_int_01
[2018.07.12-05.19.53:103][  0]LogUObjectGlobals: Created PersistentFrame Addr=0x000002470cb55c00, Size=176, Default__bp_int_01_C Function /Game/Learn_temp/bp_int_01.bp_int_01_C:ExecuteUbergraph_bp_int_01
[2018.07.12-05.19.53:105][  0]LogUObjectGlobals: Created PersistentFrame Addr=0x000002470cb562c0, Size=176, Default__bp_int_02_C Function /Game/Learn_temp/bp_int_02.bp_int_02_C:ExecuteUbergraph_bp_int_02
[2018.07.12-05.19.53:107][  0]LogUObjectGlobals: Destroyed PersistentFrame Addr=0x000002470cb562c0, Size=176
[2018.07.12-05.19.53:107][  0]LogUObjectGlobals: Created PersistentFrame Addr=0x000002470cb562c0, Size=176, Default__bp_int_02_C Function /Engine/Transient.REINST_bp_int_02_C_32:ExecuteUbergraph_bp_int_02
[2018.07.12-05.19.53:107][  0]LogUObjectGlobals: Created PersistentFrame Addr=0x000002470cb56680, Size=176, Default__bp_int_02_C Function /Game/Learn_temp/bp_int_02.bp_int_02_C:ExecuteUbergraph_bp_int_02
[2018.07.12-05.19.53:111][  0]LogUObjectGlobals: Created PersistentFrame Addr=0x00000247d92bd060, Size=88, Default__bp_int_triggle_C Function /Game/Learn_temp/bp_int_triggle.bp_int_triggle_C:ExecuteUbergraph_bp_int_triggle
[2018.07.12-05.19.53:112][  0]LogUObjectGlobals: Destroyed PersistentFrame Addr=0x00000247d92bd060, Size=88
[2018.07.12-05.19.53:112][  0]LogUObjectGlobals: Created PersistentFrame Addr=0x00000247d92bd060, Size=88, Default__bp_int_triggle_C Function /Engine/Transient.REINST_bp_int_triggle_C_34:ExecuteUbergraph_bp_int_triggle
[2018.07.12-05.19.53:113][  0]LogUObjectGlobals: Created PersistentFrame Addr=0x00000247d92bcd00, Size=88, Default__bp_int_triggle_C Function /Game/Learn_temp/bp_int_triggle.bp_int_triggle_C:ExecuteUbergraph_bp_int_triggle
[2018.07.12-05.19.53:318][  0]LogAIModule: Creating AISystem for world maps_start
[2018.07.12-05.19.53:328][  0]LogEditorServer: Finished looking for orphan Actors (0.000 secs)
[2018.07.12-05.19.53:340][  0]LogUObjectGlobals: Destroyed PersistentFrame Addr=0x00000247d98b1440, Size=40
[2018.07.12-05.19.53:340][  0]LogUObjectGlobals: Destroyed PersistentFrame Addr=0x00000247d947ec00, Size=264
[2018.07.12-05.19.53:340][  0]LogUObjectGlobals: Destroyed PersistentFrame Addr=0x00000247d97a1300, Size=248
[2018.07.12-05.19.53:340][  0]LogUObjectGlobals: Destroyed PersistentFrame Addr=0x00000247d93b3d00, Size=704
[2018.07.12-05.19.53:340][  0]LogUObjectGlobals: Destroyed PersistentFrame Addr=0x00000247d9647ba0, Size=56
[2018.07.12-05.19.53:340][  0]LogUObjectGlobals: Destroyed PersistentFrame Addr=0x00000247d9865280, Size=120
[2018.07.12-05.19.53:340][  0]LogUObjectGlobals: Destroyed PersistentFrame Addr=0x000002470b25b740, Size=208
[2018.07.12-05.19.53:341][  0]LogUObjectGlobals: Destroyed PersistentFrame Addr=0x000002470cb559c0, Size=176
[2018.07.12-05.19.53:341][  0]LogUObjectGlobals: Destroyed PersistentFrame Addr=0x000002470cb562c0, Size=176
[2018.07.12-05.19.53:341][  0]LogUObjectGlobals: Destroyed PersistentFrame Addr=0x00000247d92bd060, Size=88
[2018.07.12-05.19.53:342][  0]Cmd: MAP CHECKDEP NOCLEARLOG
[2018.07.12-05.19.53:382][  0]MapCheck: 地图检测完成：0个错误，0 个警告，用时39.865毫秒完成。
[2018.07.12-05.19.53:382][  0]LogFileHelpers: Loading map 'maps_start' took 0.479
[2018.07.12-05.19.53:445][  0]LogWindowsTextInputMethodSystem: Display: IME system now activated using TSF (微软五笔).
[2018.07.12-05.19.53:486][  0]LogCollectionManager: Loaded 0 collections in 0.001807 seconds
[2018.07.12-05.19.53:525][  0]LogFileCache: Scanning file cache for directory 'E:/ue4/DGame/Saved/Collections/' took 0.01s
[2018.07.12-05.19.53:525][  0]LogFileCache: Scanning file cache for directory 'E:/ue4/DGame/Content/Developers/duaduacao/Collections/' took 0.01s
[2018.07.12-05.19.53:525][  0]LogFileCache: Scanning file cache for directory 'E:/ue4/DGame/Content/Collections/' took 0.01s
[2018.07.12-05.19.53:525][  0]LogCollectionManager: Rebuilt the GUID cache for 0 collections in 0.000001 seconds
[2018.07.12-05.19.53:532][  0]LogContentBrowser: Native class hierarchy populated in 0.0070 seconds. Added 2460 classes and 558 folders.
[2018.07.12-05.19.53:538][  0]LogContentBrowser: Native class hierarchy updated for 'WidgetCarousel' in 0.0004 seconds. Added 0 classes and 0 folders.
[2018.07.12-05.19.53:566][  0]LogContentBrowser: Native class hierarchy updated for 'AddContentDialog' in 0.0005 seconds. Added 0 classes and 0 folders.
[2018.07.12-05.19.53:615][  0]LogContentBrowser: Native class hierarchy updated for 'SceneOutliner' in 0.0004 seconds. Added 1 classes and 2 folders.
[2018.07.12-05.19.53:672][  0]LogSlate: Took 0.000216 seconds to synchronously load lazily loaded font '../../../Engine/Content/Slate/Fonts/Roboto-Regular.ttf' (155K)
[2018.07.12-05.19.53:677][  0]LogSlate: Took 0.004216 seconds to synchronously load lazily loaded font '../../../Engine/Content/Slate/Fonts/DroidSansFallback.ttf' (3848K)
[2018.07.12-05.19.53:678][  0]LogSlate: Took 0.000128 seconds to synchronously load lazily loaded font '../../../Engine/Content/Slate/Fonts/Roboto-Bold.ttf' (160K)
[2018.07.12-05.19.53:679][  0]LogSlate: Took 0.000096 seconds to synchronously load lazily loaded font '../../../Engine/Content/Editor/Slate/Fonts/FontAwesome.ttf' (139K)
[2018.07.12-05.19.53:745][  0]LogRenderer: Reallocating scene render targets to support 860x1084 Format 10 NumSamples 1 (Frame:1).
[2018.07.12-05.19.53:970][  0]LogContentBrowser: Native class hierarchy updated for 'HierarchicalLODOutliner' in 0.0004 seconds. Added 0 classes and 0 folders.
[2018.07.12-05.19.53:970][  0]LogLoad: (Engine Initialization) Total time: 14.05 seconds
[2018.07.12-05.19.53:970][  0]LogLoad: (Engine Initialization) Total Blueprint compile time: 0.00 seconds
[2018.07.12-05.19.54:012][  0]LogContentStreaming: Texture pool size now 1000 MB
[2018.07.12-05.19.54:032][  0]LogSlate: Took 0.000094 seconds to synchronously load lazily loaded font '../../../Engine/Content/Slate/Fonts/Roboto-Light.ttf' (167K)
[2018.07.12-05.19.54:123][  1]LogAssetRegistry: Asset discovery search completed in 8.6056 seconds
[2018.07.12-05.19.54:124][  1]LogCollectionManager: Rebuilt the object cache for 0 collections in 0.000000 seconds (found 0 objects)
[2018.07.12-05.19.54:124][  1]LogCollectionManager: Fixed up redirectors for 0 collections in 0.000036 seconds (updated 0 objects)
[2018.07.12-05.19.54:995][ 93]LogSlate: Took 0.000143 seconds to synchronously load lazily loaded font '../../../Engine/Content/Slate/Fonts/Roboto-Light.ttf' (167K)
[2018.07.12-05.19.57:466][384]LogSlate: FSceneViewport::OnFocusLost() reason 0
[2018.07.12-05.19.57:833][403]LogContentBrowser: Native class hierarchy updated for 'BlueprintGraph' in 0.0006 seconds. Added 116 classes and 0 folders.
[2018.07.12-05.19.58:051][403]LogUObjectGlobals: Created PersistentFrame Addr=0x0000024800b0f870, Size=4, Default__SKEL_PROTO_BP_AnimBlueprint_0_C Function /Engine/Transient.SKEL_PROTO_BP_AnimBlueprint_0_C:ExecuteUbergraph_PROTO_BP_AnimBlueprint_0
[2018.07.12-05.19.58:052][403]LogUObjectGlobals: Created PersistentFrame Addr=0x0000024800b0f868, Size=4, Default__PROTO_BP_AnimBlueprint_0_C Function /Engine/Transient.PROTO_BP_AnimBlueprint_0_C:ExecuteUbergraph_PROTO_BP_AnimBlueprint_0
[2018.07.12-05.19.58:367][403]LogSlate: Took 0.000137 seconds to synchronously load lazily loaded font '../../../Engine/Content/Slate/Fonts/Roboto-BoldCondensed.ttf' (158K)
[2018.07.12-05.19.58:440][404]LogSlate: Took 0.000139 seconds to synchronously load lazily loaded font '../../../Engine/Content/Slate/Fonts/Roboto-Italic.ttf' (157K)
[2018.07.12-05.19.59:643][542]Cmd: OBJ SAVEPACKAGE PACKAGE="/Game/Blueprints/AI/bp_AICharacter" FILE="E:/ue4/DGame/Content/Blueprints/AI/bp_AICharacter.uasset" SILENT=true
[2018.07.12-05.19.59:680][542]LogSavePackage: Save=23.20ms
[2018.07.12-05.19.59:680][542]LogSavePackage: Moving 'E:/ue4/DGame/Saved/bp_AICharacterFC195FE84C8A6347100C92AF8E03A933.tmp' to 'E:/ue4/DGame/Content/Blueprints/AI/bp_AICharacter.uasset'
[2018.07.12-05.19.59:681][542]LogSavePackage: Display: Finished SavePackage E:/ue4/DGame/Content/Blueprints/AI/bp_AICharacter.uasset
[2018.07.12-05.20.00:580][644]LogRenderer: Reallocating scene render targets to support 984x1084 Format 10 NumSamples 1 (Frame:1).
[2018.07.12-05.20.03:463][978]LogSlate: FSceneViewport::OnFocusLost() reason 0
[2018.07.12-05.20.20:076][520]BlueprintLog: New page: 编译bp_umg_blood
[2018.07.12-05.20.20:161][520]PIE: UWidget::RemoveFromParent() called on '/Game/Maps/maps_start.maps_start:None' which has no UMG parent (if it was added directly to a native Slate widget via TakeWidget() then it must be removed explicitly rather than via RemoveFromParent())
[2018.07.12-05.20.20:161][520]PIE: UWidget::RemoveFromParent() called on '/Game/Maps/maps_start.maps_start:None' which has no UMG parent (if it was added directly to a native Slate widget via TakeWidget() then it must be removed explicitly rather than via RemoveFromParent())
[2018.07.12-05.20.20:162][520]PIE: UWidget::RemoveFromParent() called on '/Engine/Transient.World_3:None' which has no UMG parent (if it was added directly to a native Slate widget via TakeWidget() then it must be removed explicitly rather than via RemoveFromParent())
[2018.07.12-05.20.31:787][453]Cmd: OBJ SAVEPACKAGE PACKAGE="/Game/Blueprints/UI/bp_umg_blood" FILE="E:/ue4/DGame/Content/Blueprints/UI/bp_umg_blood.uasset" SILENT=true
[2018.07.12-05.20.31:805][453]LogSavePackage: Save=3.61ms
[2018.07.12-05.20.31:805][453]LogSavePackage: Moving 'E:/ue4/DGame/Saved/bp_umg_blood8C0306B94A09A78A2D9518B11443E95A.tmp' to 'E:/ue4/DGame/Content/Blueprints/UI/bp_umg_blood.uasset'
[2018.07.12-05.20.31:807][453]LogSavePackage: Display: Finished SavePackage E:/ue4/DGame/Content/Blueprints/UI/bp_umg_blood.uasset
[2018.07.12-05.20.32:525][509]BlueprintLog: New page: 编译bp_umg_blood
[2018.07.12-05.20.32:607][509]PIE: UWidget::RemoveFromParent() called on '/Game/Maps/maps_start.maps_start:None' which has no UMG parent (if it was added directly to a native Slate widget via TakeWidget() then it must be removed explicitly rather than via RemoveFromParent())
[2018.07.12-05.20.32:607][509]PIE: UWidget::RemoveFromParent() called on '/Game/Maps/maps_start.maps_start:None' which has no UMG parent (if it was added directly to a native Slate widget via TakeWidget() then it must be removed explicitly rather than via RemoveFromParent())
[2018.07.12-05.20.33:539][576]BlueprintLog: New page: 编译bp_umg_blood
[2018.07.12-05.20.33:621][576]PIE: UWidget::RemoveFromParent() called on '/Game/Maps/maps_start.maps_start:None' which has no UMG parent (if it was added directly to a native Slate widget via TakeWidget() then it must be removed explicitly rather than via RemoveFromParent())
[2018.07.12-05.20.33:621][576]PIE: UWidget::RemoveFromParent() called on '/Game/Maps/maps_start.maps_start:None' which has no UMG parent (if it was added directly to a native Slate widget via TakeWidget() then it must be removed explicitly rather than via RemoveFromParent())
[2018.07.12-05.20.35:047][693]LogSlate: Window 'bp_umg_blood' being destroyed
[2018.07.12-05.20.36:209][799]LogSlate: Window 'bp_umg_blood' being destroyed
[2018.07.12-05.20.37:807][990]BlueprintLog: New page: 编译bp_AICharacter
[2018.07.12-05.20.37:817][990]LogUObjectGlobals: Destroyed PersistentFrame Addr=0x0000024709675900, Size=248
[2018.07.12-05.20.37:817][990]LogUObjectGlobals: Created PersistentFrame Addr=0x000002483030be00, Size=248, Default__bp_AICharacter_C Function /Engine/Transient.REINST_bp_AICharacter_C_58:ExecuteUbergraph_bp_AICharacter
[2018.07.12-05.20.37:818][990]LogUObjectGlobals: Created PersistentFrame Addr=0x0000024831021a00, Size=248, Default__bp_AICharacter_C Function /Game/Blueprints/AI/bp_AICharacter.bp_AICharacter_C:ExecuteUbergraph_bp_AICharacter
[2018.07.12-05.20.38:957][ 46]Cmd: OBJ SAVEPACKAGE PACKAGE="/Game/Maps/maps_start" FILE="E:/ue4/DGame/Content/Maps/maps_start.umap" SILENT=true AUTOSAVING=false KEEPDIRTY=false
[2018.07.12-05.20.39:090][ 46]LogSavePackage: Save=102.04ms
[2018.07.12-05.20.39:090][ 46]LogSavePackage: Moving 'E:/ue4/DGame/Saved/maps_startBB8F7AE846B8537AC71AC380DCA81360.tmp' to 'E:/ue4/DGame/Content/Maps/maps_start.umap'
[2018.07.12-05.20.39:092][ 46]LogSavePackage: Display: Finished SavePackage E:/ue4/DGame/Content/Maps/maps_start.umap
[2018.07.12-05.20.39:120][ 46]LogFileHelpers: Saving map 'maps_start' took 0.207
[2018.07.12-05.20.45:763][812]Cmd: OBJ SAVEPACKAGE PACKAGE="/Game/Maps/maps_start" FILE="E:/ue4/DGame/Content/Maps/maps_start.umap" SILENT=true AUTOSAVING=false KEEPDIRTY=false
[2018.07.12-05.20.45:891][812]LogSavePackage: Save=99.75ms
[2018.07.12-05.20.45:892][812]LogSavePackage: Moving 'E:/ue4/DGame/Saved/maps_start14AA088E412D9E26743DFD95702480E8.tmp' to 'E:/ue4/DGame/Content/Maps/maps_start.umap'
[2018.07.12-05.20.45:894][812]LogSavePackage: Display: Finished SavePackage E:/ue4/DGame/Content/Maps/maps_start.umap
[2018.07.12-05.20.45:921][812]LogFileHelpers: Saving map 'maps_start' took 0.205
[2018.07.12-05.20.45:950][812]Cmd: OBJ SAVEPACKAGE PACKAGE="/Game/Blueprints/AI/bp_AICharacter" FILE="E:/ue4/DGame/Content/Blueprints/AI/bp_AICharacter.uasset" SILENT=true
[2018.07.12-05.20.45:985][812]LogSavePackage: Save=21.64ms
[2018.07.12-05.20.45:985][812]LogSavePackage: Moving 'E:/ue4/DGame/Saved/bp_AICharacter4D21F50343E540204C840A9C228E74CC.tmp' to 'E:/ue4/DGame/Content/Blueprints/AI/bp_AICharacter.uasset'
[2018.07.12-05.20.45:987][812]LogSavePackage: Display: Finished SavePackage E:/ue4/DGame/Content/Blueprints/AI/bp_AICharacter.uasset
[2018.07.12-05.20.47:844][997]LogClass: Warning: In asset 'None', there is an enum property of type 'EWidgetSpace' with an invalid value of ''
[2018.07.12-05.20.47:844][997]LogClass: Warning: In asset 'None', there is an enum property of type 'EWidgetSpace' with an invalid value of ''
[2018.07.12-05.20.47:844][997]LogClass: Warning: In asset 'None', there is an enum property of type 'EWidgetSpace' with an invalid value of ''
[2018.07.12-05.20.47:844][997]LogClass: Warning: In asset 'None', there is an enum property of type 'EWidgetSpace' with an invalid value of ''
[2018.07.12-05.20.49:457][178]Cmd: OBJ SAVEPACKAGE PACKAGE="/Game/Maps/maps_start" FILE="E:/ue4/DGame/Content/Maps/maps_start.umap" SILENT=true AUTOSAVING=false KEEPDIRTY=false
[2018.07.12-05.20.49:589][178]LogSavePackage: Save=103.13ms
[2018.07.12-05.20.49:589][178]LogSavePackage: Moving 'E:/ue4/DGame/Saved/maps_start1CD516524B58AFBD170592990B3CAC9D.tmp' to 'E:/ue4/DGame/Content/Maps/maps_start.umap'
[2018.07.12-05.20.49:592][178]LogSavePackage: Display: Finished SavePackage E:/ue4/DGame/Content/Maps/maps_start.umap
[2018.07.12-05.20.49:617][178]LogFileHelpers: Saving map 'maps_start' took 0.204
[2018.07.12-05.20.49:645][178]Cmd: OBJ SAVEPACKAGE PACKAGE="/Game/Blueprints/AI/bp_AICharacter" FILE="E:/ue4/DGame/Content/Blueprints/AI/bp_AICharacter.uasset" SILENT=true
[2018.07.12-05.20.49:678][178]LogSavePackage: Save=21.48ms
[2018.07.12-05.20.49:678][178]LogSavePackage: Moving 'E:/ue4/DGame/Saved/bp_AICharacterC2118A814D99927EE5322B801F070036.tmp' to 'E:/ue4/DGame/Content/Blueprints/AI/bp_AICharacter.uasset'
[2018.07.12-05.20.49:680][178]LogSavePackage: Display: Finished SavePackage E:/ue4/DGame/Content/Blueprints/AI/bp_AICharacter.uasset
[2018.07.12-05.20.50:213][222]Cmd: OBJ SAVEPACKAGE PACKAGE="/Game/Blueprints/AI/bp_AICharacter" FILE="E:/ue4/DGame/Content/Blueprints/AI/bp_AICharacter.uasset" SILENT=true
[2018.07.12-05.20.50:242][222]LogSavePackage: Save=15.99ms
[2018.07.12-05.20.50:242][222]LogSavePackage: Moving 'E:/ue4/DGame/Saved/bp_AICharacter43045E234102B6C0C60D50AE263B698E.tmp' to 'E:/ue4/DGame/Content/Blueprints/AI/bp_AICharacter.uasset'
[2018.07.12-05.20.50:243][222]LogSavePackage: Display: Finished SavePackage E:/ue4/DGame/Content/Blueprints/AI/bp_AICharacter.uasset
[2018.07.12-05.20.51:054][319]BlueprintLog: New page: 编译bp_AICharacter
[2018.07.12-05.20.51:062][319]LogUObjectGlobals: Destroyed PersistentFrame Addr=0x0000024831021a00, Size=248
[2018.07.12-05.20.51:062][319]LogUObjectGlobals: Created PersistentFrame Addr=0x0000024833953100, Size=248, bp_AICharacter_C_35 Function /Engine/Transient.REINST_bp_AICharacter_C_76:ExecuteUbergraph_bp_AICharacter
[2018.07.12-05.20.51:064][319]LogUObjectGlobals: Created PersistentFrame Addr=0x0000024833950c00, Size=248, Default__bp_AICharacter_C Function /Game/Blueprints/AI/bp_AICharacter.bp_AICharacter_C:ExecuteUbergraph_bp_AICharacter
[2018.07.12-05.20.52:214][398]LogUObjectGlobals: Destroyed PersistentFrame Addr=0x0000024833953100, Size=248
[2018.07.12-05.20.52:273][398]Cmd: OBJ SAVEPACKAGE PACKAGE="/Game/Maps/maps_start" FILE="E:/ue4/DGame/Content/Maps/maps_start.umap" SILENT=true AUTOSAVING=false KEEPDIRTY=false
[2018.07.12-05.20.52:403][398]LogSavePackage: Save=102.18ms
[2018.07.12-05.20.52:403][398]LogSavePackage: Moving 'E:/ue4/DGame/Saved/maps_startADA04AF14A2EDFD2BE6E75AC46693A3B.tmp' to 'E:/ue4/DGame/Content/Maps/maps_start.umap'
[2018.07.12-05.20.52:406][398]LogSavePackage: Display: Finished SavePackage E:/ue4/DGame/Content/Maps/maps_start.umap
[2018.07.12-05.20.52:430][398]LogFileHelpers: Saving map 'maps_start' took 0.207
[2018.07.12-05.20.53:847][553]LogTemp: Repeating last play command: 模拟
[2018.07.12-05.20.53:865][553]LogBlueprintUserMessages: Early PlayInEditor Detection: Level '/Game/Maps/maps_start.maps_start:PersistentLevel' has LevelScriptBlueprint '/Game/Maps/maps_start.maps_start:PersistentLevel.maps_start' with GeneratedClass '/Game/Maps/maps_start.maps_start_C' with ClassGeneratedBy '/Game/Maps/maps_start.maps_start:PersistentLevel.maps_start'
[2018.07.12-05.20.53:865][553]LogPlayLevel: PlayLevel: No blueprints needed recompiling
[2018.07.12-05.20.53:866][553]PIE: New page: SIE 会话: maps_start (2018年7月12日 下午9:20:53)
[2018.07.12-05.20.53:866][553]LogPlayLevel: Creating play world package: /Game/Maps/UEDPIE_0_maps_start
[2018.07.12-05.20.53:889][553]LogPlayLevel: PIE: StaticDuplicateObject took: (0.022862s)
[2018.07.12-05.20.53:889][553]LogAIModule: Creating AISystem for world maps_start
[2018.07.12-05.20.53:890][553]LogPlayLevel: PIE: World Init took: (0.000595s)
[2018.07.12-05.20.53:890][553]LogPlayLevel: PIE: Created PIE world by copying editor world from /Game/Maps/maps_start.maps_start to /Game/Maps/UEDPIE_0_maps_start.maps_start (0.023600s)
[2018.07.12-05.20.53:910][553]LogInit: XAudio2 using '扬声器 (Realtek High Definition Audio)' : 2 channels at 48 kHz using 32 bits per sample (channel mask 0x3)
[2018.07.12-05.20.53:915][553]LogInit: FAudioDevice initialized.
[2018.07.12-05.20.53:954][553]LogLoad: Game class is 'DGameGameModeBase'
[2018.07.12-05.20.53:958][553]LogWorld: Bringing World /Game/Maps/UEDPIE_0_maps_start.maps_start up for play (max tick rate 0) at 2018.07.12-13.20.53
[2018.07.12-05.20.53:958][553]LogWorld: Bringing up level for play took: 0.003238
[2018.07.12-05.20.53:962][553]LogContentBrowser: Native class hierarchy updated for 'MovieSceneCapture' in 0.0004 seconds. Added 11 classes and 0 folders.
[2018.07.12-05.20.56:098][553]LogWindows: Warning: CreateProc failed: 系统找不到指定的文件。 (0x00000002)
[2018.07.12-05.20.56:098][553]LogWindows: Warning: URL: ../../../Engine/Binaries/Win64/CrashReportClient.exe "E:/ue4/DGame/Saved/Crashes/UE4CC-Windows-68D839B2486DACCE300BB1A5B053E563_0001" -AppName=UE4-DGame -CrashGUID=UE4CC-Windows-68D839B2486DACCE300BB1A5B053E563_0001 -DebugSymbols=..\..\..\Engine\Intermediate\Symbols
[2018.07.12-05.20.56:098][553]LogWindows: Could not start CrashReportClient.exe
[2018.07.12-05.20.56:098][553]LogMemory: Platform Memory Stats for Windows
[2018.07.12-05.20.56:098][553]LogMemory: Process Physical Memory: 3574.17 MB used, 3575.00 MB peak
[2018.07.12-05.20.56:098][553]LogMemory: Process Virtual Memory: 4493.04 MB used, 4493.78 MB peak
[2018.07.12-05.20.56:098][553]LogMemory: Physical Memory: 10007.27 MB used,  6304.73 MB free, 16311.99 MB total
[2018.07.12-05.20.56:098][553]LogMemory: Virtual Memory: 5673.11 MB used,  6304.73 MB free, 134217728.00 MB total
[2018.07.12-05.20.56:098][553]LogWindows: Error: === Critical error: ===
[2018.07.12-05.20.56:098][553]LogWindows: Error: 
[2018.07.12-05.20.56:098][553]LogWindows: Error: Unhandled Exception: EXCEPTION_ACCESS_VIOLATION reading address 0x00000000
[2018.07.12-05.20.56:098][553]LogWindows: Error: 
[2018.07.12-05.20.56:098][553]LogWindows: Error: [Callstack] 0x000000009546562E UE4Editor-DGame.dll!ADGameGameModeBase::change_input_to_ui_only() [e:\ue4\dgame\source\dgame\dgamegamemodebase.cpp:161]
[2018.07.12-05.20.56:098][553]LogWindows: Error: [Callstack] 0x00000000B502E4BA UE4Editor-Engine.dll!AActor::DispatchBeginPlay() [c:\my_code\unrealengine-release\engine\source\runtime\engine\private\actor.cpp:3107]
[2018.07.12-05.20.56:098][553]LogWindows: Error: [Callstack] 0x00000000B63348C5 UE4Editor-Engine.dll!AWorldSettings::NotifyBeginPlay() [c:\my_code\unrealengine-release\engine\source\runtime\engine\private\worldsettings.cpp:189]
[2018.07.12-05.20.56:098][553]LogWindows: Error: [Callstack] 0x00000000B57D8551 UE4Editor-Engine.dll!AGameStateBase::HandleBeginPlay() [c:\my_code\unrealengine-release\engine\source\runtime\engine\private\gamestatebase.cpp:177]
[2018.07.12-05.20.56:098][553]LogWindows: Error: [Callstack] 0x00000000B631D95E UE4Editor-Engine.dll!UWorld::BeginPlay() [c:\my_code\unrealengine-release\engine\source\runtime\engine\private\world.cpp:3536]
[2018.07.12-05.20.56:098][553]LogWindows: Error: [Callstack] 0x00000000B57FD707 UE4Editor-Engine.dll!UGameInstance::StartPlayInEditorGameInstance() [c:\my_code\unrealengine-release\engine\source\runtime\engine\private\gameinstance.cpp:355]
[2018.07.12-05.20.56:098][553]LogWindows: Error: [Callstack] 0x00000000AD86A4CB UE4Editor-UnrealEd.dll!UEditorEngine::CreatePIEGameInstance() [c:\my_code\unrealengine-release\engine\source\editor\unrealed\private\playlevel.cpp:3274]
[2018.07.12-05.20.56:098][553]LogWindows: Error: [Callstack] 0x00000000AD88D1BE UE4Editor-UnrealEd.dll!UEditorEngine::PlayInEditor() [c:\my_code\unrealengine-release\engine\source\editor\unrealed\private\playlevel.cpp:2410]
[2018.07.12-05.20.56:098][553]LogWindows: Error: [Callstack] 0x00000000AD8A9EEF UE4Editor-UnrealEd.dll!UEditorEngine::StartQueuedPlayMapRequest() [c:\my_code\unrealengine-release\engine\source\editor\unrealed\private\playlevel.cpp:1271]
[2018.07.12-05.20.56:098][553]LogWindows: Error: [Callstack] 0x00000000AD30ACCB UE4Editor-UnrealEd.dll!UEditorEngine::Tick() [c:\my_code\unrealengine-release\engine\source\editor\unrealed\private\editorengine.cpp:1581]
[2018.07.12-05.20.56:098][553]LogWindows: Error: [Callstack] 0x00000000ADBCDA26 UE4Editor-UnrealEd.dll!UUnrealEdEngine::Tick() [c:\my_code\unrealengine-release\engine\source\editor\unrealed\private\unrealedengine.cpp:401]
[2018.07.12-05.20.56:098][553]LogWindows: Error: [Callstack] 0x0000000021E65E8D UE4Editor.exe!FEngineLoop::Tick() [c:\my_code\unrealengine-release\engine\source\runtime\launch\private\launchengineloop.cpp:3339]
[2018.07.12-05.20.56:098][553]LogWindows: Error: [Callstack] 0x0000000021E7601C UE4Editor.exe!GuardedMain() [c:\my_code\unrealengine-release\engine\source\runtime\launch\private\launch.cpp:166]
[2018.07.12-05.20.56:098][553]LogWindows: Error: [Callstack] 0x0000000021E7609A UE4Editor.exe!GuardedMainWrapper() [c:\my_code\unrealengine-release\engine\source\runtime\launch\private\windows\launchwindows.cpp:144]
[2018.07.12-05.20.56:098][553]LogWindows: Error: [Callstack] 0x0000000021E8404C UE4Editor.exe!WinMain() [c:\my_code\unrealengine-release\engine\source\runtime\launch\private\windows\launchwindows.cpp:223]
[2018.07.12-05.20.56:098][553]LogWindows: Error: [Callstack] 0x0000000021E85CBA UE4Editor.exe!__scrt_common_main_seh() [f:\dd\vctools\crt\vcstartup\src\startup\exe_common.inl:283]
[2018.07.12-05.20.56:099][553]LogWindows: Error: [Callstack] 0x00000000E92E2774 KERNEL32.DLL!UnknownFunction []
[2018.07.12-05.20.56:099][553]LogWindows: Error: [Callstack] 0x00000000E9F40D51 ntdll.dll!UnknownFunction []
[2018.07.12-05.20.56:099][553]LogWindows: Error: [Callstack] 0x00000000E9F40D51 ntdll.dll!UnknownFunction []
[2018.07.12-05.20.56:099][553]LogWindows: Error: 
[2018.07.12-05.20.56:111][553]LogExit: Executing StaticShutdownAfterError
[2018.07.12-05.20.56:114][553]LogWindows: FPlatformMisc::RequestExit(1)
[2018.07.12-05.20.56:114][553]Log file closed, 07/12/18 13:20:56
