Log file open, 07/07/18 20:01:26
LogWindows: Failed to load 'aqProf.dll' (GetLastError=126)
LogWindows: File 'aqProf.dll' does not exist
LogWindows: Failed to load 'VtuneApi.dll' (GetLastError=126)
LogWindows: File 'VtuneApi.dll' does not exist
LogWindows: Failed to load 'VtuneApi32e.dll' (GetLastError=126)
LogWindows: File 'VtuneApi32e.dll' does not exist
LogInit: Display: Running engine for game: DGame
LogPlatformFile: Not using cached read wrapper
LogInit: Display: RandInit(2000518271) SRandInit(2000518271).
LogInit: Read version file with build ID 'b18491ae-a27b-4abc-bef7-00616cdae016'
LogInit: Registered custom module enumerator with build ID 'b18491ae-a27b-4abc-bef7-00616cdae016'
LogTaskGraph: Started task graph with 5 named threads and 23 total threads with 3 sets of task threads.
LogStats: Stats thread started at 0.269787
LogD3D11RHI: Aftermath initialized
LogICUInternationalization: Display: ICU TimeZone Detection - Raw Offset: +8:00, Platform Override: ''
LogPluginManager: Mounting plugin Paper2D
LogPluginManager: Mounting plugin LiveLink
LogPluginManager: Mounting plugin LightPropagationVolume
LogPluginManager: Mounting plugin CLionSourceCodeAccess
LogPluginManager: Mounting plugin CodeLiteSourceCodeAccess
LogPluginManager: Mounting plugin GitSourceControl
LogPluginManager: Mounting plugin KDevelopSourceCodeAccess
LogPluginManager: Mounting plugin NullSourceCodeAccess
LogPluginManager: Mounting plugin PerforceSourceControl
LogPluginManager: Mounting plugin SubversionSourceControl
LogPluginManager: Mounting plugin UObjectPlugin
LogPluginManager: Mounting plugin VisualStudioCodeSourceCodeAccess
LogPluginManager: Mounting plugin VisualStudioSourceCodeAccess
LogPluginManager: Mounting plugin XCodeSourceCodeAccess
LogPluginManager: Mounting plugin AssetManagerEditor
LogPluginManager: Mounting plugin CryptoKeys
LogPluginManager: Mounting plugin DataValidation
LogPluginManager: Mounting plugin FacialAnimation
LogPluginManager: Mounting plugin GameplayTagsEditor
LogPluginManager: Mounting plugin MobileLauncherProfileWizard
LogPluginManager: Mounting plugin PluginBrowser
LogPluginManager: Mounting plugin SpeedTreeImporter
LogPluginManager: Mounting plugin DatasmithContent
LogPluginManager: Mounting plugin AlembicImporter
LogPluginManager: Mounting plugin CharacterAI
LogPluginManager: Mounting plugin HTML5Networking
LogPluginManager: Mounting plugin AndroidMedia
LogPluginManager: Mounting plugin AvfMedia
LogPluginManager: Mounting plugin ImgMedia
LogPluginManager: Mounting plugin LinearTimecode
LogPluginManager: Mounting plugin MediaCompositing
LogPluginManager: Mounting plugin MediaPlayerEditor
LogPluginManager: Mounting plugin WmfMedia
LogPluginManager: Mounting plugin TcpMessaging
LogPluginManager: Mounting plugin UdpMessaging
LogPluginManager: Mounting plugin ActorSequence
LogPluginManager: Mounting plugin LevelSequenceEditor
LogPluginManager: Mounting plugin MatineeToLevelSequence
LogPluginManager: Mounting plugin NetcodeUnitTest
LogPluginManager: Mounting plugin NUTUnrealEngine4
LogPluginManager: Mounting plugin OnlineSubsystemGooglePlay
LogPluginManager: Mounting plugin OnlineSubsystemIOS
LogPluginManager: Mounting plugin OnlineSubsystem
LogPluginManager: Mounting plugin OnlineSubsystemNull
LogPluginManager: Mounting plugin OnlineSubsystemUtils
LogPluginManager: Mounting plugin AndroidDeviceProfileSelector
LogPluginManager: Mounting plugin AndroidMoviePlayer
LogPluginManager: Mounting plugin AndroidPermission
LogPluginManager: Mounting plugin AppleARKit
LogPluginManager: Mounting plugin AppleMoviePlayer
LogPluginManager: Mounting plugin ArchVisCharacter
LogPluginManager: Mounting plugin AudioCapture
LogPluginManager: Mounting plugin CableComponent
LogPluginManager: Mounting plugin CustomMeshComponent
LogPluginManager: Mounting plugin ExampleDeviceProfileSelector
LogPluginManager: Mounting plugin GoogleCloudMessaging
LogPluginManager: Mounting plugin ImmediatePhysics
LogPluginManager: Mounting plugin IOSDeviceProfileSelector
LogPluginManager: Mounting plugin LinuxDeviceProfileSelector
LogPluginManager: Mounting plugin LocationServicesBPLibrary
LogPluginManager: Mounting plugin MobilePatchingUtils
LogPluginManager: Mounting plugin OculusVR
LogPluginManager: Plugin shader directory ../../../Engine/Plugins/Runtime/Oculus/OculusVR/Shaders found
LogPluginManager: Mapping shader source directory ../../../Engine/Plugins/Runtime/Oculus/OculusVR/Shaders to virtual directory /Plugin/OculusVR
LogPluginManager: Mounting plugin PhysXVehicles
LogPluginManager: Mounting plugin ProceduralMeshComponent
LogPluginManager: Mounting plugin RuntimePhysXCooking
LogPluginManager: Mounting plugin SteamVR
LogPluginManager: Mounting plugin WindowsMoviePlayer
LogStreaming: Display: Took  0.172s to configure plugins.
LogModuleManager: Display: Found up-to-date module file E:/ue4/DGame/Binaries/Win64/UE4Editor-DGame.dll (API version 0).
LogModuleManager: Display: Found up-to-date module file ../../../Engine/Plugins/2D/Paper2D/Binaries/Win64/UE4Editor-Paper2D.dll (API version 0).
LogModuleManager: Display: Found up-to-date module file ../../../Engine/Plugins/2D/Paper2D/Binaries/Win64/UE4Editor-Paper2DEditor.dll (API version 0).
LogModuleManager: Display: Found up-to-date module file ../../../Engine/Plugins/2D/Paper2D/Binaries/Win64/UE4Editor-PaperSpriteSheetImporter.dll (API version 0).
LogModuleManager: Display: Found up-to-date module file ../../../Engine/Plugins/2D/Paper2D/Binaries/Win64/UE4Editor-PaperTiledImporter.dll (API version 0).
LogModuleManager: Display: Found up-to-date module file ../../../Engine/Plugins/2D/Paper2D/Binaries/Win64/UE4Editor-SmartSnapping.dll (API version 0).
LogModuleManager: Display: Found up-to-date module file ../../../Engine/Plugins/Animation/LiveLink/Binaries/Win64/UE4Editor-LiveLink.dll (API version 0).
LogModuleManager: Display: Found up-to-date module file ../../../Engine/Plugins/Animation/LiveLink/Binaries/Win64/UE4Editor-LiveLinkEditor.dll (API version 0).
LogModuleManager: Display: Found up-to-date module file ../../../Engine/Plugins/Blendables/LightPropagationVolume/Binaries/Win64/UE4Editor-LightPropagationVolumeRuntime.dll (API version 0).
LogModuleManager: Display: Found up-to-date module file ../../../Engine/Plugins/Blendables/LightPropagationVolume/Binaries/Win64/UE4Editor-LightPropagationVolumeEditor.dll (API version 0).
LogModuleManager: Display: Found up-to-date module file ../../../Engine/Plugins/Developer/CLionSourceCodeAccess/Binaries/Win64/UE4Editor-CLionSourceCodeAccess.dll (API version 0).
LogModuleManager: Display: Found up-to-date module file ../../../Engine/Plugins/Developer/GitSourceControl/Binaries/Win64/UE4Editor-GitSourceControl.dll (API version 0).
LogModuleManager: Display: Found up-to-date module file ../../../Engine/Plugins/Developer/PerforceSourceControl/Binaries/Win64/UE4Editor-PerforceSourceControl.dll (API version 0).
LogModuleManager: Display: Found up-to-date module file ../../../Engine/Plugins/Developer/SubversionSourceControl/Binaries/Win64/UE4Editor-SubversionSourceControl.dll (API version 0).
LogModuleManager: Display: Found up-to-date module file ../../../Engine/Plugins/Developer/UObjectPlugin/Binaries/Win64/UE4Editor-UObjectPlugin.dll (API version 0).
LogModuleManager: Display: Found up-to-date module file ../../../Engine/Plugins/Developer/VisualStudioCodeSourceCodeAccess/Binaries/Win64/UE4Editor-VisualStudioCodeSourceCodeAccess.dll (API version 0).
LogModuleManager: Display: Found up-to-date module file ../../../Engine/Plugins/Developer/VisualStudioSourceCodeAccess/Binaries/Win64/UE4Editor-VisualStudioSourceCodeAccess.dll (API version 0).
LogModuleManager: Display: Found up-to-date module file ../../../Engine/Plugins/Editor/AssetManagerEditor/Binaries/Win64/UE4Editor-AssetManagerEditor.dll (API version 0).
LogModuleManager: Display: Found up-to-date module file ../../../Engine/Plugins/Editor/CryptoKeys/Binaries/Win64/UE4Editor-CryptoKeys.dll (API version 0).
LogModuleManager: Display: Found up-to-date module file ../../../Engine/Plugins/Editor/CryptoKeys/Binaries/Win64/UE4Editor-CryptoKeysOpenSSL.dll (API version 0).
LogModuleManager: Display: Found up-to-date module file ../../../Engine/Plugins/Editor/DataValidation/Binaries/Win64/UE4Editor-DataValidation.dll (API version 0).
LogModuleManager: Display: Found up-to-date module file ../../../Engine/Plugins/Editor/FacialAnimation/Binaries/Win64/UE4Editor-FacialAnimation.dll (API version 0).
LogModuleManager: Display: Found up-to-date module file ../../../Engine/Plugins/Editor/FacialAnimation/Binaries/Win64/UE4Editor-FacialAnimationEditor.dll (API version 0).
LogModuleManager: Display: Found up-to-date module file ../../../Engine/Plugins/Editor/GameplayTagsEditor/Binaries/Win64/UE4Editor-GameplayTagsEditor.dll (API version 0).
LogModuleManager: Display: Found up-to-date module file ../../../Engine/Plugins/Editor/MobileLauncherProfileWizard/Binaries/Win64/UE4Editor-MobileLauncherProfileWizard.dll (API version 0).
LogModuleManager: Display: Found up-to-date module file ../../../Engine/Plugins/Editor/PluginBrowser/Binaries/Win64/UE4Editor-PluginBrowser.dll (API version 0).
LogModuleManager: Display: Found up-to-date module file ../../../Engine/Plugins/Editor/SpeedTreeImporter/Binaries/Win64/UE4Editor-SpeedTreeImporter.dll (API version 0).
LogModuleManager: Display: Found up-to-date module file ../../../Engine/Plugins/Enterprise/DatasmithContent/Binaries/Win64/UE4Editor-DatasmithContent.dll (API version 0).
LogModuleManager: Display: Found up-to-date module file ../../../Engine/Plugins/Experimental/AlembicImporter/Binaries/Win64/UE4Editor-AlembicImporter.dll (API version 0).
LogModuleManager: Display: Found up-to-date module file ../../../Engine/Plugins/Experimental/AlembicImporter/Binaries/Win64/UE4Editor-AlembicLibrary.dll (API version 0).
LogModuleManager: Display: Found up-to-date module file ../../../Engine/Plugins/Experimental/CharacterAI/Binaries/Win64/UE4Editor-CharacterAI.dll (API version 0).
LogModuleManager: Display: Found up-to-date module file ../../../Engine/Plugins/Experimental/HTML5Networking/Binaries/Win64/UE4Editor-HTML5Networking.dll (API version 0).
LogModuleManager: Display: Found up-to-date module file ../../../Engine/Plugins/Media/AndroidMedia/Binaries/Win64/UE4Editor-AndroidMediaEditor.dll (API version 0).
LogModuleManager: Display: Found up-to-date module file ../../../Engine/Plugins/Media/AndroidMedia/Binaries/Win64/UE4Editor-AndroidMediaFactory.dll (API version 0).
LogModuleManager: Display: Found up-to-date module file ../../../Engine/Plugins/Media/AvfMedia/Binaries/Win64/UE4Editor-AvfMediaEditor.dll (API version 0).
LogModuleManager: Display: Found up-to-date module file ../../../Engine/Plugins/Media/AvfMedia/Binaries/Win64/UE4Editor-AvfMediaFactory.dll (API version 0).
LogModuleManager: Display: Found up-to-date module file ../../../Engine/Plugins/Media/AvfMedia/Binaries/Win64/UE4Editor-AvfMediaFactory.dll (API version 0).
LogModuleManager: Display: Found up-to-date module file ../../../Engine/Plugins/Media/ImgMedia/Binaries/Win64/UE4Editor-ImgMedia.dll (API version 0).
LogModuleManager: Display: Found up-to-date module file ../../../Engine/Plugins/Media/ImgMedia/Binaries/Win64/UE4Editor-ImgMediaEditor.dll (API version 0).
LogModuleManager: Display: Found up-to-date module file ../../../Engine/Plugins/Media/ImgMedia/Binaries/Win64/UE4Editor-ImgMediaFactory.dll (API version 0).
LogModuleManager: Display: Found up-to-date module file ../../../Engine/Plugins/Media/ImgMedia/Binaries/Win64/UE4Editor-ImgMediaFactory.dll (API version 0).
LogModuleManager: Display: Found up-to-date module file ../../../Engine/Plugins/Media/ImgMedia/Binaries/Win64/UE4Editor-OpenExrWrapper.dll (API version 0).
LogModuleManager: Display: Found up-to-date module file ../../../Engine/Plugins/Media/LinearTimecode/Binaries/Win64/UE4Editor-LinearTimecode.dll (API version 0).
LogModuleManager: Display: Found up-to-date module file ../../../Engine/Plugins/Media/MediaCompositing/Binaries/Win64/UE4Editor-MediaCompositing.dll (API version 0).
LogModuleManager: Display: Found up-to-date module file ../../../Engine/Plugins/Media/MediaCompositing/Binaries/Win64/UE4Editor-MediaCompositingEditor.dll (API version 0).
LogModuleManager: Display: Found up-to-date module file ../../../Engine/Plugins/Media/MediaPlayerEditor/Binaries/Win64/UE4Editor-MediaPlayerEditor.dll (API version 0).
LogModuleManager: Display: Found up-to-date module file ../../../Engine/Plugins/Media/WmfMedia/Binaries/Win64/UE4Editor-WmfMedia.dll (API version 0).
LogModuleManager: Display: Found up-to-date module file ../../../Engine/Plugins/Media/WmfMedia/Binaries/Win64/UE4Editor-WmfMediaEditor.dll (API version 0).
LogModuleManager: Display: Found up-to-date module file ../../../Engine/Plugins/Media/WmfMedia/Binaries/Win64/UE4Editor-WmfMediaFactory.dll (API version 0).
LogModuleManager: Display: Found up-to-date module file ../../../Engine/Plugins/Media/WmfMedia/Binaries/Win64/UE4Editor-WmfMediaFactory.dll (API version 0).
LogModuleManager: Display: Found up-to-date module file ../../../Engine/Plugins/Messaging/TcpMessaging/Binaries/Win64/UE4Editor-TcpMessaging.dll (API version 0).
LogModuleManager: Display: Found up-to-date module file ../../../Engine/Plugins/Messaging/UdpMessaging/Binaries/Win64/UE4Editor-UdpMessaging.dll (API version 0).
LogModuleManager: Display: Found up-to-date module file ../../../Engine/Plugins/MovieScene/ActorSequence/Binaries/Win64/UE4Editor-ActorSequence.dll (API version 0).
LogModuleManager: Display: Found up-to-date module file ../../../Engine/Plugins/MovieScene/LevelSequenceEditor/Binaries/Win64/UE4Editor-LevelSequenceEditor.dll (API version 0).
LogModuleManager: Display: Found up-to-date module file ../../../Engine/Plugins/MovieScene/MatineeToLevelSequence/Binaries/Win64/UE4Editor-MatineeToLevelSequence.dll (API version 0).
LogModuleManager: Display: Found up-to-date module file ../../../Engine/Plugins/NetcodeUnitTest/NetcodeUnitTest/Binaries/Win64/UE4Editor-NetcodeUnitTest.dll (API version 0).
LogModuleManager: Display: Found up-to-date module file ../../../Engine/Plugins/NetcodeUnitTest/NUTUnrealEngine4/Binaries/Win64/UE4Editor-NUTUnrealEngine4.dll (API version 0).
LogModuleManager: Display: Found up-to-date module file ../../../Engine/Plugins/Online/OnlineSubsystem/Binaries/Win64/UE4Editor-OnlineSubsystem.dll (API version 0).
LogModuleManager: Display: Found up-to-date module file ../../../Engine/Plugins/Online/OnlineSubsystemNull/Binaries/Win64/UE4Editor-OnlineSubsystemNull.dll (API version 0).
LogModuleManager: Display: Found up-to-date module file ../../../Engine/Plugins/Online/OnlineSubsystemUtils/Binaries/Win64/UE4Editor-OnlineSubsystemUtils.dll (API version 0).
LogModuleManager: Display: Found up-to-date module file ../../../Engine/Plugins/Online/OnlineSubsystemUtils/Binaries/Win64/UE4Editor-OnlineBlueprintSupport.dll (API version 0).
LogModuleManager: Display: Found up-to-date module file ../../../Engine/Plugins/Runtime/AndroidDeviceProfileSelector/Binaries/Win64/UE4Editor-AndroidDeviceProfileSelector.dll (API version 0).
LogModuleManager: Display: Found up-to-date module file ../../../Engine/Plugins/Runtime/AndroidPermission/Binaries/Win64/UE4Editor-AndroidPermission.dll (API version 0).
LogModuleManager: Display: Found up-to-date module file ../../../Engine/Plugins/Runtime/AppleARKit/Binaries/Win64/UE4Editor-AppleARKit.dll (API version 0).
LogModuleManager: Display: Found up-to-date module file ../../../Engine/Plugins/Runtime/ArchVisCharacter/Binaries/Win64/UE4Editor-ArchVisCharacter.dll (API version 0).
LogModuleManager: Display: Found up-to-date module file ../../../Engine/Plugins/Runtime/AudioCapture/Binaries/Win64/UE4Editor-AudioCapture.dll (API version 0).
LogModuleManager: Display: Found up-to-date module file ../../../Engine/Plugins/Runtime/AudioCapture/Binaries/Win64/UE4Editor-AudioCaptureEditor.dll (API version 0).
LogModuleManager: Display: Found up-to-date module file ../../../Engine/Plugins/Runtime/CableComponent/Binaries/Win64/UE4Editor-CableComponent.dll (API version 0).
LogModuleManager: Display: Found up-to-date module file ../../../Engine/Plugins/Runtime/CustomMeshComponent/Binaries/Win64/UE4Editor-CustomMeshComponent.dll (API version 0).
LogModuleManager: Display: Found up-to-date module file ../../../Engine/Plugins/Runtime/ExampleDeviceProfileSelector/Binaries/Win64/UE4Editor-ExampleDeviceProfileSelector.dll (API version 0).
LogModuleManager: Display: Found up-to-date module file ../../../Engine/Plugins/Runtime/ImmediatePhysics/Binaries/Win64/UE4Editor-ImmediatePhysics.dll (API version 0).
LogModuleManager: Display: Found up-to-date module file ../../../Engine/Plugins/Runtime/ImmediatePhysics/Binaries/Win64/UE4Editor-ImmediatePhysicsEditor.dll (API version 0).
LogModuleManager: Display: Found up-to-date module file ../../../Engine/Plugins/Runtime/LocationServicesBPLibrary/Binaries/Win64/UE4Editor-LocationServicesBPLibrary.dll (API version 0).
LogModuleManager: Display: Found up-to-date module file ../../../Engine/Plugins/Runtime/MobilePatchingUtils/Binaries/Win64/UE4Editor-MobilePatchingUtils.dll (API version 0).
LogModuleManager: Display: Found up-to-date module file ../../../Engine/Plugins/Runtime/Oculus/OculusVR/Binaries/Win64/UE4Editor-OculusHMD.dll (API version 0).
LogModuleManager: Display: Found up-to-date module file ../../../Engine/Plugins/Runtime/Oculus/OculusVR/Binaries/Win64/UE4Editor-OculusInput.dll (API version 0).
LogModuleManager: Display: Found up-to-date module file ../../../Engine/Plugins/Runtime/Oculus/OculusVR/Binaries/Win64/UE4Editor-OculusEditor.dll (API version 0).
LogModuleManager: Display: Found up-to-date module file ../../../Engine/Plugins/Runtime/PhysXVehicles/Binaries/Win64/UE4Editor-PhysXVehicles.dll (API version 0).
LogModuleManager: Display: Found up-to-date module file ../../../Engine/Plugins/Runtime/PhysXVehicles/Binaries/Win64/UE4Editor-PhysXVehiclesEditor.dll (API version 0).
LogModuleManager: Display: Found up-to-date module file ../../../Engine/Plugins/Runtime/ProceduralMeshComponent/Binaries/Win64/UE4Editor-ProceduralMeshComponent.dll (API version 0).
LogModuleManager: Display: Found up-to-date module file ../../../Engine/Plugins/Runtime/ProceduralMeshComponent/Binaries/Win64/UE4Editor-ProceduralMeshComponentEditor.dll (API version 0).
LogModuleManager: Display: Found up-to-date module file ../../../Engine/Plugins/Runtime/RuntimePhysXCooking/Binaries/Win64/UE4Editor-RuntimePhysXCooking.dll (API version 0).
LogModuleManager: Display: Found up-to-date module file ../../../Engine/Plugins/Runtime/Steam/SteamVR/Binaries/Win64/UE4Editor-SteamVR.dll (API version 0).
LogModuleManager: Display: Found up-to-date module file ../../../Engine/Plugins/Runtime/Steam/SteamVR/Binaries/Win64/UE4Editor-SteamVRController.dll (API version 0).
LogModuleManager: Display: Found up-to-date module file ../../../Engine/Plugins/Runtime/WindowsMoviePlayer/Binaries/Win64/UE4Editor-WindowsMoviePlayer.dll (API version 0).
LogInit: Using libcurl 7.47.1
LogInit:  - built for x86_64-pc-win32
LogInit:  - supports SSL with OpenSSL/1.0.2g
LogInit:  - supports HTTP deflate (compression) using libz 1.2.8
LogInit:  - other features:
LogInit:      CURL_VERSION_SSL
LogInit:      CURL_VERSION_LIBZ
LogInit:      CURL_VERSION_IPV6
LogInit:      CURL_VERSION_ASYNCHDNS
LogInit:      CURL_VERSION_LARGEFILE
LogInit:      CURL_VERSION_IDN
LogInit:  CurlRequestOptions (configurable via config and command line):
LogInit:  - bVerifyPeer = false  - Libcurl will NOT verify peer certificate
LogInit:  - bUseHttpProxy = false  - Libcurl will NOT use HTTP proxy
LogInit:  - bDontReuseConnections = false  - Libcurl will reuse connections
LogInit:  - CertBundlePath = nullptr  - Libcurl will use whatever was configured at build time.
LogInit:  - MaxHostConnections = 16  - Libcurl will limit the number of connections to a host
LogInit:  - LocalHostAddr = Default
LogInit: WinSock: version 1.1 (2.2), MaxSocks=32767, MaxUdp=65467
LogInit: WinSock: I am duaduacao-PC0 (10.32.204.62:0)
LogInit: Build: ++UE4+Release-4.19-CL-0
LogInit: Engine Version: 4.19.2-0+++UE4+Release-4.19
LogInit: Compatible Engine Version: 4.19.0-0+++UE4+Release-4.19
LogInit: Net CL: 0
LogDevObjectVersion: Number of dev versions registered: 18
LogDevObjectVersion:   Dev-Blueprints (B0D832E4-1F89-4F0D-ACCF-7EB736FD4AA2): 10
LogDevObjectVersion:   Dev-Build (E1C64328-A22C-4D53-A36C-8E866417BD8C): 0
LogDevObjectVersion:   Dev-Core (375EC13C-06E4-48FB-B500-84F0262A717E): 2
LogDevObjectVersion:   Dev-Editor (E4B068ED-F494-42E9-A231-DA0B2E46BB41): 23
LogDevObjectVersion:   Dev-Framework (CFFC743F-43B0-4480-9391-14DF171D2073): 33
LogDevObjectVersion:   Dev-Mobile (B02B49B5-BB20-44E9-A304-32B752E40360): 2
LogDevObjectVersion:   Dev-Networking (A4E4105C-59A1-49B5-A7C5-40C4547EDFEE): 0
LogDevObjectVersion:   Dev-Online (39C831C9-5AE6-47DC-9A44-9C173E1C8E7C): 0
LogDevObjectVersion:   Dev-Physics (78F01B33-EBEA-4F98-B9B4-84EACCB95AA2): 0
LogDevObjectVersion:   Dev-Platform (6631380F-2D4D-43E0-8009-CF276956A95A): 0
LogDevObjectVersion:   Dev-Rendering (12F88B9F-8875-4AFC-A67C-D90C383ABD29): 25
LogDevObjectVersion:   Dev-Sequencer (7B5AE74C-D270-4C10-A958-57980B212A5A): 6
LogDevObjectVersion:   Dev-VR (D7296918-1DD6-4BDD-9DE2-64A83CC13884): 1
LogDevObjectVersion:   Dev-LoadTimes (C2A15278-BFE7-4AFE-6C17-90FF531DF755): 1
LogDevObjectVersion:   Private-Geometry (6EACA3D4-40EC-4CC1-B786-8BED09428FC5): 2
LogDevObjectVersion:   Dev-AnimPhys (29E575DD-E0A3-4627-9D10-D276232CDCEA): 16
LogDevObjectVersion:   Dev-ReflectionCapture (6B266CEC-1EC7-4B8F-A30B-E4D90942FC07): 1
LogDevObjectVersion:   Dev-Automation (0DF73D61-A23F-47EA-B727-89E90C41499A): 1
LogInit: Compiled (64-bit): Jun 25 2018 20:26:12
LogInit: Compiled with Visual C++: 19.14.26431.00
LogInit: Build Configuration: Development
LogInit: Branch Name: ++UE4+Release-4.19
LogInit: Command Line:  -skipcompile
LogInit: Base Directory: C:/my_code/UnrealEngine-release/Engine/Binaries/Win64/
LogInit: Installed Engine Build: 0
LogStreaming: Display: Took  0.040s to delete old logs.
LogInit: Presizing for max 8388607 objects, including 0 objects not considered by GC, pre-allocating 0 bytes for permanent pool.
LogInit: Object subsystem initialized
[2018.07.07-12.01.28:615][  0]LogInit: Selected Device Profile: [Windows]
[2018.07.07-12.01.28:615][  0]LogInit: Applying CVar settings loaded from the selected device profile: [Windows]
[2018.07.07-12.01.28:637][  0]LogInit: Computer: duaduacao-PC0
[2018.07.07-12.01.28:637][  0]LogInit: User: duaduacao
[2018.07.07-12.01.28:637][  0]LogInit: CPU Page size=4096, Cores=4
[2018.07.07-12.01.28:637][  0]LogInit: High frequency timer resolution =3.515630 MHz
[2018.07.07-12.01.28:637][  0]LogMemory: Memory total: Physical=15.9GB (16GB approx)
[2018.07.07-12.01.28:637][  0]LogMemory: Platform Memory Stats for Windows
[2018.07.07-12.01.28:637][  0]LogMemory: Process Physical Memory: 273.36 MB used, 273.36 MB peak
[2018.07.07-12.01.28:637][  0]LogMemory: Process Virtual Memory: 264.54 MB used, 264.54 MB peak
[2018.07.07-12.01.28:637][  0]LogMemory: Physical Memory: 6494.57 MB used,  9817.42 MB free, 16311.99 MB total
[2018.07.07-12.01.28:637][  0]LogMemory: Virtual Memory: 657.88 MB used,  9817.42 MB free, 134217728.00 MB total
[2018.07.07-12.01.28:845][  0]LogInit: Using OS detected language (zh-CN).
[2018.07.07-12.01.28:845][  0]LogInit: Using OS detected locale (zh-CN).
[2018.07.07-12.01.29:117][  0]LogStreaming: Display: Took  0.271s to EndInitTextLocalization.
[2018.07.07-12.01.29:117][  0]LogInit: Setting process to per monitor DPI aware
[2018.07.07-12.01.29:214][  0]LogSlate: New Slate User Created.  User Index 0, Is Virtual User: 0
[2018.07.07-12.01.29:214][  0]LogSlate: Slate User Registered.  User Index 0, Is Virtual User: 0
[2018.07.07-12.01.29:500][  0]LogD3D11RHI: D3D11 adapters:
[2018.07.07-12.01.29:769][  0]LogD3D11RHI:    0. 'NVIDIA GeForce GTX 1060 6GB' (Feature Level 11_0)
[2018.07.07-12.01.29:769][  0]LogD3D11RHI:       6052/0/8155 MB DedicatedVideo/DedicatedSystem/SharedSystem, Outputs:1, VendorId:0x10de
[2018.07.07-12.01.29:792][  0]LogD3D11RHI:    1. 'Microsoft Basic Render Driver' (Feature Level 11_0)
[2018.07.07-12.01.29:792][  0]LogD3D11RHI:       0/0/8155 MB DedicatedVideo/DedicatedSystem/SharedSystem, Outputs:0, VendorId:0x1414
[2018.07.07-12.01.29:792][  0]LogD3D11RHI: Chosen D3D11 Adapter: 0
[2018.07.07-12.01.29:800][  0]LogD3D11RHI: Creating new Direct3DDevice
[2018.07.07-12.01.29:800][  0]LogD3D11RHI:     GPU DeviceId: 0x1c03 (for the marketing name, search the web for "GPU Device Id")
[2018.07.07-12.01.29:800][  0]LogWindows: EnumDisplayDevices:
[2018.07.07-12.01.29:800][  0]LogWindows:    0. 'NVIDIA GeForce GTX 1060 6GB' (P:1 D:1)
[2018.07.07-12.01.29:801][  0]LogWindows:    1. 'NVIDIA GeForce GTX 1060 6GB' (P:0 D:0)
[2018.07.07-12.01.29:801][  0]LogWindows:    2. 'NVIDIA GeForce GTX 1060 6GB' (P:0 D:0)
[2018.07.07-12.01.29:801][  0]LogWindows:    3. 'NVIDIA GeForce GTX 1060 6GB' (P:0 D:0)
[2018.07.07-12.01.29:802][  0]LogWindows: DebugString: FoundDriverCount:4 
[2018.07.07-12.01.29:802][  0]LogD3D11RHI:     Adapter Name: NVIDIA GeForce GTX 1060 6GB
[2018.07.07-12.01.29:802][  0]LogD3D11RHI:   Driver Version: 390.65 (internal:23.21.13.9065, unified:390.65)
[2018.07.07-12.01.29:802][  0]LogD3D11RHI:      Driver Date: 1-3-2018
[2018.07.07-12.01.29:802][  0]LogRHI: Texture pool is 4236 MB (70% of 6052 MB)
[2018.07.07-12.01.29:826][  0]LogD3D11RHI: [Aftermath] Aftermath enabled and primed
[2018.07.07-12.01.29:826][  0]LogD3D11RHI: [Aftermath] Aftermath enabled and primed
[2018.07.07-12.01.29:826][  0]LogD3D11RHI: Async texture creation enabled
[2018.07.07-12.01.29:843][  0]LogD3D11RHI: GPU Timing Frequency: 1000.000000 (Debug: 2 2)
[2018.07.07-12.01.29:885][  0]LogShaderCompilers: Guid format shader working directory is 38 characters bigger than the processId version (E:/ue4/DGame/Intermediate/Shaders/WorkingDirectory/3560/).
[2018.07.07-12.01.29:885][  0]LogShaderCompilers: Cleaned the shader compiler working directory 'C:/Users/duaduacao/AppData/Local/Temp/UnrealShaderWorkingDir/4DA2874345FEB54E59F543A3D952366A/'.
[2018.07.07-12.01.30:645][  0]LogTemp: Display: Loaded TP AllDesktopTargetPlatform
[2018.07.07-12.01.30:655][  0]LogTemp: Display: Loaded TP MacClientTargetPlatform
[2018.07.07-12.01.30:666][  0]LogTemp: Display: Loaded TP MacNoEditorTargetPlatform
[2018.07.07-12.01.30:676][  0]LogTemp: Display: Loaded TP MacServerTargetPlatform
[2018.07.07-12.01.30:687][  0]LogTemp: Display: Loaded TP MacTargetPlatform
[2018.07.07-12.01.30:698][  0]LogTemp: Display: Loaded TP WindowsClientTargetPlatform
[2018.07.07-12.01.30:709][  0]LogTemp: Display: Loaded TP WindowsNoEditorTargetPlatform
[2018.07.07-12.01.30:720][  0]LogTemp: Display: Loaded TP WindowsServerTargetPlatform
[2018.07.07-12.01.30:727][  0]LogTemp: Display: Loaded TP WindowsTargetPlatform
[2018.07.07-12.01.30:738][  0]LogTemp: Display: Loaded TP Android_ASTCTargetPlatform
[2018.07.07-12.01.30:747][  0]LogTemp: Display: Loaded TP Android_ATCTargetPlatform
[2018.07.07-12.01.30:757][  0]LogTemp: Display: Loaded TP Android_DXTTargetPlatform
[2018.07.07-12.01.30:768][  0]LogTemp: Display: Loaded TP Android_ETC1aTargetPlatform
[2018.07.07-12.01.30:778][  0]LogTemp: Display: Loaded TP Android_ETC1TargetPlatform
[2018.07.07-12.01.30:788][  0]LogTemp: Display: Loaded TP Android_ETC2TargetPlatform
[2018.07.07-12.01.30:808][  0]LogTemp: Display: Loaded TP Android_MultiTargetPlatform
[2018.07.07-12.01.30:808][  0]LogTemp: Display: Loaded TP Android_PVRTCTargetPlatform
[2018.07.07-12.01.30:819][  0]LogTemp: Display: Loaded TP AndroidTargetPlatform
[2018.07.07-12.01.30:821][  0]LogTemp: Display: Loaded TP HTML5TargetPlatform
[2018.07.07-12.01.30:864][  0]LogTemp: Display: Loaded TP IOSTargetPlatform
[2018.07.07-12.01.30:873][  0]LogTemp: Display: Loaded TP TVOSTargetPlatform
[2018.07.07-12.01.30:874][  0]LogTargetPlatformManager: Display: Building Assets For Windows
[2018.07.07-12.01.31:149][  0]LogXGEController: Cleaning working directory: C:/Users/duaduacao/AppData/Local/Temp/UnrealXGEWorkingDir/
[2018.07.07-12.01.31:149][  0]LogXGEController: Cannot use XGE Controller as Incredibuild is not installed on this machine.
[2018.07.07-12.01.31:149][  0]LogShaderCompilers: Cannot use XGE Shader Compiler as Incredibuild is not installed on this machine.
[2018.07.07-12.01.31:149][  0]LogShaderCompilers: Display: Using Local Shader Compiler.
[2018.07.07-12.01.31:754][  0]LogDerivedDataCache: Display: Max Cache Size: 512 MB
[2018.07.07-12.01.32:319][  0]LogDerivedDataCache: Loaded boot cache 0.57s 80MB E:/ue4/DGame/DerivedDataCache/Boot.ddc.
[2018.07.07-12.01.32:319][  0]LogDerivedDataCache: Display: Loaded Boot cache: E:/ue4/DGame/DerivedDataCache/Boot.ddc
[2018.07.07-12.01.32:319][  0]LogDerivedDataCache: FDerivedDataBackendGraph:  Pak pak cache file E:/ue4/DGame/DerivedDataCache/DDC.ddp not found, will not use a pak cache.
[2018.07.07-12.01.32:319][  0]LogDerivedDataCache: Unable to find inner node Pak for hierarchical cache Hierarchy.
[2018.07.07-12.01.32:319][  0]LogDerivedDataCache: FDerivedDataBackendGraph:  EnginePak pak cache file ../../../Engine/DerivedDataCache/DDC.ddp not found, will not use a pak cache.
[2018.07.07-12.01.32:319][  0]LogDerivedDataCache: Unable to find inner node EnginePak for hierarchical cache Hierarchy.
[2018.07.07-12.01.32:333][  0]LogDerivedDataCache: Using Local data cache path ../../../Engine/DerivedDataCache: Writable
[2018.07.07-12.01.32:333][  0]LogDerivedDataCache: Shared data cache path not found in *engine.ini, will not use an Shared cache.
[2018.07.07-12.01.32:333][  0]LogDerivedDataCache: Unable to find inner node Shared for hierarchical cache Hierarchy.
[2018.07.07-12.01.32:343][  0]LogMaterial: Verifying Global Shaders for PCD3D_SM5
[2018.07.07-12.01.32:344][  0]LogSlate: Using Freetype 2.6.0
[2018.07.07-12.01.32:346][  0]LogSlate: SlateFontCache - WITH_FREETYPE: 1, WITH_HARFBUZZ: 1
[2018.07.07-12.01.32:346][  0]LogSlate: SlateFontCache - WITH_FREETYPE: 1, WITH_HARFBUZZ: 1
[2018.07.07-12.01.32:587][  0]LogAssetRegistry: FAssetRegistry took 0.0250 seconds to start up
[2018.07.07-12.01.32:803][  0]LogInit: Selected Device Profile: [Windows]
[2018.07.07-12.01.33:105][  0]LogMeshReduction: Using QuadricMeshReduction for automatic static mesh reduction
[2018.07.07-12.01.33:105][  0]LogMeshReduction: No automatic skeletal mesh reduction module available
[2018.07.07-12.01.33:105][  0]LogMeshReduction: No automatic mesh merging module available
[2018.07.07-12.01.33:105][  0]LogMeshReduction: No distributed automatic mesh merging module available
[2018.07.07-12.01.33:105][  0]LogMeshMerging: No automatic mesh merging module available
[2018.07.07-12.01.33:105][  0]LogMeshMerging: No distributed automatic mesh merging module available
[2018.07.07-12.01.33:132][  0]LogNetVersion: DGame , NetCL: 0, EngineNetVer: 2, GameNetVer: 0 (Checksum: 3774009162)
[2018.07.07-12.01.33:603][  0]LogPackageLocalizationCache: Processed 9 localized package path(s) for 4 prioritized culture(s) in 0.128559 seconds
[2018.07.07-12.01.33:608][  0]LogUObjectArray: 36684 objects as part of root set at end of initial load.
[2018.07.07-12.01.33:608][  0]LogUObjectAllocator: 7307416 out of 0 bytes used by permanent object pool.
[2018.07.07-12.01.33:608][  0]LogUObjectArray: CloseDisregardForGC: 0/0 objects in disregard for GC pool
[2018.07.07-12.01.34:377][  0]LogStreaming: Warning: Failed to read file '../../../Engine/Content/Editor/Slate/Launcher/Mac/Platform_Mac_24x.png' error.
[2018.07.07-12.01.34:377][  0]LogSlate: Could not find file for Slate resource: ../../../Engine/Content/Editor/Slate/Launcher/Mac/Platform_Mac_24x.png
[2018.07.07-12.01.34:377][  0]LogStreaming: Warning: Failed to read file '../../../Engine/Content/Editor/Slate/Launcher/Mac/Platform_Mac_128x.png' error.
[2018.07.07-12.01.34:377][  0]LogSlate: Could not find file for Slate resource: ../../../Engine/Content/Editor/Slate/Launcher/Mac/Platform_Mac_128x.png
[2018.07.07-12.01.34:377][  0]LogStreaming: Warning: Failed to read file '../../../Engine/Content/Editor/Slate/Launcher/Mac/Platform_Mac_128x.png' error.
[2018.07.07-12.01.34:377][  0]LogSlate: Could not find file for Slate resource: ../../../Engine/Content/Editor/Slate/Launcher/Mac/Platform_Mac_128x.png
[2018.07.07-12.01.34:377][  0]LogStreaming: Warning: Failed to read file '../../../Engine/Content/Editor/Slate/Launcher/Mac/Platform_Mac_24x.png' error.
[2018.07.07-12.01.34:377][  0]LogSlate: Could not find file for Slate resource: ../../../Engine/Content/Editor/Slate/Launcher/Mac/Platform_Mac_24x.png
[2018.07.07-12.01.34:377][  0]LogStreaming: Warning: Failed to read file '../../../Engine/Content/Editor/Slate/Launcher/Mac/Platform_Mac_128x.png' error.
[2018.07.07-12.01.34:377][  0]LogSlate: Could not find file for Slate resource: ../../../Engine/Content/Editor/Slate/Launcher/Mac/Platform_Mac_128x.png
[2018.07.07-12.01.34:377][  0]LogStreaming: Warning: Failed to read file '../../../Engine/Content/Editor/Slate/Launcher/Mac/Platform_Mac_128x.png' error.
[2018.07.07-12.01.34:377][  0]LogSlate: Could not find file for Slate resource: ../../../Engine/Content/Editor/Slate/Launcher/Mac/Platform_Mac_128x.png
[2018.07.07-12.01.34:377][  0]LogStreaming: Warning: Failed to read file '../../../Engine/Content/Editor/Slate/Launcher/Mac/Platform_Mac_24x.png' error.
[2018.07.07-12.01.34:377][  0]LogSlate: Could not find file for Slate resource: ../../../Engine/Content/Editor/Slate/Launcher/Mac/Platform_Mac_24x.png
[2018.07.07-12.01.34:377][  0]LogStreaming: Warning: Failed to read file '../../../Engine/Content/Editor/Slate/Launcher/Mac/Platform_Mac_128x.png' error.
[2018.07.07-12.01.34:377][  0]LogSlate: Could not find file for Slate resource: ../../../Engine/Content/Editor/Slate/Launcher/Mac/Platform_Mac_128x.png
[2018.07.07-12.01.34:377][  0]LogStreaming: Warning: Failed to read file '../../../Engine/Content/Editor/Slate/Launcher/Mac/Platform_Mac_128x.png' error.
[2018.07.07-12.01.34:377][  0]LogSlate: Could not find file for Slate resource: ../../../Engine/Content/Editor/Slate/Launcher/Mac/Platform_Mac_128x.png
[2018.07.07-12.01.34:377][  0]LogStreaming: Warning: Failed to read file '../../../Engine/Content/Editor/Slate/Launcher/Mac/Platform_Mac_24x.png' error.
[2018.07.07-12.01.34:377][  0]LogSlate: Could not find file for Slate resource: ../../../Engine/Content/Editor/Slate/Launcher/Mac/Platform_Mac_24x.png
[2018.07.07-12.01.34:377][  0]LogStreaming: Warning: Failed to read file '../../../Engine/Content/Editor/Slate/Launcher/Mac/Platform_Mac_128x.png' error.
[2018.07.07-12.01.34:377][  0]LogSlate: Could not find file for Slate resource: ../../../Engine/Content/Editor/Slate/Launcher/Mac/Platform_Mac_128x.png
[2018.07.07-12.01.34:377][  0]LogStreaming: Warning: Failed to read file '../../../Engine/Content/Editor/Slate/Launcher/Mac/Platform_Mac_128x.png' error.
[2018.07.07-12.01.34:377][  0]LogSlate: Could not find file for Slate resource: ../../../Engine/Content/Editor/Slate/Launcher/Mac/Platform_Mac_128x.png
[2018.07.07-12.01.34:377][  0]LogStreaming: Warning: Failed to read file '../../../Engine/Content/Editor/Slate/Launcher/Linux/Platform_Linux_24x.png' error.
[2018.07.07-12.01.34:377][  0]LogSlate: Could not find file for Slate resource: ../../../Engine/Content/Editor/Slate/Launcher/Linux/Platform_Linux_24x.png
[2018.07.07-12.01.34:377][  0]LogStreaming: Warning: Failed to read file '../../../Engine/Content/Editor/Slate/Launcher/Linux/Platform_Linux_128x.png' error.
[2018.07.07-12.01.34:377][  0]LogSlate: Could not find file for Slate resource: ../../../Engine/Content/Editor/Slate/Launcher/Linux/Platform_Linux_128x.png
[2018.07.07-12.01.34:377][  0]LogStreaming: Warning: Failed to read file '../../../Engine/Content/Editor/Slate/Launcher/Linux/Platform_Linux_128x.png' error.
[2018.07.07-12.01.34:377][  0]LogSlate: Could not find file for Slate resource: ../../../Engine/Content/Editor/Slate/Launcher/Linux/Platform_Linux_128x.png
[2018.07.07-12.01.34:377][  0]LogStreaming: Warning: Failed to read file '../../../Engine/Content/Editor/Slate/Launcher/Linux/Platform_Linux_24x.png' error.
[2018.07.07-12.01.34:377][  0]LogSlate: Could not find file for Slate resource: ../../../Engine/Content/Editor/Slate/Launcher/Linux/Platform_Linux_24x.png
[2018.07.07-12.01.34:377][  0]LogStreaming: Warning: Failed to read file '../../../Engine/Content/Editor/Slate/Launcher/Linux/Platform_Linux_128x.png' error.
[2018.07.07-12.01.34:377][  0]LogSlate: Could not find file for Slate resource: ../../../Engine/Content/Editor/Slate/Launcher/Linux/Platform_Linux_128x.png
[2018.07.07-12.01.34:377][  0]LogStreaming: Warning: Failed to read file '../../../Engine/Content/Editor/Slate/Launcher/Linux/Platform_Linux_128x.png' error.
[2018.07.07-12.01.34:377][  0]LogSlate: Could not find file for Slate resource: ../../../Engine/Content/Editor/Slate/Launcher/Linux/Platform_Linux_128x.png
[2018.07.07-12.01.34:377][  0]LogStreaming: Warning: Failed to read file '../../../Engine/Content/Editor/Slate/Launcher/Linux/Platform_Linux_24x.png' error.
[2018.07.07-12.01.34:377][  0]LogSlate: Could not find file for Slate resource: ../../../Engine/Content/Editor/Slate/Launcher/Linux/Platform_Linux_24x.png
[2018.07.07-12.01.34:377][  0]LogStreaming: Warning: Failed to read file '../../../Engine/Content/Editor/Slate/Launcher/Linux/Platform_Linux_128x.png' error.
[2018.07.07-12.01.34:377][  0]LogSlate: Could not find file for Slate resource: ../../../Engine/Content/Editor/Slate/Launcher/Linux/Platform_Linux_128x.png
[2018.07.07-12.01.34:377][  0]LogStreaming: Warning: Failed to read file '../../../Engine/Content/Editor/Slate/Launcher/Linux/Platform_Linux_128x.png' error.
[2018.07.07-12.01.34:377][  0]LogSlate: Could not find file for Slate resource: ../../../Engine/Content/Editor/Slate/Launcher/Linux/Platform_Linux_128x.png
[2018.07.07-12.01.34:377][  0]LogStreaming: Warning: Failed to read file '../../../Engine/Content/Editor/Slate/Launcher/Linux/Platform_Linux_24x.png' error.
[2018.07.07-12.01.34:377][  0]LogSlate: Could not find file for Slate resource: ../../../Engine/Content/Editor/Slate/Launcher/Linux/Platform_Linux_24x.png
[2018.07.07-12.01.34:377][  0]LogStreaming: Warning: Failed to read file '../../../Engine/Content/Editor/Slate/Launcher/Linux/Platform_Linux_128x.png' error.
[2018.07.07-12.01.34:377][  0]LogSlate: Could not find file for Slate resource: ../../../Engine/Content/Editor/Slate/Launcher/Linux/Platform_Linux_128x.png
[2018.07.07-12.01.34:377][  0]LogStreaming: Warning: Failed to read file '../../../Engine/Content/Editor/Slate/Launcher/Linux/Platform_Linux_128x.png' error.
[2018.07.07-12.01.34:377][  0]LogSlate: Could not find file for Slate resource: ../../../Engine/Content/Editor/Slate/Launcher/Linux/Platform_Linux_128x.png
[2018.07.07-12.01.34:379][  0]LogStreaming: Warning: Failed to read file '../../../Engine/Content/Editor/Slate/Launcher/Android/Platform_Android_24x.png' error.
[2018.07.07-12.01.34:379][  0]LogSlate: Could not find file for Slate resource: ../../../Engine/Content/Editor/Slate/Launcher/Android/Platform_Android_24x.png
[2018.07.07-12.01.34:379][  0]LogStreaming: Warning: Failed to read file '../../../Engine/Content/Editor/Slate/Launcher/Android/Platform_Android_128x.png' error.
[2018.07.07-12.01.34:379][  0]LogSlate: Could not find file for Slate resource: ../../../Engine/Content/Editor/Slate/Launcher/Android/Platform_Android_128x.png
[2018.07.07-12.01.34:379][  0]LogStreaming: Warning: Failed to read file '../../../Engine/Content/Editor/Slate/Launcher/Android/Platform_Android_128x.png' error.
[2018.07.07-12.01.34:379][  0]LogSlate: Could not find file for Slate resource: ../../../Engine/Content/Editor/Slate/Launcher/Android/Platform_Android_128x.png
[2018.07.07-12.01.34:379][  0]LogStreaming: Warning: Failed to read file '../../../Engine/Content/Editor/Slate/Launcher/Android/Platform_Android_24x.png' error.
[2018.07.07-12.01.34:379][  0]LogSlate: Could not find file for Slate resource: ../../../Engine/Content/Editor/Slate/Launcher/Android/Platform_Android_24x.png
[2018.07.07-12.01.34:379][  0]LogStreaming: Warning: Failed to read file '../../../Engine/Content/Editor/Slate/Launcher/Android/Platform_Android_128x.png' error.
[2018.07.07-12.01.34:379][  0]LogSlate: Could not find file for Slate resource: ../../../Engine/Content/Editor/Slate/Launcher/Android/Platform_Android_128x.png
[2018.07.07-12.01.34:379][  0]LogStreaming: Warning: Failed to read file '../../../Engine/Content/Editor/Slate/Launcher/Android/Platform_Android_128x.png' error.
[2018.07.07-12.01.34:379][  0]LogSlate: Could not find file for Slate resource: ../../../Engine/Content/Editor/Slate/Launcher/Android/Platform_Android_128x.png
[2018.07.07-12.01.34:379][  0]LogStreaming: Warning: Failed to read file '../../../Engine/Content/Editor/Slate/Launcher/Android/Platform_Android_ATC_24x.png' error.
[2018.07.07-12.01.34:379][  0]LogSlate: Could not find file for Slate resource: ../../../Engine/Content/Editor/Slate/Launcher/Android/Platform_Android_ATC_24x.png
[2018.07.07-12.01.34:379][  0]LogStreaming: Warning: Failed to read file '../../../Engine/Content/Editor/Slate/Launcher/Android/Platform_Android_128x.png' error.
[2018.07.07-12.01.34:379][  0]LogSlate: Could not find file for Slate resource: ../../../Engine/Content/Editor/Slate/Launcher/Android/Platform_Android_128x.png
[2018.07.07-12.01.34:379][  0]LogStreaming: Warning: Failed to read file '../../../Engine/Content/Editor/Slate/Launcher/Android/Platform_Android_128x.png' error.
[2018.07.07-12.01.34:379][  0]LogSlate: Could not find file for Slate resource: ../../../Engine/Content/Editor/Slate/Launcher/Android/Platform_Android_128x.png
[2018.07.07-12.01.34:379][  0]LogStreaming: Warning: Failed to read file '../../../Engine/Content/Editor/Slate/Launcher/Android/Platform_Android_DXT_24x.png' error.
[2018.07.07-12.01.34:379][  0]LogSlate: Could not find file for Slate resource: ../../../Engine/Content/Editor/Slate/Launcher/Android/Platform_Android_DXT_24x.png
[2018.07.07-12.01.34:379][  0]LogStreaming: Warning: Failed to read file '../../../Engine/Content/Editor/Slate/Launcher/Android/Platform_Android_128x.png' error.
[2018.07.07-12.01.34:379][  0]LogSlate: Could not find file for Slate resource: ../../../Engine/Content/Editor/Slate/Launcher/Android/Platform_Android_128x.png
[2018.07.07-12.01.34:379][  0]LogStreaming: Warning: Failed to read file '../../../Engine/Content/Editor/Slate/Launcher/Android/Platform_Android_128x.png' error.
[2018.07.07-12.01.34:379][  0]LogSlate: Could not find file for Slate resource: ../../../Engine/Content/Editor/Slate/Launcher/Android/Platform_Android_128x.png
[2018.07.07-12.01.34:379][  0]LogStreaming: Warning: Failed to read file '../../../Engine/Content/Editor/Slate/Launcher/Android/Platform_Android_ETC1_24x.png' error.
[2018.07.07-12.01.34:379][  0]LogSlate: Could not find file for Slate resource: ../../../Engine/Content/Editor/Slate/Launcher/Android/Platform_Android_ETC1_24x.png
[2018.07.07-12.01.34:379][  0]LogStreaming: Warning: Failed to read file '../../../Engine/Content/Editor/Slate/Launcher/Android/Platform_Android_128x.png' error.
[2018.07.07-12.01.34:379][  0]LogSlate: Could not find file for Slate resource: ../../../Engine/Content/Editor/Slate/Launcher/Android/Platform_Android_128x.png
[2018.07.07-12.01.34:379][  0]LogStreaming: Warning: Failed to read file '../../../Engine/Content/Editor/Slate/Launcher/Android/Platform_Android_128x.png' error.
[2018.07.07-12.01.34:379][  0]LogSlate: Could not find file for Slate resource: ../../../Engine/Content/Editor/Slate/Launcher/Android/Platform_Android_128x.png
[2018.07.07-12.01.34:379][  0]LogStreaming: Warning: Failed to read file '../../../Engine/Content/Editor/Slate/Launcher/Android/Platform_Android_ETC2_24x.png' error.
[2018.07.07-12.01.34:379][  0]LogSlate: Could not find file for Slate resource: ../../../Engine/Content/Editor/Slate/Launcher/Android/Platform_Android_ETC2_24x.png
[2018.07.07-12.01.34:379][  0]LogStreaming: Warning: Failed to read file '../../../Engine/Content/Editor/Slate/Launcher/Android/Platform_Android_128x.png' error.
[2018.07.07-12.01.34:379][  0]LogSlate: Could not find file for Slate resource: ../../../Engine/Content/Editor/Slate/Launcher/Android/Platform_Android_128x.png
[2018.07.07-12.01.34:379][  0]LogStreaming: Warning: Failed to read file '../../../Engine/Content/Editor/Slate/Launcher/Android/Platform_Android_128x.png' error.
[2018.07.07-12.01.34:379][  0]LogSlate: Could not find file for Slate resource: ../../../Engine/Content/Editor/Slate/Launcher/Android/Platform_Android_128x.png
[2018.07.07-12.01.34:379][  0]LogStreaming: Warning: Failed to read file '../../../Engine/Content/Editor/Slate/Launcher/Android/Platform_Android_ETC2_24x.png' error.
[2018.07.07-12.01.34:379][  0]LogSlate: Could not find file for Slate resource: ../../../Engine/Content/Editor/Slate/Launcher/Android/Platform_Android_ETC2_24x.png
[2018.07.07-12.01.34:379][  0]LogStreaming: Warning: Failed to read file '../../../Engine/Content/Editor/Slate/Launcher/Android/Platform_Android_128x.png' error.
[2018.07.07-12.01.34:379][  0]LogSlate: Could not find file for Slate resource: ../../../Engine/Content/Editor/Slate/Launcher/Android/Platform_Android_128x.png
[2018.07.07-12.01.34:379][  0]LogStreaming: Warning: Failed to read file '../../../Engine/Content/Editor/Slate/Launcher/Android/Platform_Android_128x.png' error.
[2018.07.07-12.01.34:379][  0]LogSlate: Could not find file for Slate resource: ../../../Engine/Content/Editor/Slate/Launcher/Android/Platform_Android_128x.png
[2018.07.07-12.01.34:379][  0]LogStreaming: Warning: Failed to read file '../../../Engine/Content/Editor/Slate/Launcher/Android/Platform_Android_PVRTC_24x.png' error.
[2018.07.07-12.01.34:379][  0]LogSlate: Could not find file for Slate resource: ../../../Engine/Content/Editor/Slate/Launcher/Android/Platform_Android_PVRTC_24x.png
[2018.07.07-12.01.34:380][  0]LogStreaming: Warning: Failed to read file '../../../Engine/Content/Editor/Slate/Launcher/Android/Platform_Android_128x.png' error.
[2018.07.07-12.01.34:380][  0]LogSlate: Could not find file for Slate resource: ../../../Engine/Content/Editor/Slate/Launcher/Android/Platform_Android_128x.png
[2018.07.07-12.01.34:380][  0]LogStreaming: Warning: Failed to read file '../../../Engine/Content/Editor/Slate/Launcher/Android/Platform_Android_128x.png' error.
[2018.07.07-12.01.34:380][  0]LogSlate: Could not find file for Slate resource: ../../../Engine/Content/Editor/Slate/Launcher/Android/Platform_Android_128x.png
[2018.07.07-12.01.34:380][  0]LogStreaming: Warning: Failed to read file '../../../Engine/Content/Editor/Slate/Launcher/Android/Platform_Android_ASTC_24x.png' error.
[2018.07.07-12.01.34:380][  0]LogSlate: Could not find file for Slate resource: ../../../Engine/Content/Editor/Slate/Launcher/Android/Platform_Android_ASTC_24x.png
[2018.07.07-12.01.34:380][  0]LogStreaming: Warning: Failed to read file '../../../Engine/Content/Editor/Slate/Launcher/Android/Platform_Android_128x.png' error.
[2018.07.07-12.01.34:380][  0]LogSlate: Could not find file for Slate resource: ../../../Engine/Content/Editor/Slate/Launcher/Android/Platform_Android_128x.png
[2018.07.07-12.01.34:380][  0]LogStreaming: Warning: Failed to read file '../../../Engine/Content/Editor/Slate/Launcher/Android/Platform_Android_128x.png' error.
[2018.07.07-12.01.34:380][  0]LogSlate: Could not find file for Slate resource: ../../../Engine/Content/Editor/Slate/Launcher/Android/Platform_Android_128x.png
[2018.07.07-12.01.35:797][  0]LogTcpMessaging: Initializing TcpMessaging bridge
[2018.07.07-12.01.35:825][  0]LogUdpMessaging: Initializing bridge on interface 0.0.0.0:0 to multicast group 230.0.0.1:6666.
[2018.07.07-12.01.36:157][  0]LogUObjectGlobals: Created PersistentFrame Addr=0x0000013430521a80, Size=192, Default__bp_mycharacter_anim_C Function /Game/Blueprints/Character/bp_mycharacter_anim.bp_mycharacter_anim_C:ExecuteUbergraph_bp_mycharacter_anim
[2018.07.07-12.01.36:169][  0]LogUObjectGlobals: Destroyed PersistentFrame Addr=0x0000013430521a80, Size=192
[2018.07.07-12.01.36:169][  0]LogUObjectGlobals: Created PersistentFrame Addr=0x000001343104fe80, Size=192, Default__bp_mycharacter_anim_C Function /Engine/Transient.REINST_bp_mycharacter_anim_C_0:ExecuteUbergraph_bp_mycharacter_anim
[2018.07.07-12.01.36:183][  0]LogUObjectGlobals: Created PersistentFrame Addr=0x0000013430f4c940, Size=192, Default__bp_mycharacter_anim_C Function /Game/Blueprints/Character/bp_mycharacter_anim.bp_mycharacter_anim_C:ExecuteUbergraph_bp_mycharacter_anim
[2018.07.07-12.01.41:551][  0]LogStats: FPlatformStackWalk::StackWalkAndDump -  5.215 s
[2018.07.07-12.01.41:551][  0]LogOutputDevice: Error: === Handled ensure: ===
[2018.07.07-12.01.41:551][  0]LogOutputDevice: Error: 
[2018.07.07-12.01.41:551][  0]LogOutputDevice: Error: Ensure condition failed: AttachmentRules.LocationRule == EAttachmentRule::KeepRelative && AttachmentRules.RotationRule == EAttachmentRule::KeepRelative && AttachmentRules.ScaleRule == EAttachmentRule::KeepRelative [File:C:\my_code\UnrealEngine-release\Engine\Source\Runtime\Engine\Private\Components\SceneComponent.cpp] [Line: 1678]
[2018.07.07-12.01.41:551][  0]LogOutputDevice: Error: AttachToComponent when called from a constructor is only setting up attachment and will always be treated as KeepRelative. Consider calling SetupAttachment directly instead.
[2018.07.07-12.01.41:551][  0]LogOutputDevice: Error: Stack: 
[2018.07.07-12.01.41:551][  0]LogOutputDevice: Error: [Callstack] 0x0000000022AE23F6 UE4Editor-Core.dll!FWindowsPlatformStackWalk::StackWalkAndDump() [c:\my_code\unrealengine-release\engine\source\runtime\core\private\windows\windowsplatformstackwalk.cpp:234]
[2018.07.07-12.01.41:551][  0]LogOutputDevice: Error: [Callstack] 0x00000000228309EA UE4Editor-Core.dll!FDebug::EnsureFailed() [c:\my_code\unrealengine-release\engine\source\runtime\core\private\misc\assertionmacros.cpp:299]
[2018.07.07-12.01.41:551][  0]LogOutputDevice: Error: [Callstack] 0x0000000022842B06 UE4Editor-Core.dll!FDebug::OptionallyLogFormattedEnsureMessageReturningFalse() [c:\my_code\unrealengine-release\engine\source\runtime\core\private\misc\assertionmacros.cpp:433]
[2018.07.07-12.01.41:551][  0]LogOutputDevice: Error: [Callstack] 0x0000000002C81950 UE4Editor-Engine.dll!USceneComponent::AttachToComponent() [c:\my_code\unrealengine-release\engine\source\runtime\engine\private\components\scenecomponent.cpp:1678]
[2018.07.07-12.01.41:551][  0]LogOutputDevice: Error: [Callstack] 0x00000000FD5B6F55 UE4Editor-DGame.dll!AMyCharacter::init_sword() [e:\ue4\dgame\source\dgame\mycharacter.cpp:103]
[2018.07.07-12.01.41:551][  0]LogOutputDevice: Error: [Callstack] 0x00000000FD5B5BC9 UE4Editor-DGame.dll!AMyCharacter::AMyCharacter() [e:\ue4\dgame\source\dgame\mycharacter.cpp:22]
[2018.07.07-12.01.41:551][  0]LogOutputDevice: Error: [Callstack] 0x000000003033107D UE4Editor-CoreUObject.dll!UClass::CreateDefaultObject() [c:\my_code\unrealengine-release\engine\source\runtime\coreuobject\private\uobject\class.cpp:2749]
[2018.07.07-12.01.41:551][  0]LogOutputDevice: Error: [Callstack] 0x000000003033FD87 UE4Editor-CoreUObject.dll!UClass::GetArchetypeForCDO() [c:\my_code\unrealengine-release\engine\source\runtime\coreuobject\private\uobject\class.cpp:3778]
[2018.07.07-12.01.41:551][  0]LogOutputDevice: Error: [Callstack] 0x000000003059A3F1 UE4Editor-CoreUObject.dll!GetArchetypeFromRequiredInfoImpl() [c:\my_code\unrealengine-release\engine\source\runtime\coreuobject\private\uobject\uobjectarchetype.cpp:20]
[2018.07.07-12.01.41:551][  0]LogOutputDevice: Error: [Callstack] 0x000000003059A368 UE4Editor-CoreUObject.dll!UObject::GetArchetypeFromRequiredInfo() [c:\my_code\unrealengine-release\engine\source\runtime\coreuobject\private\uobject\uobjectarchetype.cpp:103]
[2018.07.07-12.01.41:551][  0]LogOutputDevice: Error: [Callstack] 0x0000000030442591 UE4Editor-CoreUObject.dll!FLinkerLoad::CreateExport() [c:\my_code\unrealengine-release\engine\source\runtime\coreuobject\private\uobject\linkerload.cpp:3777]
[2018.07.07-12.01.41:551][  0]LogOutputDevice: Error: [Callstack] 0x000000003046C0D5 UE4Editor-CoreUObject.dll!FLinkerLoad::IndexToObject() [c:\my_code\unrealengine-release\engine\source\runtime\coreuobject\private\uobject\linkerload.cpp:4250]
[2018.07.07-12.01.41:551][  0]LogOutputDevice: Error: [Callstack] 0x0000000030431C8E UE4Editor-CoreUObject.dll!FLinkerLoad::operator<<() [c:\my_code\unrealengine-release\engine\source\runtime\coreuobject\private\uobject\linkerload.cpp:4461]
[2018.07.07-12.01.41:551][  0]LogOutputDevice: Error: [Callstack] 0x000000003040F124 UE4Editor-CoreUObject.dll!UClass::Serialize() [c:\my_code\unrealengine-release\engine\source\runtime\coreuobject\private\uobject\class.cpp:3654]
[2018.07.07-12.01.41:551][  0]LogOutputDevice: Error: [Callstack] 0x0000000002B330A6 UE4Editor-Engine.dll!UBlueprintGeneratedClass::Serialize() [c:\my_code\unrealengine-release\engine\source\runtime\engine\private\blueprintgeneratedclass.cpp:1512]
[2018.07.07-12.01.41:551][  0]LogOutputDevice: Error: [Callstack] 0x0000000030477B67 UE4Editor-CoreUObject.dll!FLinkerLoad::Preload() [c:\my_code\unrealengine-release\engine\source\runtime\coreuobject\private\uobject\linkerload.cpp:3306]
[2018.07.07-12.01.41:551][  0]LogOutputDevice: Error: [Callstack] 0x0000000030443481 UE4Editor-CoreUObject.dll!FLinkerLoad::CreateExport() [c:\my_code\unrealengine-release\engine\source\runtime\coreuobject\private\uobject\linkerload.cpp:4027]
[2018.07.07-12.01.41:551][  0]LogOutputDevice: Error: [Callstack] 0x000000003044387B UE4Editor-CoreUObject.dll!FLinkerLoad::CreateExportAndPreload() [c:\my_code\unrealengine-release\engine\source\runtime\coreuobject\private\uobject\linkerload.cpp:2746]
[2018.07.07-12.01.41:551][  0]LogOutputDevice: Error: [Callstack] 0x000000003046D3C4 UE4Editor-CoreUObject.dll!FLinkerLoad::LoadAllObjects() [c:\my_code\unrealengine-release\engine\source\runtime\coreuobject\private\uobject\linkerload.cpp:2908]
[2018.07.07-12.01.41:551][  0]LogOutputDevice: Error: [Callstack] 0x00000000305A8A07 UE4Editor-CoreUObject.dll!LoadPackageInternal() [c:\my_code\unrealengine-release\engine\source\runtime\coreuobject\private\uobject\uobjectglobals.cpp:1328]
[2018.07.07-12.01.41:551][  0]LogOutputDevice: Error: [Callstack] 0x00000000305A7D80 UE4Editor-CoreUObject.dll!LoadPackage() [c:\my_code\unrealengine-release\engine\source\runtime\coreuobject\private\uobject\uobjectglobals.cpp:1436]
[2018.07.07-12.01.41:551][  0]LogOutputDevice: Error: [Callstack] 0x00000000305BF92B UE4Editor-CoreUObject.dll!ResolveName() [c:\my_code\unrealengine-release\engine\source\runtime\coreuobject\private\uobject\uobjectglobals.cpp:792]
[2018.07.07-12.01.41:551][  0]LogOutputDevice: Error: [Callstack] 0x00000000305CA12B UE4Editor-CoreUObject.dll!StaticLoadObjectInternal() [c:\my_code\unrealengine-release\engine\source\runtime\coreuobject\private\uobject\uobjectglobals.cpp:880]
[2018.07.07-12.01.41:551][  0]LogOutputDevice: Error: [Callstack] 0x00000000305C9876 UE4Editor-CoreUObject.dll!StaticLoadObject() [c:\my_code\unrealengine-release\engine\source\runtime\coreuobject\private\uobject\uobjectglobals.cpp:947]
[2018.07.07-12.01.41:551][  0]LogOutputDevice: Error: [Callstack] 0x00000000305C94A0 UE4Editor-CoreUObject.dll!StaticLoadClass() [c:\my_code\unrealengine-release\engine\source\runtime\coreuobject\private\uobject\uobjectglobals.cpp:980]
[2018.07.07-12.01.41:551][  0]LogOutputDevice: Error: [Callstack] 0x00000000FD5B32EF UE4Editor-DGame.dll!ConstructorHelpersInternal::FindOrLoadClass() [c:\my_code\unrealengine-release\engine\source\runtime\coreuobject\public\uobject\constructorhelpers.h:86]
[2018.07.07-12.01.41:551][  0]LogOutputDevice: Error: [Callstack] 0x00000000FD5B2139 UE4Editor-DGame.dll!ADGameGameModeBase::ADGameGameModeBase() [e:\ue4\dgame\source\dgame\dgamegamemodebase.cpp:18]
[2018.07.07-12.01.41:551][  0]LogOutputDevice: Error: [Callstack] 0x000000003033107D UE4Editor-CoreUObject.dll!UClass::CreateDefaultObject() [c:\my_code\unrealengine-release\engine\source\runtime\coreuobject\private\uobject\class.cpp:2749]
[2018.07.07-12.01.41:551][  0]LogOutputDevice: Error: [Callstack] 0x00000000305CD9A7 UE4Editor-CoreUObject.dll!UObjectLoadAllCompiledInDefaultProperties() [c:\my_code\unrealengine-release\engine\source\runtime\coreuobject\private\uobject\uobjectbase.cpp:821]
[2018.07.07-12.01.41:551][  0]LogOutputDevice: Error: [Callstack] 0x00000000305AF1A1 UE4Editor-CoreUObject.dll!ProcessNewlyLoadedUObjects() [c:\my_code\unrealengine-release\engine\source\runtime\coreuobject\private\uobject\uobjectbase.cpp:895]
[2018.07.07-12.01.41:551][  0]LogOutputDevice: Error: [Callstack] 0x0000000030336B77 UE4Editor-CoreUObject.dll!TBaseStaticDelegateInstance<void __cdecl(void)>::ExecuteIfSafe() [c:\my_code\unrealengine-release\engine\source\runtime\core\public\delegates\delegateinstancesimpl.h:788]
[2018.07.07-12.01.41:551][  0]LogOutputDevice: Error: [Callstack] 0x00000000227C6557 UE4Editor-Core.dll!TBaseMulticastDelegate<void>::Broadcast() [c:\my_code\unrealengine-release\engine\source\runtime\core\public\delegates\delegatesignatureimpl.inl:937]
[2018.07.07-12.01.41:551][  0]LogOutputDevice: Error: [Callstack] 0x00000000228ED435 UE4Editor-Core.dll!FModuleManager::LoadModuleWithFailureReason() [c:\my_code\unrealengine-release\engine\source\runtime\core\private\modules\modulemanager.cpp:487]
[2018.07.07-12.01.41:551][  0]LogOutputDevice: Error: [Callstack] 0x000000003156E0C3 UE4Editor-Projects.dll!FModuleDescriptor::LoadModulesForPhase() [c:\my_code\unrealengine-release\engine\source\runtime\projects\private\moduledescriptor.cpp:484]
[2018.07.07-12.01.41:551][  0]LogOutputDevice: Error: [Callstack] 0x000000003156E3AA UE4Editor-Projects.dll!FProjectManager::LoadModulesForProject() [c:\my_code\unrealengine-release\engine\source\runtime\projects\private\projectmanager.cpp:69]
[2018.07.07-12.01.41:551][  0]LogOutputDevice: Error: [Callstack] 0x000000009CC08951 UE4Editor.exe!FEngineLoop::LoadStartupModules() [c:\my_code\unrealengine-release\engine\source\runtime\launch\private\launchengineloop.cpp:2610]
[2018.07.07-12.01.41:551][  0]LogOutputDevice: Error: [Callstack] 0x000000009CC0DE38 UE4Editor.exe!FEngineLoop::PreInit() [c:\my_code\unrealengine-release\engine\source\runtime\launch\private\launchengineloop.cpp:2027]
[2018.07.07-12.01.41:551][  0]LogOutputDevice: Error: [Callstack] 0x000000009CC05E38 UE4Editor.exe!GuardedMain() [c:\my_code\unrealengine-release\engine\source\runtime\launch\private\launch.cpp:127]
[2018.07.07-12.01.41:551][  0]LogOutputDevice: Error: [Callstack] 0x000000009CC0609A UE4Editor.exe!GuardedMainWrapper() [c:\my_code\unrealengine-release\engine\source\runtime\launch\private\windows\launchwindows.cpp:144]
[2018.07.07-12.01.41:551][  0]LogOutputDevice: Error: [Callstack] 0x000000009CC1404C UE4Editor.exe!WinMain() [c:\my_code\unrealengine-release\engine\source\runtime\launch\private\windows\launchwindows.cpp:223]
[2018.07.07-12.01.41:551][  0]LogOutputDevice: Error: [Callstack] 0x000000009CC15CBA UE4Editor.exe!__scrt_common_main_seh() [f:\dd\vctools\crt\vcstartup\src\startup\exe_common.inl:283]
[2018.07.07-12.01.41:551][  0]LogOutputDevice: Error: [Callstack] 0x00000000581C2774 KERNEL32.DLL!UnknownFunction []
[2018.07.07-12.01.41:551][  0]LogOutputDevice: Error: [Callstack] 0x000000005A780D51 ntdll.dll!UnknownFunction []
[2018.07.07-12.01.41:551][  0]LogOutputDevice: Error: 
[2018.07.07-12.01.41:553][  0]LogStats:                SubmitErrorReport -  0.000 s
[2018.07.07-12.01.41:722][  0]LogWindows: Warning: CreateProc failed: 系统找不到指定的文件。 (0x00000002)
[2018.07.07-12.01.41:722][  0]LogWindows: Warning: URL: ../../../Engine/Binaries/Win64/CrashReportClient.exe "E:/ue4/DGame/Saved/Crashes/UE4CC-Windows-40691E1741EEFE065182999FD97DD251_0000" -Unattended -AppName=UE4-DGame -CrashGUID=UE4CC-Windows-40691E1741EEFE065182999FD97DD251_0000 -DebugSymbols=..\..\..\Engine\Intermediate\Symbols
[2018.07.07-12.01.41:722][  0]LogStats:                    SendNewReport -  0.169 s
[2018.07.07-12.01.41:722][  0]LogStats:             FDebug::EnsureFailed -  5.386 s
[2018.07.07-12.01.41:764][  0]LogAnimation: Warning: SkeletalMesh Sword has no skeleton. This needs to fixed before an animation can be set
[2018.07.07-12.01.41:804][  0]LogAnimation: Warning: SkeletalMesh Shield has no skeleton. This needs to fixed before an animation can be set
[2018.07.07-12.01.41:804][  0]LogAnimation: Warning: SkeletalMesh Sword has no skeleton. This needs to fixed before an animation can be set
[2018.07.07-12.01.41:804][  0]LogAnimation: Warning: SkeletalMesh Shield has no skeleton. This needs to fixed before an animation can be set
[2018.07.07-12.01.41:806][  0]LogAnimation: Warning: SkeletalMesh Sword has no skeleton. This needs to fixed before an animation can be set
[2018.07.07-12.01.41:806][  0]LogAnimation: Warning: SkeletalMesh Shield has no skeleton. This needs to fixed before an animation can be set
[2018.07.07-12.01.41:859][  0]LogSkeletalMesh: Skeletal Mesh found in DDC [0.114915ms] /Game/Assets/Weapon/Shield.Shield
[2018.07.07-12.01.41:859][  0]LogSkeletalMesh: Skeletal Mesh found in DDC [0.031573ms] /Game/Assets/Weapon/Sword.Sword
[2018.07.07-12.01.41:866][  0]LogSkeletalMesh: Skeletal Mesh found in DDC [3.753524ms] /Game/Assets/Character/SK_Mannequin.SK_Mannequin
[2018.07.07-12.01.42:025][  0]SourceControl: 源码控制已禁用
[2018.07.07-12.01.42:025][  0]SourceControl: 源码控制已禁用
[2018.07.07-12.01.42:069][  0]SourceControl: 源码控制已禁用
[2018.07.07-12.01.42:092][  0]SourceControl: 源码控制已禁用
[2018.07.07-12.01.42:663][  0]LogAndroidPermission: UAndroidPermissionCallbackProxy::GetInstance
[2018.07.07-12.01.42:825][  0]LogOcInput: OculusInput pre-init called
[2018.07.07-12.01.42:929][  0]LogEngine: Initializing Engine...
[2018.07.07-12.01.42:931][  0]LogHMD: Failed to initialize OpenVR with code 110
[2018.07.07-12.01.42:932][  0]LogStats: UGameplayTagsManager::ConstructGameplayTagTree: Construct from data asset -  0.000 s
[2018.07.07-12.01.42:932][  0]LogStats: UGameplayTagsManager::ConstructGameplayTagTree: GameplayTagTreeChangedEvent.Broadcast -  0.000 s
[2018.07.07-12.01.43:151][  0]LogAIModule: Creating AISystem for world Untitled
[2018.07.07-12.01.43:287][  0]LogInit: XAudio2 using '扬声器 (Realtek High Definition Audio)' : 2 channels at 48 kHz using 32 bits per sample (channel mask 0x3)
[2018.07.07-12.01.43:341][  0]LogInit: FAudioDevice initialized.
[2018.07.07-12.01.43:491][  0]LogDerivedDataCache: Saved boot cache 0.15s 80MB E:/ue4/DGame/DerivedDataCache/Boot.ddc.
[2018.07.07-12.01.43:503][  0]LogInit: Texture streaming: Enabled
[2018.07.07-12.01.43:538][  0]LogEngineSessionManager: EngineSessionManager initialized
[2018.07.07-12.01.43:554][  0]LogInit: Transaction tracking system initialized
[2018.07.07-12.01.43:603][  0]BlueprintLog: New page: 编辑器加载
[2018.07.07-12.01.43:863][  0]LocalizationService: 本地化服务已被禁用
[2018.07.07-12.01.44:036][  0]LogConsoleResponse: Display: 
[2018.07.07-12.01.44:202][  0]LogCook: Display: Max memory allowance for cook 16384mb min free memory 0mb
[2018.07.07-12.01.44:202][  0]LogCook: Display: Mobile HDR setting 1
[2018.07.07-12.01.44:202][  0]LogGameplayTags: Display: UGameplayTagsManager::DoneAddingNativeTags. DelegateIsBound: 0
[2018.07.07-12.01.44:202][  0]LogStats: UGameplayTagsManager::ConstructGameplayTagTree: Construct from data asset -  0.000 s
[2018.07.07-12.01.44:202][  0]LogStats: UGameplayTagsManager::ConstructGameplayTagTree: GameplayTagTreeChangedEvent.Broadcast -  0.000 s
[2018.07.07-12.01.44:612][  0]LogFileCache: Scanning file cache for directory 'E:/ue4/DGame/Content/' took 0.01s
[2018.07.07-12.01.44:612][  0]SourceControl: 源码控制已禁用
[2018.07.07-12.01.44:612][  0]Cmd: MAP LOAD FILE="E:/ue4/DGame/Content/Maps/maps_start.umap" TEMPLATE=0 SHOWPROGRESS=1 FEATURELEVEL=3
[2018.07.07-12.01.44:652][  0]LightingResults: New page: 光照构建
[2018.07.07-12.01.44:655][  0]MapCheck: New page: 地图检测
[2018.07.07-12.01.44:655][  0]LightingResults: New page: 光照构建
[2018.07.07-12.01.44:663][  0]LogUObjectGlobals: Destroyed PersistentFrame Addr=0x000001343104fe80, Size=192
[2018.07.07-12.01.44:892][  0]LogAIModule: Creating AISystem for world maps_start
[2018.07.07-12.01.44:900][  0]LogEditorServer: Finished looking for orphan Actors (0.000 secs)
[2018.07.07-12.01.44:911][  0]Cmd: MAP CHECKDEP NOCLEARLOG
[2018.07.07-12.01.44:950][  0]MapCheck: 地图检测完成：0个错误，0 个警告，用时38.859毫秒完成。
[2018.07.07-12.01.44:950][  0]LogFileHelpers: Loading map 'maps_start' took 0.338
[2018.07.07-12.01.45:060][  0]LogCollectionManager: Loaded 0 collections in 0.002023 seconds
[2018.07.07-12.01.45:099][  0]LogFileCache: Scanning file cache for directory 'E:/ue4/DGame/Saved/Collections/' took 0.01s
[2018.07.07-12.01.45:099][  0]LogFileCache: Scanning file cache for directory 'E:/ue4/DGame/Content/Developers/duaduacao/Collections/' took 0.01s
[2018.07.07-12.01.45:099][  0]LogFileCache: Scanning file cache for directory 'E:/ue4/DGame/Content/Collections/' took 0.01s
[2018.07.07-12.01.45:099][  0]LogCollectionManager: Rebuilt the GUID cache for 0 collections in 0.000000 seconds
[2018.07.07-12.01.45:106][  0]LogContentBrowser: Native class hierarchy populated in 0.0074 seconds. Added 2456 classes and 558 folders.
[2018.07.07-12.01.45:112][  0]LogContentBrowser: Native class hierarchy updated for 'WidgetCarousel' in 0.0004 seconds. Added 0 classes and 0 folders.
[2018.07.07-12.01.45:182][  0]LogContentBrowser: Native class hierarchy updated for 'AddContentDialog' in 0.0004 seconds. Added 0 classes and 0 folders.
[2018.07.07-12.01.45:239][  0]LogContentBrowser: Native class hierarchy updated for 'SceneOutliner' in 0.0005 seconds. Added 1 classes and 2 folders.
[2018.07.07-12.01.45:301][  0]LogSlate: Took 0.001324 seconds to synchronously load lazily loaded font '../../../Engine/Content/Slate/Fonts/Roboto-Regular.ttf' (155K)
[2018.07.07-12.01.45:312][  0]LogSlate: Took 0.009886 seconds to synchronously load lazily loaded font '../../../Engine/Content/Slate/Fonts/DroidSansFallback.ttf' (3848K)
[2018.07.07-12.01.45:314][  0]LogSlate: Took 0.001114 seconds to synchronously load lazily loaded font '../../../Engine/Content/Slate/Fonts/Roboto-Bold.ttf' (160K)
[2018.07.07-12.01.45:316][  0]LogSlate: Took 0.001000 seconds to synchronously load lazily loaded font '../../../Engine/Content/Editor/Slate/Fonts/FontAwesome.ttf' (139K)
[2018.07.07-12.01.45:340][  0]LogSlate: Took 0.001271 seconds to synchronously load lazily loaded font '../../../Engine/Content/Slate/Fonts/Roboto-Light.ttf' (167K)
[2018.07.07-12.01.45:392][  0]LogRenderer: Reallocating scene render targets to support 860x1084 Format 10 NumSamples 1 (Frame:1).
[2018.07.07-12.01.45:652][  0]LogContentBrowser: Native class hierarchy updated for 'HierarchicalLODOutliner' in 0.0005 seconds. Added 0 classes and 0 folders.
[2018.07.07-12.01.45:652][  0]LogLoad: (Engine Initialization) Total time: 19.73 seconds
[2018.07.07-12.01.45:652][  0]LogLoad: (Engine Initialization) Total Blueprint compile time: 0.00 seconds
[2018.07.07-12.01.45:994][  0]LogSkinnedMeshComp: Warning: GetSocketByName(Sword_2): No SkeletalMesh for Component(CharacterMesh0) Actor(MyCharacter_0)
[2018.07.07-12.01.45:994][  0]LogSkinnedMeshComp: Warning: GetSocketByName(Sword_2): No SkeletalMesh for Component(CharacterMesh0) Actor(MyCharacter_0)
[2018.07.07-12.01.45:994][  0]LogSkinnedMeshComp: Warning: GetSocketByName(Sword_2): No SkeletalMesh for Component(CharacterMesh0) Actor(MyCharacter_0)
[2018.07.07-12.01.45:994][  0]LogSkinnedMeshComp: Warning: GetSocketByName(Sword_2): No SkeletalMesh for Component(CharacterMesh0) Actor(MyCharacter_0)
[2018.07.07-12.01.45:995][  0]LogSkinnedMeshComp: Warning: GetSocketByName(Shield_2): No SkeletalMesh for Component(CharacterMesh0) Actor(MyCharacter_0)
[2018.07.07-12.01.45:995][  0]LogSkinnedMeshComp: Warning: GetSocketByName(Shield_2): No SkeletalMesh for Component(CharacterMesh0) Actor(MyCharacter_0)
[2018.07.07-12.01.45:995][  0]LogSkinnedMeshComp: Warning: GetSocketByName(Shield_2): No SkeletalMesh for Component(CharacterMesh0) Actor(MyCharacter_0)
[2018.07.07-12.01.45:995][  0]LogSkinnedMeshComp: Warning: GetSocketByName(Shield_2): No SkeletalMesh for Component(CharacterMesh0) Actor(MyCharacter_0)
[2018.07.07-12.01.45:995][  0]LogSkinnedMeshComp: Warning: GetSocketByName(Sword_2): No SkeletalMesh for Component(CharacterMesh0) Actor(MyCharacter_0)
[2018.07.07-12.01.45:995][  0]LogSkinnedMeshComp: Warning: GetSocketByName(Shield_2): No SkeletalMesh for Component(CharacterMesh0) Actor(MyCharacter_0)
[2018.07.07-12.01.45:995][  0]LogSkinnedMeshComp: Warning: GetSocketByName(Sword_2): No SkeletalMesh for Component(CharacterMesh0) Actor(MyCharacter_0)
[2018.07.07-12.01.45:995][  0]LogSkinnedMeshComp: Warning: GetSocketByName(Shield_2): No SkeletalMesh for Component(CharacterMesh0) Actor(MyCharacter_0)
[2018.07.07-12.01.46:013][  0]LogContentStreaming: Texture pool size now 1000 MB
[2018.07.07-12.01.46:333][  1]LogAssetRegistry: Asset discovery search completed in 13.7680 seconds
[2018.07.07-12.01.46:335][  1]LogCollectionManager: Rebuilt the object cache for 0 collections in 0.000000 seconds (found 0 objects)
[2018.07.07-12.01.46:335][  1]LogCollectionManager: Fixed up redirectors for 0 collections in 0.000041 seconds (updated 0 objects)
[2018.07.07-12.02.00:258][346]LogSlate: FSceneViewport::OnFocusLost() reason 0
[2018.07.07-12.02.00:317][353]LogTemp: Repeating last play command: 新建编辑器窗口（在编辑器中运行）
[2018.07.07-12.02.00:325][353]LogPlayLevel: PlayLevel: No blueprints needed recompiling
[2018.07.07-12.02.00:325][353]PIE: New page: PIE会话: maps_start (2018年7月8日 上午4:02:00)
[2018.07.07-12.02.00:326][353]LogPlayLevel: Creating play world package: /Game/Maps/UEDPIE_0_maps_start
[2018.07.07-12.02.00:347][353]LogPlayLevel: PIE: StaticDuplicateObject took: (0.021687s)
[2018.07.07-12.02.00:348][353]LogAIModule: Creating AISystem for world maps_start
[2018.07.07-12.02.00:348][353]LogPlayLevel: PIE: World Init took: (0.000749s)
[2018.07.07-12.02.00:348][353]LogPlayLevel: PIE: Created PIE world by copying editor world from /Game/Maps/maps_start.maps_start to /Game/Maps/UEDPIE_0_maps_start.maps_start (0.022557s)
[2018.07.07-12.02.00:360][353]LogInit: XAudio2 using '扬声器 (Realtek High Definition Audio)' : 2 channels at 48 kHz using 32 bits per sample (channel mask 0x3)
[2018.07.07-12.02.00:366][353]LogInit: FAudioDevice initialized.
[2018.07.07-12.02.00:420][353]LogWindowsTextInputMethodSystem: Display: IME system now activated using TSF (QQ五笔Win8版).
[2018.07.07-12.02.00:491][353]LogLoad: Game class is 'DGameGameModeBase'
[2018.07.07-12.02.00:494][353]LogWorld: Bringing World /Game/Maps/UEDPIE_0_maps_start.maps_start up for play (max tick rate 0) at 2018.07.07-20.02.00
[2018.07.07-12.02.00:494][353]LogWorld: Bringing up level for play took: 0.001865
[2018.07.07-12.02.00:498][353]LogContentBrowser: Native class hierarchy updated for 'MovieSceneCapture' in 0.0005 seconds. Added 11 classes and 0 folders.
[2018.07.07-12.02.00:593][353]PIE: /Game/Maps/UEDPIE_0_maps_start的‘在编辑器中播放’的起始时间0.224
[2018.07.07-12.02.00:607][353]LogRenderer: Reallocating scene render targets to support 1292x1084 Format 10 NumSamples 1 (Frame:1).
[2018.07.07-12.02.01:732][473]LogSlate: FSceneViewport::OnFocusLost() reason 0
[2018.07.07-12.02.03:642][701]LogSlate: Window 'DGame 游戏预览 Standalone (64-bit/PCD3D_SM5)' being destroyed
[2018.07.07-12.05.10:126][347]LogHotReload: New module detected: UE4Editor-DGame-7623.dll
[2018.07.07-12.05.11:136][351]LogHotReload: Starting Hot-Reload from IDE
[2018.07.07-12.05.11:139][351]LogSlate: Took 0.000199 seconds to synchronously load lazily loaded font '../../../Engine/Content/Slate/Fonts/Roboto-Light.ttf' (167K)
[2018.07.07-12.05.11:185][351]LogClass: EControllerState HotReload.
[2018.07.07-12.05.11:188][351]LogContentBrowser: Native class hierarchy updated for 'DGame' in 0.0004 seconds. Added 5 classes and 2 folders.
[2018.07.07-12.05.11:190][351]Display: HotReload successful (8 functions remapped  0 scriptstructs remapped)
[2018.07.07-12.05.11:293][351]LogContentBrowser: Native class hierarchy populated in 0.0081 seconds. Added 2457 classes and 560 folders.
[2018.07.07-12.05.11:297][351]Display: HotReload took  0.2s.
[2018.07.07-12.05.13:775][447]LogTemp: Repeating last play command: 新建编辑器窗口（在编辑器中运行）
[2018.07.07-12.05.13:784][447]LogPlayLevel: PlayLevel: No blueprints needed recompiling
[2018.07.07-12.05.13:784][447]PIE: New page: PIE会话: maps_start (2018年7月8日 上午4:05:13)
[2018.07.07-12.05.13:784][447]LogPlayLevel: Creating play world package: /Game/Maps/UEDPIE_0_maps_start
[2018.07.07-12.05.13:806][447]LogPlayLevel: PIE: StaticDuplicateObject took: (0.021811s)
[2018.07.07-12.05.13:807][447]LogAIModule: Creating AISystem for world maps_start
[2018.07.07-12.05.13:807][447]LogPlayLevel: PIE: World Init took: (0.001173s)
[2018.07.07-12.05.13:807][447]LogPlayLevel: PIE: Created PIE world by copying editor world from /Game/Maps/maps_start.maps_start to /Game/Maps/UEDPIE_0_maps_start.maps_start (0.023105s)
[2018.07.07-12.05.13:820][447]LogInit: XAudio2 using '扬声器 (Realtek High Definition Audio)' : 2 channels at 48 kHz using 32 bits per sample (channel mask 0x3)
[2018.07.07-12.05.13:826][447]LogInit: FAudioDevice initialized.
[2018.07.07-12.05.13:869][447]LogLoad: Game class is 'DGameGameModeBase'
[2018.07.07-12.05.13:871][447]LogWorld: Bringing World /Game/Maps/UEDPIE_0_maps_start.maps_start up for play (max tick rate 0) at 2018.07.07-20.05.13
[2018.07.07-12.05.13:872][447]LogWorld: Bringing up level for play took: 0.002058
[2018.07.07-12.05.13:877][447]PIE: /Game/Maps/UEDPIE_0_maps_start的‘在编辑器中播放’的起始时间-0.494
[2018.07.07-12.05.17:116][827]LogSlate: FSceneViewport::OnFocusLost() reason 0
[2018.07.07-12.05.19:478][110]LogSlate: FSceneViewport::OnFocusLost() reason 0
[2018.07.07-12.05.19:551][118]LogSlate: Window 'DGame 游戏预览 Standalone (64-bit/PCD3D_SM5)' being destroyed
[2018.07.07-12.08.30:709][820]LogHotReload: New module detected: UE4Editor-DGame-5985.dll
[2018.07.07-12.08.31:720][824]LogHotReload: Starting Hot-Reload from IDE
[2018.07.07-12.08.31:753][824]LogClass: EControllerState HotReload.
[2018.07.07-12.08.31:757][824]LogContentBrowser: Native class hierarchy updated for 'DGame' in 0.0004 seconds. Added 5 classes and 2 folders.
[2018.07.07-12.08.31:759][824]Display: HotReload successful (8 functions remapped  0 scriptstructs remapped)
[2018.07.07-12.08.31:833][824]LogContentBrowser: Native class hierarchy populated in 0.0397 seconds. Added 2457 classes and 560 folders.
[2018.07.07-12.08.31:836][824]Display: HotReload took  0.1s.
[2018.07.07-12.08.35:482][986]LogTemp: Repeating last play command: 新建编辑器窗口（在编辑器中运行）
[2018.07.07-12.08.35:492][986]LogPlayLevel: PlayLevel: No blueprints needed recompiling
[2018.07.07-12.08.35:492][986]PIE: New page: PIE会话: maps_start (2018年7月8日 上午4:08:35)
[2018.07.07-12.08.35:492][986]LogPlayLevel: Creating play world package: /Game/Maps/UEDPIE_0_maps_start
[2018.07.07-12.08.35:513][986]LogPlayLevel: PIE: StaticDuplicateObject took: (0.021568s)
[2018.07.07-12.08.35:514][986]LogAIModule: Creating AISystem for world maps_start
[2018.07.07-12.08.35:514][986]LogPlayLevel: PIE: World Init took: (0.000717s)
[2018.07.07-12.08.35:514][986]LogPlayLevel: PIE: Created PIE world by copying editor world from /Game/Maps/maps_start.maps_start to /Game/Maps/UEDPIE_0_maps_start.maps_start (0.022412s)
[2018.07.07-12.08.35:529][986]LogInit: XAudio2 using '扬声器 (Realtek High Definition Audio)' : 2 channels at 48 kHz using 32 bits per sample (channel mask 0x3)
[2018.07.07-12.08.35:537][986]LogInit: FAudioDevice initialized.
[2018.07.07-12.08.35:578][986]LogLoad: Game class is 'DGameGameModeBase'
[2018.07.07-12.08.35:581][986]LogWorld: Bringing World /Game/Maps/UEDPIE_0_maps_start.maps_start up for play (max tick rate 0) at 2018.07.07-20.08.35
[2018.07.07-12.08.35:581][986]LogWorld: Bringing up level for play took: 0.002056
[2018.07.07-12.08.35:586][986]PIE: /Game/Maps/UEDPIE_0_maps_start的‘在编辑器中播放’的起始时间-0.786
[2018.07.07-12.08.43:167][881]LogSlate: Window 'DGame 游戏预览 Standalone (64-bit/PCD3D_SM5)' being destroyed
[2018.07.07-12.10.20:050][297]LogHotReload: New module detected: UE4Editor-DGame-2148.dll
[2018.07.07-12.10.21:061][301]LogHotReload: Starting Hot-Reload from IDE
[2018.07.07-12.10.21:096][301]LogClass: EControllerState HotReload.
[2018.07.07-12.10.21:104][301]LogContentBrowser: Native class hierarchy updated for 'DGame' in 0.0006 seconds. Added 5 classes and 2 folders.
[2018.07.07-12.10.21:106][301]Display: HotReload successful (8 functions remapped  0 scriptstructs remapped)
[2018.07.07-12.10.21:148][301]LogContentBrowser: Native class hierarchy populated in 0.0079 seconds. Added 2457 classes and 560 folders.
[2018.07.07-12.10.21:152][301]Display: HotReload took  0.1s.
[2018.07.07-12.20.29:494][577]LogHotReload: New module detected: UE4Editor-DGame-1419.dll
[2018.07.07-12.20.30:170][580]LogHotReload: Starting Hot-Reload from IDE
[2018.07.07-12.20.30:202][580]LogClass: EControllerState HotReload.
[2018.07.07-12.20.30:205][580]LogContentBrowser: Native class hierarchy updated for 'DGame' in 0.0004 seconds. Added 5 classes and 2 folders.
[2018.07.07-12.20.30:207][580]Display: HotReload successful (8 functions remapped  0 scriptstructs remapped)
[2018.07.07-12.20.30:244][580]LogContentBrowser: Native class hierarchy populated in 0.0081 seconds. Added 2457 classes and 560 folders.
[2018.07.07-12.20.30:248][580]Display: HotReload took  0.1s.
[2018.07.07-12.20.33:412][718]LogTemp: Repeating last play command: 新建编辑器窗口（在编辑器中运行）
[2018.07.07-12.20.33:421][718]LogPlayLevel: PlayLevel: No blueprints needed recompiling
[2018.07.07-12.20.33:421][718]PIE: New page: PIE会话: maps_start (2018年7月8日 上午4:20:33)
[2018.07.07-12.20.33:421][718]LogPlayLevel: Creating play world package: /Game/Maps/UEDPIE_0_maps_start
[2018.07.07-12.20.33:443][718]LogPlayLevel: PIE: StaticDuplicateObject took: (0.022047s)
[2018.07.07-12.20.33:444][718]LogAIModule: Creating AISystem for world maps_start
[2018.07.07-12.20.33:444][718]LogPlayLevel: PIE: World Init took: (0.001008s)
[2018.07.07-12.20.33:444][718]LogPlayLevel: PIE: Created PIE world by copying editor world from /Game/Maps/maps_start.maps_start to /Game/Maps/UEDPIE_0_maps_start.maps_start (0.023250s)
[2018.07.07-12.20.33:456][718]LogInit: XAudio2 using '扬声器 (Realtek High Definition Audio)' : 2 channels at 48 kHz using 32 bits per sample (channel mask 0x3)
[2018.07.07-12.20.33:462][718]LogInit: FAudioDevice initialized.
[2018.07.07-12.20.33:502][718]LogLoad: Game class is 'DGameGameModeBase'
[2018.07.07-12.20.33:505][718]LogWorld: Bringing World /Game/Maps/UEDPIE_0_maps_start.maps_start up for play (max tick rate 0) at 2018.07.07-20.20.33
[2018.07.07-12.20.33:506][718]LogWorld: Bringing up level for play took: 0.002312
[2018.07.07-12.20.33:511][718]PIE: /Game/Maps/UEDPIE_0_maps_start的‘在编辑器中播放’的起始时间-0.863
[2018.07.07-12.20.38:616][319]LogSlate: FSceneViewport::OnFocusLost() reason 0
[2018.07.07-12.20.38:690][327]LogSlate: Window 'DGame 游戏预览 Standalone (64-bit/PCD3D_SM5)' being destroyed
[2018.07.07-12.22.26:356][977]LogHotReload: New module detected: UE4Editor-DGame-693.dll
[2018.07.07-12.22.27:365][981]LogHotReload: Starting Hot-Reload from IDE
[2018.07.07-12.22.27:394][981]LogClass: EControllerState HotReload.
[2018.07.07-12.22.27:398][981]LogContentBrowser: Native class hierarchy updated for 'DGame' in 0.0004 seconds. Added 5 classes and 2 folders.
[2018.07.07-12.22.27:399][981]Display: HotReload successful (8 functions remapped  0 scriptstructs remapped)
[2018.07.07-12.22.27:434][981]LogContentBrowser: Native class hierarchy populated in 0.0081 seconds. Added 2457 classes and 560 folders.
[2018.07.07-12.22.27:438][981]Display: HotReload took  0.1s.
[2018.07.07-12.22.30:199][ 79]LogTemp: Repeating last play command: 新建编辑器窗口（在编辑器中运行）
[2018.07.07-12.22.30:207][ 79]LogPlayLevel: PlayLevel: No blueprints needed recompiling
[2018.07.07-12.22.30:207][ 79]PIE: New page: PIE会话: maps_start (2018年7月8日 上午4:22:30)
[2018.07.07-12.22.30:208][ 79]LogPlayLevel: Creating play world package: /Game/Maps/UEDPIE_0_maps_start
[2018.07.07-12.22.30:229][ 79]LogPlayLevel: PIE: StaticDuplicateObject took: (0.021091s)
[2018.07.07-12.22.30:229][ 79]LogAIModule: Creating AISystem for world maps_start
[2018.07.07-12.22.30:229][ 79]LogPlayLevel: PIE: World Init took: (0.000702s)
[2018.07.07-12.22.30:229][ 79]LogPlayLevel: PIE: Created PIE world by copying editor world from /Game/Maps/maps_start.maps_start to /Game/Maps/UEDPIE_0_maps_start.maps_start (0.021913s)
[2018.07.07-12.22.30:242][ 79]LogInit: XAudio2 using '扬声器 (Realtek High Definition Audio)' : 2 channels at 48 kHz using 32 bits per sample (channel mask 0x3)
[2018.07.07-12.22.30:247][ 79]LogInit: FAudioDevice initialized.
[2018.07.07-12.22.30:289][ 79]LogLoad: Game class is 'DGameGameModeBase'
[2018.07.07-12.22.30:292][ 79]LogWorld: Bringing World /Game/Maps/UEDPIE_0_maps_start.maps_start up for play (max tick rate 0) at 2018.07.07-20.22.30
[2018.07.07-12.22.30:292][ 79]LogWorld: Bringing up level for play took: 0.002542
[2018.07.07-12.22.30:297][ 79]PIE: /Game/Maps/UEDPIE_0_maps_start的‘在编辑器中播放’的起始时间-0.077
[2018.07.07-12.22.37:781][968]LogSlate: Window 'DGame 游戏预览 Standalone (64-bit/PCD3D_SM5)' being destroyed
[2018.07.07-12.22.38:952][101]LogTemp: Repeating last play command: 新建编辑器窗口（在编辑器中运行）
[2018.07.07-12.22.38:961][101]LogPlayLevel: PlayLevel: No blueprints needed recompiling
[2018.07.07-12.22.38:961][101]PIE: New page: PIE会话: maps_start (2018年7月8日 上午4:22:38)
[2018.07.07-12.22.38:961][101]LogPlayLevel: Creating play world package: /Game/Maps/UEDPIE_0_maps_start
[2018.07.07-12.22.38:981][101]LogPlayLevel: PIE: StaticDuplicateObject took: (0.020038s)
[2018.07.07-12.22.38:982][101]LogAIModule: Creating AISystem for world maps_start
[2018.07.07-12.22.38:982][101]LogPlayLevel: PIE: World Init took: (0.000604s)
[2018.07.07-12.22.38:982][101]LogPlayLevel: PIE: Created PIE world by copying editor world from /Game/Maps/maps_start.maps_start to /Game/Maps/UEDPIE_0_maps_start.maps_start (0.020744s)
[2018.07.07-12.22.38:995][101]LogInit: XAudio2 using '扬声器 (Realtek High Definition Audio)' : 2 channels at 48 kHz using 32 bits per sample (channel mask 0x3)
[2018.07.07-12.22.39:000][101]LogInit: FAudioDevice initialized.
[2018.07.07-12.22.39:042][101]LogLoad: Game class is 'DGameGameModeBase'
[2018.07.07-12.22.39:046][101]LogWorld: Bringing World /Game/Maps/UEDPIE_0_maps_start.maps_start up for play (max tick rate 0) at 2018.07.07-20.22.39
[2018.07.07-12.22.39:046][101]LogWorld: Bringing up level for play took: 0.002909
[2018.07.07-12.22.39:052][101]PIE: /Game/Maps/UEDPIE_0_maps_start的‘在编辑器中播放’的起始时间0.677
[2018.07.07-12.22.44:964][802]LogSlate: Window 'DGame 游戏预览 Standalone (64-bit/PCD3D_SM5)' being destroyed
[2018.07.07-12.23.15:273][921]LogHotReload: New module detected: UE4Editor-DGame-1938.dll
[2018.07.07-12.23.16:289][925]LogHotReload: Starting Hot-Reload from IDE
[2018.07.07-12.23.16:317][925]LogClass: EControllerState HotReload.
[2018.07.07-12.23.16:320][925]LogContentBrowser: Native class hierarchy updated for 'DGame' in 0.0007 seconds. Added 5 classes and 2 folders.
[2018.07.07-12.23.16:321][925]Display: HotReload successful (8 functions remapped  0 scriptstructs remapped)
[2018.07.07-12.23.16:356][925]LogContentBrowser: Native class hierarchy populated in 0.0081 seconds. Added 2457 classes and 560 folders.
[2018.07.07-12.23.16:360][925]Display: HotReload took  0.1s.
[2018.07.07-12.23.41:274][638]LogHotReload: New module detected: UE4Editor-DGame-2687.dll
[2018.07.07-12.23.42:283][642]LogHotReload: Starting Hot-Reload from IDE
[2018.07.07-12.23.42:310][642]LogClass: EControllerState HotReload.
[2018.07.07-12.23.42:313][642]LogContentBrowser: Native class hierarchy updated for 'DGame' in 0.0004 seconds. Added 5 classes and 2 folders.
[2018.07.07-12.23.42:314][642]Display: HotReload successful (8 functions remapped  0 scriptstructs remapped)
[2018.07.07-12.23.42:351][642]LogContentBrowser: Native class hierarchy populated in 0.0081 seconds. Added 2457 classes and 560 folders.
[2018.07.07-12.23.42:355][642]Display: HotReload took  0.1s.
[2018.07.07-12.23.46:640][839]LogTemp: Repeating last play command: 新建编辑器窗口（在编辑器中运行）
[2018.07.07-12.23.46:649][839]LogPlayLevel: PlayLevel: No blueprints needed recompiling
[2018.07.07-12.23.46:649][839]PIE: New page: PIE会话: maps_start (2018年7月8日 上午4:23:46)
[2018.07.07-12.23.46:649][839]LogPlayLevel: Creating play world package: /Game/Maps/UEDPIE_0_maps_start
[2018.07.07-12.23.46:669][839]LogPlayLevel: PIE: StaticDuplicateObject took: (0.019986s)
[2018.07.07-12.23.46:670][839]LogAIModule: Creating AISystem for world maps_start
[2018.07.07-12.23.46:670][839]LogPlayLevel: PIE: World Init took: (0.000663s)
[2018.07.07-12.23.46:670][839]LogPlayLevel: PIE: Created PIE world by copying editor world from /Game/Maps/maps_start.maps_start to /Game/Maps/UEDPIE_0_maps_start.maps_start (0.020803s)
[2018.07.07-12.23.46:682][839]LogInit: XAudio2 using '扬声器 (Realtek High Definition Audio)' : 2 channels at 48 kHz using 32 bits per sample (channel mask 0x3)
[2018.07.07-12.23.46:687][839]LogInit: FAudioDevice initialized.
[2018.07.07-12.23.46:725][839]LogLoad: Game class is 'DGameGameModeBase'
[2018.07.07-12.23.46:728][839]LogWorld: Bringing World /Game/Maps/UEDPIE_0_maps_start.maps_start up for play (max tick rate 0) at 2018.07.07-20.23.46
[2018.07.07-12.23.46:728][839]LogWorld: Bringing up level for play took: 0.002158
[2018.07.07-12.23.46:733][839]PIE: /Game/Maps/UEDPIE_0_maps_start的‘在编辑器中播放’的起始时间0.358
[2018.07.07-12.23.52:781][557]LogSlate: FSceneViewport::OnFocusLost() reason 0
[2018.07.07-12.23.52:847][564]LogSlate: Window 'DGame 游戏预览 Standalone (64-bit/PCD3D_SM5)' being destroyed
[2018.07.07-12.26.04:763][ 98]LogHotReload: New module detected: UE4Editor-DGame-781.dll
[2018.07.07-12.26.05:773][102]LogHotReload: Starting Hot-Reload from IDE
[2018.07.07-12.26.05:811][102]LogClass: EControllerState HotReload.
[2018.07.07-12.26.11:547][102]LogWindows: Warning: CreateProc failed: 系统找不到指定的文件。 (0x00000002)
[2018.07.07-12.26.11:547][102]LogWindows: Warning: URL: ../../../Engine/Binaries/Win64/CrashReportClient.exe "E:/ue4/DGame/Saved/Crashes/UE4CC-Windows-40691E1741EEFE065182999FD97DD251_0001" -AppName=UE4-DGame -CrashGUID=UE4CC-Windows-40691E1741EEFE065182999FD97DD251_0001 -DebugSymbols=..\..\..\Engine\Intermediate\Symbols
[2018.07.07-12.26.11:547][102]LogWindows: Could not start CrashReportClient.exe
[2018.07.07-12.26.11:547][102]LogMemory: Platform Memory Stats for Windows
[2018.07.07-12.26.11:547][102]LogMemory: Process Physical Memory: 3130.12 MB used, 3265.68 MB peak
[2018.07.07-12.26.11:547][102]LogMemory: Process Virtual Memory: 3661.41 MB used, 3925.69 MB peak
[2018.07.07-12.26.11:547][102]LogMemory: Physical Memory: 9196.42 MB used,  7115.57 MB free, 16311.99 MB total
[2018.07.07-12.26.11:547][102]LogMemory: Virtual Memory: 4835.80 MB used,  7115.57 MB free, 134217728.00 MB total
[2018.07.07-12.26.11:547][102]LogWindows: Error: === Critical error: ===
[2018.07.07-12.26.11:547][102]LogWindows: Error: 
[2018.07.07-12.26.11:547][102]LogWindows: Error: Unhandled Exception: EXCEPTION_ACCESS_VIOLATION reading address 0x00000031
[2018.07.07-12.26.11:547][102]LogWindows: Error: 
[2018.07.07-12.26.11:547][102]LogWindows: Error: [Callstack] 0x0000000057244CFD ucrtbase.dll!UnknownFunction []
[2018.07.07-12.26.11:547][102]LogWindows: Error: [Callstack] 0x000000005722BD11 ucrtbase.dll!UnknownFunction []
[2018.07.07-12.26.11:547][102]LogWindows: Error: [Callstack] 0x000000005722AE8F ucrtbase.dll!UnknownFunction []
[2018.07.07-12.26.11:547][102]LogWindows: Error: [Callstack] 0x00000000226F7B88 UE4Editor-Core.dll!FString::PrintfImpl() [c:\my_code\unrealengine-release\engine\source\runtime\core\private\containers\string.cpp:1312]
[2018.07.07-12.26.11:547][102]LogWindows: Error: [Callstack] 0x00000000F9E121A1 UE4Editor-DGame-781.dll!ADGameGameModeBase::ADGameGameModeBase() [e:\ue4\dgame\source\dgame\dgamegamemodebase.cpp:28]
[2018.07.07-12.26.11:547][102]LogWindows: Error: [Callstack] 0x00000000FDD17AC9 UE4Editor-HotReload.dll!FHotReloadClassReinstancer::RecreateCDOAndSetupOldClassReinstancing() [c:\my_code\unrealengine-release\engine\source\developer\hotreload\private\hotreloadclassreinstancer.cpp:247]
[2018.07.07-12.26.11:547][102]LogWindows: Error: [Callstack] 0x00000000FDD06260 UE4Editor-HotReload.dll!FHotReloadClassReinstancer::FHotReloadClassReinstancer() [c:\my_code\unrealengine-release\engine\source\developer\hotreload\private\hotreloadclassreinstancer.cpp:322]
[2018.07.07-12.26.11:547][102]LogWindows: Error: [Callstack] 0x00000000FDD0EA8D UE4Editor-HotReload.dll!FHotReloadClassReinstancer::Create() [c:\my_code\unrealengine-release\engine\source\developer\hotreload\private\hotreloadclassreinstancer.h:120]
[2018.07.07-12.26.11:547][102]LogWindows: Error: [Callstack] 0x00000000FDD1A51D UE4Editor-HotReload.dll!FHotReloadModule::ReinstanceClass() [c:\my_code\unrealengine-release\engine\source\developer\hotreload\private\hotreload.cpp:1284]
[2018.07.07-12.26.11:547][102]LogWindows: Error: [Callstack] 0x00000000FDD1A988 UE4Editor-HotReload.dll!FHotReloadModule::ReinstanceClasses() [c:\my_code\unrealengine-release\engine\source\developer\hotreload\private\hotreload.cpp:1271]
[2018.07.07-12.26.11:547][102]LogWindows: Error: [Callstack] 0x00000000FDD123C6 UE4Editor-HotReload.dll!TBaseRawMethodDelegateInstance<0,FHotReloadModule,void __cdecl(void)>::ExecuteIfSafe() [c:\my_code\unrealengine-release\engine\source\runtime\core\public\delegates\delegateinstancesimpl.h:503]
[2018.07.07-12.26.11:547][102]LogWindows: Error: [Callstack] 0x00000000305CC301 UE4Editor-CoreUObject.dll!UClassReplaceHotReloadClasses() [c:\my_code\unrealengine-release\engine\source\runtime\coreuobject\private\uobject\uobjectbase.cpp:774]
[2018.07.07-12.26.11:547][102]LogWindows: Error: [Callstack] 0x00000000305AF1A8 UE4Editor-CoreUObject.dll!ProcessNewlyLoadedUObjects() [c:\my_code\unrealengine-release\engine\source\runtime\coreuobject\private\uobject\uobjectbase.cpp:900]
[2018.07.07-12.26.11:547][102]LogWindows: Error: [Callstack] 0x0000000030336B77 UE4Editor-CoreUObject.dll!TBaseStaticDelegateInstance<void __cdecl(void)>::ExecuteIfSafe() [c:\my_code\unrealengine-release\engine\source\runtime\core\public\delegates\delegateinstancesimpl.h:788]
[2018.07.07-12.26.11:547][102]LogWindows: Error: [Callstack] 0x00000000227C6557 UE4Editor-Core.dll!TBaseMulticastDelegate<void>::Broadcast() [c:\my_code\unrealengine-release\engine\source\runtime\core\public\delegates\delegatesignatureimpl.inl:937]
[2018.07.07-12.26.11:547][102]LogWindows: Error: [Callstack] 0x00000000228ED435 UE4Editor-Core.dll!FModuleManager::LoadModuleWithFailureReason() [c:\my_code\unrealengine-release\engine\source\runtime\core\private\modules\modulemanager.cpp:487]
[2018.07.07-12.26.11:547][102]LogWindows: Error: [Callstack] 0x00000000228EC909 UE4Editor-Core.dll!FModuleManager::LoadModule() [c:\my_code\unrealengine-release\engine\source\runtime\core\private\modules\modulemanager.cpp:341]
[2018.07.07-12.26.11:547][102]LogWindows: Error: [Callstack] 0x00000000FDD0FDBE UE4Editor-HotReload.dll!FHotReloadModule::DoHotReloadInternal() [c:\my_code\unrealengine-release\engine\source\developer\hotreload\private\hotreload.cpp:811]
[2018.07.07-12.26.11:547][102]LogWindows: Error: [Callstack] 0x00000000FDD0FADA UE4Editor-HotReload.dll!FHotReloadModule::DoHotReloadFromIDE() [c:\my_code\unrealengine-release\engine\source\developer\hotreload\private\hotreload.cpp:1542]
[2018.07.07-12.26.11:547][102]LogWindows: Error: [Callstack] 0x00000000FDD22351 UE4Editor-HotReload.dll!FHotReloadModule::Tick() [c:\my_code\unrealengine-release\engine\source\developer\hotreload\private\hotreload.cpp:1486]
[2018.07.07-12.26.11:547][102]LogWindows: Error: [Callstack] 0x000000002271AD3E UE4Editor-Core.dll!FTicker::Tick() [c:\my_code\unrealengine-release\engine\source\runtime\core\private\containers\ticker.cpp:85]
[2018.07.07-12.26.11:547][102]LogWindows: Error: [Callstack] 0x000000009CBF87E4 UE4Editor.exe!FEngineLoop::Tick() [c:\my_code\unrealengine-release\engine\source\runtime\launch\private\launchengineloop.cpp:3505]
[2018.07.07-12.26.11:547][102]LogWindows: Error: [Callstack] 0x000000009CC0601C UE4Editor.exe!GuardedMain() [c:\my_code\unrealengine-release\engine\source\runtime\launch\private\launch.cpp:166]
[2018.07.07-12.26.11:547][102]LogWindows: Error: [Callstack] 0x000000009CC0609A UE4Editor.exe!GuardedMainWrapper() [c:\my_code\unrealengine-release\engine\source\runtime\launch\private\windows\launchwindows.cpp:144]
[2018.07.07-12.26.11:547][102]LogWindows: Error: [Callstack] 0x000000009CC1404C UE4Editor.exe!WinMain() [c:\my_code\unrealengine-release\engine\source\runtime\launch\private\windows\launchwindows.cpp:223]
[2018.07.07-12.26.11:547][102]LogWindows: Error: [Callstack] 0x000000009CC15CBA UE4Editor.exe!__scrt_common_main_seh() [f:\dd\vctools\crt\vcstartup\src\startup\exe_common.inl:283]
[2018.07.07-12.26.11:547][102]LogWindows: Error: [Callstack] 0x00000000581C2774 KERNEL32.DLL!UnknownFunction []
[2018.07.07-12.26.11:547][102]LogWindows: Error: [Callstack] 0x000000005A780D51 ntdll.dll!UnknownFunction []
[2018.07.07-12.26.11:547][102]LogWindows: Error: [Callstack] 0x000000005A780D51 ntdll.dll!UnknownFunction []
[2018.07.07-12.26.11:547][102]LogWindows: Error: 
[2018.07.07-12.26.11:562][102]LogExit: Executing StaticShutdownAfterError
[2018.07.07-12.26.11:564][102]LogWindows: FPlatformMisc::RequestExit(1)
[2018.07.07-12.26.11:564][102]Log file closed, 07/07/18 20:26:11
